#
# There is insufficient memory for the Java Runtime Environment to continue.
# Native memory allocation (malloc) failed to allocate 1906736 bytes for Chunk::new
# Possible reasons:
#   The system is out of physical RAM or swap space
#   The process is running with CompressedOops enabled, and the Java Heap may be blocking the growth of the native heap
# Possible solutions:
#   Reduce memory load on the system
#   Increase physical memory or swap space
#   Check if swap backing store is full
#   Decrease Java heap size (-Xmx/-Xms)
#   Decrease number of Java threads
#   Decrease Java thread stack sizes (-Xss)
#   Set larger code cache with -XX:ReservedCodeCacheSize=
#   JVM is running with Unscaled Compressed Oops mode in which the Java heap is
#     placed in the first 4GB address space. The Java Heap base address is the
#     maximum limit for the native heap growth. Please use -XX:HeapBaseMinAddress
#     to set the Java Heap base and to place the Java Heap above 4GB virtual address.
# This output file may be truncated or incomplete.
#
#  Out of Memory Error (./src/hotspot/share/memory/arena.cpp:197), pid=14160, tid=12160
#
# JRE version: OpenJDK Runtime Environment (11.0.10) (build 11.0.10+0-b96-7249189)
# Java VM: OpenJDK 64-Bit Server VM (11.0.10+0-b96-7249189, mixed mode, tiered, compressed oops, g1 gc, windows-amd64)
# No core dump will be written. Minidumps are not enabled by default on client versions of Windows
#

---------------  S U M M A R Y ------------

Command Line: --add-opens=java.base/java.util=ALL-UNNAMED --add-opens=java.base/java.lang=ALL-UNNAMED --add-opens=java.base/java.lang.invoke=ALL-UNNAMED --add-opens=java.base/java.util=ALL-UNNAMED --add-opens=java.prefs/java.util.prefs=ALL-UNNAMED --add-opens=java.prefs/java.util.prefs=ALL-UNNAMED --add-opens=java.base/java.nio.charset=ALL-UNNAMED --add-opens=java.base/java.net=ALL-UNNAMED --add-opens=java.base/java.util.concurrent.atomic=ALL-UNNAMED -Xmx2048m -Dfile.encoding=UTF-8 -Duser.country=RU -Duser.language=ru -Duser.variant org.gradle.launcher.daemon.bootstrap.GradleDaemon 7.0.2

Host: AMD Ryzen 5 3500 6-Core Processor              , 6 cores, 15G,  Windows 10 , 64 bit Build 19041 (10.0.19041.1202)
Time: Sat Sep 25 17:24:24 2021 RTZ 2 (зима) elapsed time: 49.337308 seconds (0d 0h 0m 49s)

---------------  T H R E A D  ---------------

Current thread (0x00000292ff5c4800):  JavaThread "C2 CompilerThread0" daemon [_thread_in_native, id=12160, stack(0x0000009665100000,0x0000009665200000)]


Current CompileTask:
C2:  49337 16910 %     4       com.android.tools.r8.internal.T6::a @ 66 (6044 bytes)

Stack: [0x0000009665100000,0x0000009665200000]
Native frames: (J=compiled Java code, j=interpreted, Vv=VM code, C=native code)
V  [jvm.dll+0x5ecfaa]
V  [jvm.dll+0x722bd5]
V  [jvm.dll+0x72412d]
V  [jvm.dll+0x7247e3]
V  [jvm.dll+0x242928]
V  [jvm.dll+0xbc4fc]
V  [jvm.dll+0xbca0c]
V  [jvm.dll+0x352d7d]
V  [jvm.dll+0x19800c]
V  [jvm.dll+0x1fb70e]
V  [jvm.dll+0x1fa7f4]
V  [jvm.dll+0x18354c]
V  [jvm.dll+0x208ee7]
V  [jvm.dll+0x207731]
V  [jvm.dll+0x6eb1cf]
V  [jvm.dll+0x6e3d45]
V  [jvm.dll+0x5ebe96]
C  [ucrtbase.dll+0x21bb2]
C  [KERNEL32.DLL+0x17034]
C  [ntdll.dll+0x52651]


---------------  P R O C E S S  ---------------

Threads class SMR info:
_java_thread_list=0x000002929702e6a0, length=63, elements={
0x00000292f9ccd800, 0x00000292fed2c000, 0x00000292fed2d000, 0x00000292ff57b000,
0x00000292ff57c800, 0x00000292ff57d800, 0x00000292ff5c4800, 0x00000292ff5cc800,
0x00000292ff5d7800, 0x00000292ff73d000, 0x000002929767a800, 0x000002929712c800,
0x00000292ff88e000, 0x00000292970b0000, 0x0000029295d2b800, 0x0000029296c16000,
0x0000029296a4e000, 0x0000029296ed7000, 0x0000029296c5f000, 0x0000029297485800,
0x0000029297481800, 0x0000029297486800, 0x0000029297483000, 0x0000029297487000,
0x0000029297484000, 0x0000029297488000, 0x0000029297482800, 0x0000029297485000,
0x00000292982ca800, 0x00000292982c6800, 0x00000292982c6000, 0x00000292982c9000,
0x00000292982cc800, 0x00000292982c8800, 0x00000292982c7800, 0x00000292982ce000,
0x00000292982cf000, 0x00000292982ca000, 0x00000292982d2000, 0x00000292982d3800,
0x00000292982d4800, 0x00000292982d3000, 0x00000292982cf800, 0x00000292982d1800,
0x00000292982d0800, 0x0000029297a77800, 0x0000029297a7c800, 0x0000029297a79000,
0x0000029297a7b000, 0x0000029297a7a000, 0x0000029297a7b800, 0x0000029297a76800,
0x0000029297a81800, 0x0000029297a82000, 0x0000029297a7f800, 0x0000029297a7d000,
0x0000029297a7e000, 0x0000029297a78800, 0x0000029297a83000, 0x0000029297a7f000,
0x0000029297a84800, 0x000002929ed04800, 0x000002929a050000
}

Java Threads: ( => current thread )
  0x00000292f9ccd800 JavaThread "main" [_thread_blocked, id=9232, stack(0x0000009664500000,0x0000009664600000)]
  0x00000292fed2c000 JavaThread "Reference Handler" daemon [_thread_blocked, id=16596, stack(0x0000009664c00000,0x0000009664d00000)]
  0x00000292fed2d000 JavaThread "Finalizer" daemon [_thread_blocked, id=5088, stack(0x0000009664d00000,0x0000009664e00000)]
  0x00000292ff57b000 JavaThread "Signal Dispatcher" daemon [_thread_blocked, id=16584, stack(0x0000009664e00000,0x0000009664f00000)]
  0x00000292ff57c800 JavaThread "Attach Listener" daemon [_thread_blocked, id=9140, stack(0x0000009664f00000,0x0000009665000000)]
  0x00000292ff57d800 JavaThread "Service Thread" daemon [_thread_blocked, id=5604, stack(0x0000009665000000,0x0000009665100000)]
=>0x00000292ff5c4800 JavaThread "C2 CompilerThread0" daemon [_thread_in_native, id=12160, stack(0x0000009665100000,0x0000009665200000)]
  0x00000292ff5cc800 JavaThread "C1 CompilerThread0" daemon [_thread_blocked, id=7764, stack(0x0000009665200000,0x0000009665300000)]
  0x00000292ff5d7800 JavaThread "Sweeper thread" daemon [_thread_blocked, id=14764, stack(0x0000009665300000,0x0000009665400000)]
  0x00000292ff73d000 JavaThread "Common-Cleaner" daemon [_thread_blocked, id=16772, stack(0x0000009665400000,0x0000009665500000)]
  0x000002929767a800 JavaThread "Daemon health stats" [_thread_blocked, id=11696, stack(0x0000009665c00000,0x0000009665d00000)]
  0x000002929712c800 JavaThread "Incoming local TCP Connector on port 61107" [_thread_in_native, id=1292, stack(0x0000009665600000,0x0000009665700000)]
  0x00000292ff88e000 JavaThread "Daemon periodic checks" [_thread_blocked, id=10368, stack(0x0000009665d00000,0x0000009665e00000)]
  0x00000292970b0000 JavaThread "Daemon" [_thread_blocked, id=8500, stack(0x0000009665e00000,0x0000009665f00000)]
  0x0000029295d2b800 JavaThread "Handler for socket connection from /127.0.0.1:61107 to /127.0.0.1:61108" [_thread_in_native, id=9112, stack(0x0000009665f00000,0x0000009666000000)]
  0x0000029296c16000 JavaThread "Cancel handler" [_thread_blocked, id=2264, stack(0x0000009666100000,0x0000009666200000)]
  0x0000029296a4e000 JavaThread "Daemon worker" [_thread_blocked, id=16740, stack(0x0000009666200000,0x0000009666300000)]
  0x0000029296ed7000 JavaThread "Asynchronous log dispatcher for DefaultDaemonConnection: socket connection from /127.0.0.1:61107 to /127.0.0.1:61108" [_thread_blocked, id=5176, stack(0x0000009666300000,0x0000009666400000)]
  0x0000029296c5f000 JavaThread "Stdin handler" [_thread_blocked, id=3664, stack(0x0000009666400000,0x0000009666500000)]
  0x0000029297485800 JavaThread "Daemon client event forwarder" [_thread_blocked, id=16544, stack(0x0000009666500000,0x0000009666600000)]
  0x0000029297481800 JavaThread "Cache worker for file hash cache (C:\Users\Ilyich\.gradle\caches\7.0.2\fileHashes)" [_thread_blocked, id=17152, stack(0x0000009666600000,0x0000009666700000)]
  0x0000029297486800 JavaThread "File lock request listener" [_thread_in_native, id=16708, stack(0x0000009666700000,0x0000009666800000)]
  0x0000029297483000 JavaThread "Cache worker for journal cache (C:\Users\Ilyich\.gradle\caches\journal-1)" [_thread_blocked, id=3280, stack(0x0000009666900000,0x0000009666a00000)]
  0x0000029297487000 JavaThread "Cache worker for file hash cache (D:\Mobile Projects\Project1\.gradle\7.0.2\fileHashes)" [_thread_blocked, id=11712, stack(0x0000009666a00000,0x0000009666b00000)]
  0x0000029297484000 JavaThread "File watcher server" daemon [_thread_in_native, id=10580, stack(0x0000009666b00000,0x0000009666c00000)]
  0x0000029297488000 JavaThread "File watcher consumer" daemon [_thread_blocked, id=10876, stack(0x0000009666c00000,0x0000009666d00000)]
  0x0000029297482800 JavaThread "Cache worker for checksums cache (D:\Mobile Projects\Project1\.gradle\checksums)" [_thread_blocked, id=5564, stack(0x0000009666d00000,0x0000009666e00000)]
  0x0000029297485000 JavaThread "Cache worker for cache directory md-supplier (C:\Users\Ilyich\.gradle\caches\7.0.2\md-supplier)" [_thread_blocked, id=1448, stack(0x0000009666e00000,0x0000009666f00000)]
  0x00000292982ca800 JavaThread "Cache worker for cache directory md-rule (C:\Users\Ilyich\.gradle\caches\7.0.2\md-rule)" [_thread_blocked, id=12104, stack(0x0000009666f00000,0x0000009667000000)]
  0x00000292982c6800 JavaThread "Cache worker for execution history cache (C:\Users\Ilyich\.gradle\caches\7.0.2\executionHistory)" [_thread_blocked, id=11900, stack(0x0000009667000000,0x0000009667100000)]
  0x00000292982c6000 JavaThread "jar transforms" [_thread_blocked, id=13000, stack(0x0000009667100000,0x0000009667200000)]
  0x00000292982c9000 JavaThread "jar transforms Thread 2" [_thread_blocked, id=16264, stack(0x0000009667200000,0x0000009667300000)]
  0x00000292982cc800 JavaThread "Cache worker for file content cache (C:\Users\Ilyich\.gradle\caches\7.0.2\fileContent)" [_thread_blocked, id=2476, stack(0x0000009667300000,0x0000009667400000)]
  0x00000292982c8800 JavaThread "Cache worker for dependencies-accessors (D:\Mobile Projects\Project1\.gradle\7.0.2\dependencies-accessors)" [_thread_blocked, id=6844, stack(0x0000009667400000,0x0000009667500000)]
  0x00000292982c7800 JavaThread "jar transforms Thread 3" [_thread_blocked, id=14872, stack(0x0000009667500000,0x0000009667600000)]
  0x00000292982ce000 JavaThread "Cache worker for Build Output Cleanup Cache (D:\Mobile Projects\Project1\.gradle\buildOutputCleanup)" [_thread_blocked, id=2964, stack(0x0000009667600000,0x0000009667700000)]
  0x00000292982cf000 JavaThread "Build operations" [_thread_blocked, id=16692, stack(0x0000009666000000,0x0000009666100000)]
  0x00000292982ca000 JavaThread "Build operations Thread 2" [_thread_blocked, id=15880, stack(0x0000009667700000,0x0000009667800000)]
  0x00000292982d2000 JavaThread "Build operations Thread 3" [_thread_blocked, id=11104, stack(0x0000009667800000,0x0000009667900000)]
  0x00000292982d3800 JavaThread "Build operations Thread 4" [_thread_blocked, id=2108, stack(0x0000009667900000,0x0000009667a00000)]
  0x00000292982d4800 JavaThread "Build operations Thread 5" [_thread_in_vm, id=6580, stack(0x0000009667a00000,0x0000009667b00000)]
  0x00000292982d3000 JavaThread "Build operations Thread 6" [_thread_blocked, id=16420, stack(0x0000009667b00000,0x0000009667c00000)]
  0x00000292982cf800 JavaThread "jar transforms Thread 4" [_thread_blocked, id=15340, stack(0x0000009667c00000,0x0000009667d00000)]
  0x00000292982d1800 JavaThread "jar transforms Thread 5" [_thread_blocked, id=11320, stack(0x0000009667d00000,0x0000009667e00000)]
  0x00000292982d0800 JavaThread "jar transforms Thread 6" [_thread_blocked, id=540, stack(0x0000009667e00000,0x0000009667f00000)]
  0x0000029297a77800 JavaThread "Memory manager" [_thread_blocked, id=2616, stack(0x0000009668000000,0x0000009668100000)]
  0x0000029297a7c800 JavaThread "build event listener" [_thread_blocked, id=15116, stack(0x0000009668400000,0x0000009668500000)]
  0x0000029297a79000 JavaThread "Execution worker for ':'" [_thread_blocked, id=5104, stack(0x0000009668500000,0x0000009668600000)]
  0x0000029297a7b000 JavaThread "Execution worker for ':' Thread 2" [_thread_blocked, id=6088, stack(0x0000009668600000,0x0000009668700000)]
  0x0000029297a7a000 JavaThread "Execution worker for ':' Thread 3" [_thread_blocked, id=12244, stack(0x0000009668700000,0x0000009668800000)]
  0x0000029297a7b800 JavaThread "Execution worker for ':' Thread 4" [_thread_blocked, id=15100, stack(0x0000009668800000,0x0000009668900000)]
  0x0000029297a76800 JavaThread "Execution worker for ':' Thread 5" [_thread_blocked, id=15160, stack(0x0000009668900000,0x0000009668a00000)]
  0x0000029297a81800 JavaThread "Cache worker for execution history cache (D:\Mobile Projects\Project1\.gradle\7.0.2\executionHistory)" [_thread_blocked, id=15152, stack(0x0000009668a00000,0x0000009668b00000)]
  0x0000029297a82000 JavaThread "WorkerExecutor Queue" [_thread_blocked, id=15164, stack(0x0000009668b00000,0x0000009668c00000)]
  0x0000029297a7f800 JavaThread "WorkerExecutor Queue Thread 2" [_thread_blocked, id=7572, stack(0x0000009668c00000,0x0000009668d00000)]
  0x0000029297a7d000 JavaThread "WorkerExecutor Queue Thread 3" [_thread_blocked, id=13608, stack(0x0000009668300000,0x0000009668400000)]
  0x0000029297a7e000 JavaThread "WorkerExecutor Queue Thread 4" [_thread_blocked, id=12340, stack(0x0000009669000000,0x0000009669100000)]
  0x0000029297a78800 JavaThread "WorkerExecutor Queue Thread 5" [_thread_blocked, id=13508, stack(0x0000009669100000,0x0000009669200000)]
  0x0000029297a83000 JavaThread "WorkerExecutor Queue Thread 6" [_thread_blocked, id=9684, stack(0x0000009669200000,0x0000009669300000)]
  0x0000029297a7f000 JavaThread "pool-4-thread-1" [_thread_blocked, id=12200, stack(0x0000009668200000,0x0000009668300000)]
  0x0000029297a84800 JavaThread "stderr" [_thread_in_native, id=5868, stack(0x0000009669400000,0x0000009669500000)]
  0x000002929ed04800 JavaThread "stdout" [_thread_in_native, id=2372, stack(0x0000009669500000,0x0000009669600000)]
  0x000002929a050000 JavaThread "C2 CompilerThread1" daemon [_thread_in_native, id=2740, stack(0x0000009669600000,0x0000009669700000)]

Other Threads:
  0x00000292fed27000 VMThread "VM Thread" [stack: 0x0000009664b00000,0x0000009664c00000] [id=1900]
  0x00000292ff765800 WatcherThread [stack: 0x0000009665500000,0x0000009665600000] [id=10936]
  0x00000292f9ce5000 GCTaskThread "GC Thread#0" [stack: 0x0000009664600000,0x0000009664700000] [id=16932]
  0x0000029295ace800 GCTaskThread "GC Thread#1" [stack: 0x0000009665700000,0x0000009665800000] [id=7576]
  0x0000029295970800 GCTaskThread "GC Thread#2" [stack: 0x0000009665800000,0x0000009665900000] [id=3972]
  0x00000292958ef000 GCTaskThread "GC Thread#3" [stack: 0x0000009665900000,0x0000009665a00000] [id=11576]
  0x0000029295782000 GCTaskThread "GC Thread#4" [stack: 0x0000009665a00000,0x0000009665b00000] [id=4292]
  0x0000029295783000 GCTaskThread "GC Thread#5" [stack: 0x0000009665b00000,0x0000009665c00000] [id=13272]
  0x00000292f9d17000 ConcurrentGCThread "G1 Main Marker" [stack: 0x0000009664700000,0x0000009664800000] [id=11360]
  0x00000292f9d18800 ConcurrentGCThread "G1 Conc#0" [stack: 0x0000009664800000,0x0000009664900000] [id=1888]
  0x0000029296033000 ConcurrentGCThread "G1 Conc#1" [stack: 0x0000009666800000,0x0000009666900000] [id=9620]
  0x00000292feb9d000 ConcurrentGCThread "G1 Refine#0" [stack: 0x0000009664900000,0x0000009664a00000] [id=6776]
  0x0000029295299000 ConcurrentGCThread "G1 Refine#1" [stack: 0x0000009668d00000,0x0000009668e00000] [id=3992]
  0x000002929a702000 ConcurrentGCThread "G1 Refine#2" [stack: 0x0000009668e00000,0x0000009668f00000] [id=9012]
  0x0000029295eb4000 ConcurrentGCThread "G1 Refine#3" [stack: 0x0000009668f00000,0x0000009669000000] [id=16576]
  0x00000292feb9e000 ConcurrentGCThread "G1 Young RemSet Sampling" [stack: 0x0000009664a00000,0x0000009664b00000] [id=1276]

Threads with active compile tasks:
C2 CompilerThread0  49372 16910 %     4       com.android.tools.r8.internal.T6::a @ 66 (6044 bytes)
C2 CompilerThread1  49372 16913       4       com.android.tools.r8.internal.T6::a (4191 bytes)

VM state:not at safepoint (normal execution)

VM Mutex/Monitor currently owned by a thread: None

Heap address: 0x0000000080000000, size: 2048 MB, Compressed Oops mode: 32-bit
Narrow klass base: 0x0000000000000000, Narrow klass shift: 3
Compressed class space size: 1073741824 Address: 0x0000000100000000

Heap:
 garbage-first heap   total 262144K, used 162729K [0x0000000080000000, 0x0000000100000000)
  region size 1024K, 66 young (67584K), 16 survivors (16384K)
 Metaspace       used 112889K, capacity 115624K, committed 115840K, reserved 1150976K
  class space    used 14126K, capacity 15163K, committed 15232K, reserved 1048576K
Heap Regions: E=young(eden), S=young(survivor), O=old, HS=humongous(starts), HC=humongous(continues), CS=collection set, F=free, A=archive, TAMS=top-at-mark-start (previous, next)
|   0|0x0000000080000000, 0x0000000080100000, 0x0000000080100000|100%| O|  |TAMS 0x0000000080100000, 0x0000000080000000| Untracked 
|   1|0x0000000080100000, 0x0000000080200000, 0x0000000080200000|100%| O|  |TAMS 0x0000000080200000, 0x0000000080100000| Untracked 
|   2|0x0000000080200000, 0x0000000080300000, 0x0000000080300000|100%| O|  |TAMS 0x0000000080300000, 0x0000000080200000| Untracked 
|   3|0x0000000080300000, 0x0000000080400000, 0x0000000080400000|100%|HS|  |TAMS 0x0000000080400000, 0x0000000080300000| Complete 
|   4|0x0000000080400000, 0x0000000080500000, 0x0000000080500000|100%|HC|  |TAMS 0x0000000080500000, 0x0000000080400000| Complete 
|   5|0x0000000080500000, 0x0000000080600000, 0x0000000080600000|100%|HC|  |TAMS 0x0000000080600000, 0x0000000080500000| Complete 
|   6|0x0000000080600000, 0x0000000080700000, 0x0000000080700000|100%| O|  |TAMS 0x0000000080700000, 0x0000000080600000| Untracked 
|   7|0x0000000080700000, 0x0000000080800000, 0x0000000080800000|100%| O|  |TAMS 0x0000000080800000, 0x0000000080700000| Untracked 
|   8|0x0000000080800000, 0x0000000080900000, 0x0000000080900000|100%| O|  |TAMS 0x0000000080900000, 0x0000000080800000| Untracked 
|   9|0x0000000080900000, 0x0000000080a00000, 0x0000000080a00000|100%| O|  |TAMS 0x0000000080a00000, 0x0000000080900000| Untracked 
|  10|0x0000000080a00000, 0x0000000080b00000, 0x0000000080b00000|100%| O|  |TAMS 0x0000000080b00000, 0x0000000080a00000| Untracked 
|  11|0x0000000080b00000, 0x0000000080c00000, 0x0000000080c00000|100%| O|  |TAMS 0x0000000080c00000, 0x0000000080b00000| Untracked 
|  12|0x0000000080c00000, 0x0000000080d00000, 0x0000000080d00000|100%| O|  |TAMS 0x0000000080d00000, 0x0000000080c00000| Untracked 
|  13|0x0000000080d00000, 0x0000000080e00000, 0x0000000080e00000|100%| O|  |TAMS 0x0000000080e00000, 0x0000000080d00000| Untracked 
|  14|0x0000000080e00000, 0x0000000080f00000, 0x0000000080f00000|100%| O|  |TAMS 0x0000000080f00000, 0x0000000080e00000| Untracked 
|  15|0x0000000080f00000, 0x0000000081000000, 0x0000000081000000|100%| O|  |TAMS 0x0000000081000000, 0x0000000080f00000| Untracked 
|  16|0x0000000081000000, 0x0000000081100000, 0x0000000081100000|100%|HS|  |TAMS 0x0000000081100000, 0x0000000081000000| Complete 
|  17|0x0000000081100000, 0x0000000081200000, 0x0000000081200000|100%|HS|  |TAMS 0x0000000081200000, 0x0000000081100000| Complete 
|  18|0x0000000081200000, 0x0000000081300000, 0x0000000081300000|100%|HS|  |TAMS 0x0000000081300000, 0x0000000081200000| Complete 
|  19|0x0000000081300000, 0x0000000081400000, 0x0000000081400000|100%|HC|  |TAMS 0x0000000081400000, 0x0000000081300000| Complete 
|  20|0x0000000081400000, 0x0000000081500000, 0x0000000081500000|100%| O|  |TAMS 0x0000000081500000, 0x0000000081400000| Untracked 
|  21|0x0000000081500000, 0x0000000081600000, 0x0000000081600000|100%| O|  |TAMS 0x0000000081600000, 0x0000000081500000| Untracked 
|  22|0x0000000081600000, 0x0000000081700000, 0x0000000081700000|100%| O|  |TAMS 0x0000000081700000, 0x0000000081600000| Untracked 
|  23|0x0000000081700000, 0x0000000081800000, 0x0000000081800000|100%| O|  |TAMS 0x0000000081800000, 0x0000000081700000| Untracked 
|  24|0x0000000081800000, 0x0000000081900000, 0x0000000081900000|100%| O|  |TAMS 0x0000000081900000, 0x0000000081800000| Untracked 
|  25|0x0000000081900000, 0x0000000081a00000, 0x0000000081a00000|100%| O|  |TAMS 0x0000000081a00000, 0x0000000081900000| Untracked 
|  26|0x0000000081a00000, 0x0000000081b00000, 0x0000000081b00000|100%| O|  |TAMS 0x0000000081b00000, 0x0000000081a00000| Untracked 
|  27|0x0000000081b00000, 0x0000000081c00000, 0x0000000081c00000|100%| O|  |TAMS 0x0000000081c00000, 0x0000000081b00000| Untracked 
|  28|0x0000000081c00000, 0x0000000081d00000, 0x0000000081d00000|100%| O|  |TAMS 0x0000000081d00000, 0x0000000081c00000| Untracked 
|  29|0x0000000081d00000, 0x0000000081e00000, 0x0000000081e00000|100%| O|  |TAMS 0x0000000081e00000, 0x0000000081d00000| Untracked 
|  30|0x0000000081e00000, 0x0000000081f00000, 0x0000000081f00000|100%| O|  |TAMS 0x0000000081f00000, 0x0000000081e00000| Untracked 
|  31|0x0000000081f00000, 0x0000000082000000, 0x0000000082000000|100%| O|  |TAMS 0x0000000082000000, 0x0000000081f00000| Untracked 
|  32|0x0000000082000000, 0x0000000082100000, 0x0000000082100000|100%| O|  |TAMS 0x0000000082100000, 0x0000000082000000| Untracked 
|  33|0x0000000082100000, 0x0000000082200000, 0x0000000082200000|100%| O|  |TAMS 0x0000000082200000, 0x0000000082100000| Untracked 
|  34|0x0000000082200000, 0x0000000082300000, 0x0000000082300000|100%| O|  |TAMS 0x0000000082300000, 0x0000000082200000| Untracked 
|  35|0x0000000082300000, 0x0000000082400000, 0x0000000082400000|100%| O|  |TAMS 0x0000000082400000, 0x0000000082300000| Untracked 
|  36|0x0000000082400000, 0x0000000082500000, 0x0000000082500000|100%| O|  |TAMS 0x0000000082500000, 0x0000000082400000| Untracked 
|  37|0x0000000082500000, 0x0000000082600000, 0x0000000082600000|100%| O|  |TAMS 0x0000000082600000, 0x0000000082500000| Untracked 
|  38|0x0000000082600000, 0x0000000082700000, 0x0000000082700000|100%| O|  |TAMS 0x0000000082700000, 0x0000000082600000| Untracked 
|  39|0x0000000082700000, 0x0000000082800000, 0x0000000082800000|100%| O|  |TAMS 0x0000000082800000, 0x0000000082700000| Untracked 
|  40|0x0000000082800000, 0x0000000082900000, 0x0000000082900000|100%| O|  |TAMS 0x0000000082900000, 0x0000000082800000| Untracked 
|  41|0x0000000082900000, 0x0000000082a00000, 0x0000000082a00000|100%| O|  |TAMS 0x0000000082a00000, 0x0000000082900000| Untracked 
|  42|0x0000000082a00000, 0x0000000082b00000, 0x0000000082b00000|100%| O|  |TAMS 0x0000000082b00000, 0x0000000082a00000| Untracked 
|  43|0x0000000082b00000, 0x0000000082c00000, 0x0000000082c00000|100%| O|  |TAMS 0x0000000082c00000, 0x0000000082b00000| Untracked 
|  44|0x0000000082c00000, 0x0000000082d00000, 0x0000000082d00000|100%| O|  |TAMS 0x0000000082d00000, 0x0000000082c00000| Untracked 
|  45|0x0000000082d00000, 0x0000000082e00000, 0x0000000082e00000|100%| O|  |TAMS 0x0000000082e00000, 0x0000000082d00000| Untracked 
|  46|0x0000000082e00000, 0x0000000082f00000, 0x0000000082f00000|100%| O|  |TAMS 0x0000000082f00000, 0x0000000082e00000| Untracked 
|  47|0x0000000082f00000, 0x0000000083000000, 0x0000000083000000|100%| O|  |TAMS 0x0000000083000000, 0x0000000082f00000| Untracked 
|  48|0x0000000083000000, 0x0000000083100000, 0x0000000083100000|100%| O|  |TAMS 0x0000000083100000, 0x0000000083000000| Untracked 
|  49|0x0000000083100000, 0x0000000083200000, 0x0000000083200000|100%| O|  |TAMS 0x0000000083200000, 0x0000000083100000| Untracked 
|  50|0x0000000083200000, 0x0000000083300000, 0x0000000083300000|100%| O|  |TAMS 0x0000000083300000, 0x0000000083200000| Untracked 
|  51|0x0000000083300000, 0x0000000083400000, 0x0000000083400000|100%| O|  |TAMS 0x0000000083400000, 0x0000000083300000| Untracked 
|  52|0x0000000083400000, 0x0000000083500000, 0x0000000083500000|100%| O|  |TAMS 0x0000000083500000, 0x0000000083400000| Untracked 
|  53|0x0000000083500000, 0x0000000083600000, 0x0000000083600000|100%| O|  |TAMS 0x0000000083600000, 0x0000000083500000| Untracked 
|  54|0x0000000083600000, 0x0000000083700000, 0x0000000083700000|100%| O|  |TAMS 0x0000000083600000, 0x0000000083600000| Untracked 
|  55|0x0000000083700000, 0x0000000083800000, 0x0000000083800000|100%| O|  |TAMS 0x0000000083800000, 0x0000000083700000| Untracked 
|  56|0x0000000083800000, 0x0000000083900000, 0x0000000083900000|100%| O|  |TAMS 0x0000000083900000, 0x0000000083800000| Untracked 
|  57|0x0000000083900000, 0x0000000083a00000, 0x0000000083a00000|100%| O|  |TAMS 0x0000000083a00000, 0x0000000083900000| Untracked 
|  58|0x0000000083a00000, 0x0000000083b00000, 0x0000000083b00000|100%| O|  |TAMS 0x0000000083b00000, 0x0000000083a00000| Untracked 
|  59|0x0000000083b00000, 0x0000000083c00000, 0x0000000083c00000|100%| O|  |TAMS 0x0000000083b97400, 0x0000000083b00000| Untracked 
|  60|0x0000000083c00000, 0x0000000083d00000, 0x0000000083d00000|100%| O|  |TAMS 0x0000000083c00000, 0x0000000083c00000| Untracked 
|  61|0x0000000083d00000, 0x0000000083e00000, 0x0000000083e00000|100%| O|  |TAMS 0x0000000083d00000, 0x0000000083d00000| Untracked 
|  62|0x0000000083e00000, 0x0000000083f00000, 0x0000000083f00000|100%| O|  |TAMS 0x0000000083e00000, 0x0000000083e00000| Untracked 
|  63|0x0000000083f00000, 0x0000000084000000, 0x0000000084000000|100%| O|  |TAMS 0x0000000084000000, 0x0000000083f00000| Untracked 
|  64|0x0000000084000000, 0x0000000084100000, 0x0000000084100000|100%| O|  |TAMS 0x0000000084100000, 0x0000000084000000| Untracked 
|  65|0x0000000084100000, 0x0000000084200000, 0x0000000084200000|100%| O|  |TAMS 0x0000000084200000, 0x0000000084100000| Untracked 
|  66|0x0000000084200000, 0x0000000084300000, 0x0000000084300000|100%| O|  |TAMS 0x0000000084300000, 0x0000000084200000| Untracked 
|  67|0x0000000084300000, 0x0000000084400000, 0x0000000084400000|100%| O|  |TAMS 0x0000000084400000, 0x0000000084300000| Untracked 
|  68|0x0000000084400000, 0x0000000084500000, 0x0000000084500000|100%| O|  |TAMS 0x0000000084400000, 0x0000000084400000| Untracked 
|  69|0x0000000084500000, 0x0000000084600000, 0x0000000084600000|100%| O|  |TAMS 0x0000000084500000, 0x0000000084500000| Untracked 
|  70|0x0000000084600000, 0x0000000084700000, 0x0000000084700000|100%| O|  |TAMS 0x0000000084600000, 0x0000000084600000| Untracked 
|  71|0x0000000084700000, 0x0000000084800000, 0x0000000084800000|100%| O|  |TAMS 0x0000000084800000, 0x0000000084700000| Untracked 
|  72|0x0000000084800000, 0x0000000084900000, 0x0000000084900000|100%| O|  |TAMS 0x0000000084800000, 0x0000000084800000| Untracked 
|  73|0x0000000084900000, 0x0000000084a00000, 0x0000000084a00000|100%| O|  |TAMS 0x0000000084a00000, 0x0000000084900000| Untracked 
|  74|0x0000000084a00000, 0x0000000084b00000, 0x0000000084b00000|100%| O|  |TAMS 0x0000000084b00000, 0x0000000084a00000| Untracked 
|  75|0x0000000084b00000, 0x0000000084c00000, 0x0000000084c00000|100%| O|  |TAMS 0x0000000084c00000, 0x0000000084b00000| Untracked 
|  76|0x0000000084c00000, 0x0000000084d00000, 0x0000000084d00000|100%| O|  |TAMS 0x0000000084c00000, 0x0000000084c00000| Untracked 
|  77|0x0000000084d00000, 0x0000000084e00000, 0x0000000084e00000|100%| O|  |TAMS 0x0000000084d00000, 0x0000000084d00000| Untracked 
|  78|0x0000000084e00000, 0x0000000084f00000, 0x0000000084f00000|100%| O|  |TAMS 0x0000000084e00000, 0x0000000084e00000| Untracked 
|  79|0x0000000084f00000, 0x0000000085000000, 0x0000000085000000|100%| O|  |TAMS 0x0000000084f00000, 0x0000000084f00000| Untracked 
|  80|0x0000000085000000, 0x0000000085100000, 0x0000000085100000|100%| O|  |TAMS 0x0000000085000000, 0x0000000085000000| Untracked 
|  81|0x0000000085100000, 0x0000000085200000, 0x0000000085200000|100%| O|  |TAMS 0x0000000085100000, 0x0000000085100000| Untracked 
|  82|0x0000000085200000, 0x0000000085300000, 0x0000000085300000|100%| O|  |TAMS 0x0000000085300000, 0x0000000085200000| Untracked 
|  83|0x0000000085300000, 0x0000000085400000, 0x0000000085400000|100%| O|  |TAMS 0x0000000085400000, 0x0000000085300000| Untracked 
|  84|0x0000000085400000, 0x00000000854ea600, 0x0000000085500000| 91%| O|  |TAMS 0x0000000085400000, 0x0000000085400000| Untracked 
|  85|0x0000000085500000, 0x0000000085500000, 0x0000000085600000|  0%| F|  |TAMS 0x0000000085500000, 0x0000000085500000| Untracked 
|  86|0x0000000085600000, 0x0000000085600000, 0x0000000085700000|  0%| F|  |TAMS 0x0000000085600000, 0x0000000085600000| Untracked 
|  87|0x0000000085700000, 0x0000000085700000, 0x0000000085800000|  0%| F|  |TAMS 0x0000000085700000, 0x0000000085700000| Untracked 
|  88|0x0000000085800000, 0x0000000085800000, 0x0000000085900000|  0%| F|  |TAMS 0x0000000085800000, 0x0000000085800000| Untracked 
|  89|0x0000000085900000, 0x0000000085900000, 0x0000000085a00000|  0%| F|  |TAMS 0x0000000085900000, 0x0000000085900000| Untracked 
|  90|0x0000000085a00000, 0x0000000085a00000, 0x0000000085b00000|  0%| F|  |TAMS 0x0000000085a00000, 0x0000000085a00000| Untracked 
|  91|0x0000000085b00000, 0x0000000085b00000, 0x0000000085c00000|  0%| F|  |TAMS 0x0000000085b00000, 0x0000000085b00000| Untracked 
|  92|0x0000000085c00000, 0x0000000085c00000, 0x0000000085d00000|  0%| F|  |TAMS 0x0000000085c00000, 0x0000000085c00000| Untracked 
|  93|0x0000000085d00000, 0x0000000085d00000, 0x0000000085e00000|  0%| F|  |TAMS 0x0000000085d00000, 0x0000000085d00000| Untracked 
|  94|0x0000000085e00000, 0x0000000085e00000, 0x0000000085f00000|  0%| F|  |TAMS 0x0000000085e00000, 0x0000000085e00000| Untracked 
|  95|0x0000000085f00000, 0x0000000085f00000, 0x0000000086000000|  0%| F|  |TAMS 0x0000000085f00000, 0x0000000085f00000| Untracked 
|  96|0x0000000086000000, 0x0000000086000000, 0x0000000086100000|  0%| F|  |TAMS 0x0000000086000000, 0x0000000086000000| Untracked 
|  97|0x0000000086100000, 0x0000000086100000, 0x0000000086200000|  0%| F|  |TAMS 0x0000000086100000, 0x0000000086100000| Untracked 
|  98|0x0000000086200000, 0x0000000086200000, 0x0000000086300000|  0%| F|  |TAMS 0x0000000086200000, 0x0000000086200000| Untracked 
|  99|0x0000000086300000, 0x0000000086300000, 0x0000000086400000|  0%| F|  |TAMS 0x0000000086300000, 0x0000000086300000| Untracked 
| 100|0x0000000086400000, 0x0000000086400000, 0x0000000086500000|  0%| F|  |TAMS 0x0000000086400000, 0x0000000086400000| Untracked 
| 101|0x0000000086500000, 0x0000000086500000, 0x0000000086600000|  0%| F|  |TAMS 0x0000000086500000, 0x0000000086500000| Untracked 
| 102|0x0000000086600000, 0x0000000086600000, 0x0000000086700000|  0%| F|  |TAMS 0x0000000086600000, 0x0000000086600000| Untracked 
| 103|0x0000000086700000, 0x0000000086800000, 0x0000000086800000|100%| O|  |TAMS 0x0000000086800000, 0x0000000086700000| Untracked 
| 104|0x0000000086800000, 0x0000000086900000, 0x0000000086900000|100%| O|  |TAMS 0x0000000086900000, 0x0000000086800000| Untracked 
| 105|0x0000000086900000, 0x0000000086a00000, 0x0000000086a00000|100%| O|  |TAMS 0x0000000086a00000, 0x0000000086900000| Untracked 
| 106|0x0000000086a00000, 0x0000000086b00000, 0x0000000086b00000|100%| O|  |TAMS 0x0000000086b00000, 0x0000000086a00000| Untracked 
| 107|0x0000000086b00000, 0x0000000086c00000, 0x0000000086c00000|100%| O|  |TAMS 0x0000000086c00000, 0x0000000086b00000| Untracked 
| 108|0x0000000086c00000, 0x0000000086d00000, 0x0000000086d00000|100%| O|  |TAMS 0x0000000086d00000, 0x0000000086c00000| Untracked 
| 109|0x0000000086d00000, 0x0000000086e00000, 0x0000000086e00000|100%| O|  |TAMS 0x0000000086e00000, 0x0000000086d00000| Untracked 
| 110|0x0000000086e00000, 0x0000000086f00000, 0x0000000086f00000|100%| O|  |TAMS 0x0000000086f00000, 0x0000000086e00000| Untracked 
| 111|0x0000000086f00000, 0x0000000086f00000, 0x0000000087000000|  0%| F|  |TAMS 0x0000000086f00000, 0x0000000086f00000| Untracked 
| 112|0x0000000087000000, 0x0000000087100000, 0x0000000087100000|100%| S|CS|TAMS 0x0000000087000000, 0x0000000087000000| Complete 
| 113|0x0000000087100000, 0x0000000087200000, 0x0000000087200000|100%| S|CS|TAMS 0x0000000087100000, 0x0000000087100000| Complete 
| 114|0x0000000087200000, 0x0000000087300000, 0x0000000087300000|100%| S|CS|TAMS 0x0000000087200000, 0x0000000087200000| Complete 
| 115|0x0000000087300000, 0x0000000087400000, 0x0000000087400000|100%| S|CS|TAMS 0x0000000087300000, 0x0000000087300000| Complete 
| 116|0x0000000087400000, 0x0000000087500000, 0x0000000087500000|100%| S|CS|TAMS 0x0000000087400000, 0x0000000087400000| Complete 
| 117|0x0000000087500000, 0x0000000087600000, 0x0000000087600000|100%| S|CS|TAMS 0x0000000087500000, 0x0000000087500000| Complete 
| 118|0x0000000087600000, 0x0000000087700000, 0x0000000087700000|100%| O|  |TAMS 0x0000000087700000, 0x0000000087600000| Untracked 
| 119|0x0000000087700000, 0x0000000087800000, 0x0000000087800000|100%| S|CS|TAMS 0x0000000087700000, 0x0000000087700000| Complete 
| 120|0x0000000087800000, 0x0000000087900000, 0x0000000087900000|100%| S|CS|TAMS 0x0000000087800000, 0x0000000087800000| Complete 
| 121|0x0000000087900000, 0x0000000087a00000, 0x0000000087a00000|100%| S|CS|TAMS 0x0000000087900000, 0x0000000087900000| Complete 
| 122|0x0000000087a00000, 0x0000000087b00000, 0x0000000087b00000|100%| S|CS|TAMS 0x0000000087a00000, 0x0000000087a00000| Complete 
| 123|0x0000000087b00000, 0x0000000087b00000, 0x0000000087c00000|  0%| F|  |TAMS 0x0000000087b00000, 0x0000000087b00000| Untracked 
| 124|0x0000000087c00000, 0x0000000087c00000, 0x0000000087d00000|  0%| F|  |TAMS 0x0000000087c00000, 0x0000000087c00000| Untracked 
| 125|0x0000000087d00000, 0x0000000087d00000, 0x0000000087e00000|  0%| F|  |TAMS 0x0000000087d00000, 0x0000000087d00000| Untracked 
| 126|0x0000000087e00000, 0x0000000087e00000, 0x0000000087f00000|  0%| F|  |TAMS 0x0000000087e00000, 0x0000000087e00000| Untracked 
| 127|0x0000000087f00000, 0x0000000087f00000, 0x0000000088000000|  0%| F|  |TAMS 0x0000000087f00000, 0x0000000087f00000| Untracked 
| 128|0x0000000088000000, 0x0000000088000000, 0x0000000088100000|  0%| F|  |TAMS 0x0000000088000000, 0x0000000088000000| Untracked 
| 129|0x0000000088100000, 0x0000000088100000, 0x0000000088200000|  0%| F|  |TAMS 0x0000000088100000, 0x0000000088100000| Untracked 
| 130|0x0000000088200000, 0x0000000088200000, 0x0000000088300000|  0%| F|  |TAMS 0x0000000088200000, 0x0000000088200000| Untracked 
| 131|0x0000000088300000, 0x0000000088300000, 0x0000000088400000|  0%| F|  |TAMS 0x0000000088300000, 0x0000000088300000| Untracked 
| 132|0x0000000088400000, 0x0000000088400000, 0x0000000088500000|  0%| F|  |TAMS 0x0000000088400000, 0x0000000088400000| Untracked 
| 133|0x0000000088500000, 0x0000000088500000, 0x0000000088600000|  0%| F|  |TAMS 0x0000000088500000, 0x0000000088500000| Untracked 
| 134|0x0000000088600000, 0x0000000088600000, 0x0000000088700000|  0%| F|  |TAMS 0x0000000088600000, 0x0000000088600000| Untracked 
| 135|0x0000000088700000, 0x0000000088800000, 0x0000000088800000|100%| S|CS|TAMS 0x0000000088700000, 0x0000000088700000| Complete 
| 136|0x0000000088800000, 0x0000000088900000, 0x0000000088900000|100%| S|CS|TAMS 0x0000000088800000, 0x0000000088800000| Complete 
| 137|0x0000000088900000, 0x0000000088a00000, 0x0000000088a00000|100%| S|CS|TAMS 0x0000000088900000, 0x0000000088900000| Complete 
| 138|0x0000000088a00000, 0x0000000088b00000, 0x0000000088b00000|100%| S|CS|TAMS 0x0000000088a00000, 0x0000000088a00000| Complete 
| 139|0x0000000088b00000, 0x0000000088b00000, 0x0000000088c00000|  0%| F|  |TAMS 0x0000000088b00000, 0x0000000088b00000| Untracked 
| 140|0x0000000088c00000, 0x0000000088d00000, 0x0000000088d00000|100%| S|CS|TAMS 0x0000000088c00000, 0x0000000088c00000| Complete 
| 141|0x0000000088d00000, 0x0000000088e00000, 0x0000000088e00000|100%| S|CS|TAMS 0x0000000088d00000, 0x0000000088d00000| Complete 
| 142|0x0000000088e00000, 0x0000000088e00000, 0x0000000088f00000|  0%| F|  |TAMS 0x0000000088e00000, 0x0000000088e00000| Untracked 
| 143|0x0000000088f00000, 0x0000000088f00000, 0x0000000089000000|  0%| F|  |TAMS 0x0000000088f00000, 0x0000000088f00000| Untracked 
| 144|0x0000000089000000, 0x0000000089000000, 0x0000000089100000|  0%| F|  |TAMS 0x0000000089000000, 0x0000000089000000| Untracked 
| 145|0x0000000089100000, 0x0000000089100000, 0x0000000089200000|  0%| F|  |TAMS 0x0000000089100000, 0x0000000089100000| Untracked 
| 146|0x0000000089200000, 0x0000000089200000, 0x0000000089300000|  0%| F|  |TAMS 0x0000000089200000, 0x0000000089200000| Untracked 
| 147|0x0000000089300000, 0x0000000089300000, 0x0000000089400000|  0%| F|  |TAMS 0x0000000089300000, 0x0000000089300000| Untracked 
| 148|0x0000000089400000, 0x0000000089400000, 0x0000000089500000|  0%| F|  |TAMS 0x0000000089400000, 0x0000000089400000| Untracked 
| 149|0x0000000089500000, 0x0000000089500000, 0x0000000089600000|  0%| F|  |TAMS 0x0000000089500000, 0x0000000089500000| Untracked 
| 150|0x0000000089600000, 0x0000000089600000, 0x0000000089700000|  0%| F|  |TAMS 0x0000000089600000, 0x0000000089600000| Untracked 
| 151|0x0000000089700000, 0x0000000089700000, 0x0000000089800000|  0%| F|  |TAMS 0x0000000089700000, 0x0000000089700000| Untracked 
| 152|0x0000000089800000, 0x0000000089800000, 0x0000000089900000|  0%| F|  |TAMS 0x0000000089800000, 0x0000000089800000| Untracked 
| 153|0x0000000089900000, 0x0000000089900000, 0x0000000089a00000|  0%| F|  |TAMS 0x0000000089900000, 0x0000000089900000| Untracked 
| 154|0x0000000089a00000, 0x0000000089a00000, 0x0000000089b00000|  0%| F|  |TAMS 0x0000000089a00000, 0x0000000089a00000| Untracked 
| 155|0x0000000089b00000, 0x0000000089b00000, 0x0000000089c00000|  0%| F|  |TAMS 0x0000000089b00000, 0x0000000089b00000| Untracked 
| 156|0x0000000089c00000, 0x0000000089c00000, 0x0000000089d00000|  0%| F|  |TAMS 0x0000000089c00000, 0x0000000089c00000| Untracked 
| 157|0x0000000089d00000, 0x0000000089d00000, 0x0000000089e00000|  0%| F|  |TAMS 0x0000000089d00000, 0x0000000089d00000| Untracked 
| 158|0x0000000089e00000, 0x0000000089e00000, 0x0000000089f00000|  0%| F|  |TAMS 0x0000000089e00000, 0x0000000089e00000| Untracked 
| 159|0x0000000089f00000, 0x0000000089f00000, 0x000000008a000000|  0%| F|  |TAMS 0x0000000089f00000, 0x0000000089f00000| Untracked 
| 160|0x000000008a000000, 0x000000008a000000, 0x000000008a100000|  0%| F|  |TAMS 0x000000008a000000, 0x000000008a000000| Untracked 
| 161|0x000000008a100000, 0x000000008a100000, 0x000000008a200000|  0%| F|  |TAMS 0x000000008a100000, 0x000000008a100000| Untracked 
| 162|0x000000008a200000, 0x000000008a200000, 0x000000008a300000|  0%| F|  |TAMS 0x000000008a200000, 0x000000008a200000| Untracked 
| 163|0x000000008a300000, 0x000000008a300000, 0x000000008a400000|  0%| F|  |TAMS 0x000000008a300000, 0x000000008a300000| Untracked 
| 164|0x000000008a400000, 0x000000008a400000, 0x000000008a500000|  0%| F|  |TAMS 0x000000008a400000, 0x000000008a400000| Untracked 
| 165|0x000000008a500000, 0x000000008a500000, 0x000000008a600000|  0%| F|  |TAMS 0x000000008a500000, 0x000000008a500000| Untracked 
| 166|0x000000008a600000, 0x000000008a600000, 0x000000008a700000|  0%| F|  |TAMS 0x000000008a600000, 0x000000008a600000| Untracked 
| 167|0x000000008a700000, 0x000000008a700000, 0x000000008a800000|  0%| F|  |TAMS 0x000000008a700000, 0x000000008a700000| Untracked 
| 168|0x000000008a800000, 0x000000008a800000, 0x000000008a900000|  0%| F|  |TAMS 0x000000008a800000, 0x000000008a800000| Untracked 
| 169|0x000000008a900000, 0x000000008a900000, 0x000000008aa00000|  0%| F|  |TAMS 0x000000008a900000, 0x000000008a900000| Untracked 
| 170|0x000000008aa00000, 0x000000008aa00000, 0x000000008ab00000|  0%| F|  |TAMS 0x000000008aa00000, 0x000000008aa00000| Untracked 
| 171|0x000000008ab00000, 0x000000008ab00000, 0x000000008ac00000|  0%| F|  |TAMS 0x000000008ab00000, 0x000000008ab00000| Untracked 
| 172|0x000000008ac00000, 0x000000008ac00000, 0x000000008ad00000|  0%| F|  |TAMS 0x000000008ac00000, 0x000000008ac00000| Untracked 
| 173|0x000000008ad00000, 0x000000008ad00000, 0x000000008ae00000|  0%| F|  |TAMS 0x000000008ad00000, 0x000000008ad00000| Untracked 
| 174|0x000000008ae00000, 0x000000008ae00000, 0x000000008af00000|  0%| F|  |TAMS 0x000000008ae00000, 0x000000008ae00000| Untracked 
| 175|0x000000008af00000, 0x000000008af00000, 0x000000008b000000|  0%| F|  |TAMS 0x000000008af00000, 0x000000008af00000| Untracked 
| 176|0x000000008b000000, 0x000000008b000000, 0x000000008b100000|  0%| F|  |TAMS 0x000000008b000000, 0x000000008b000000| Untracked 
| 177|0x000000008b100000, 0x000000008b100000, 0x000000008b200000|  0%| F|  |TAMS 0x000000008b100000, 0x000000008b100000| Untracked 
| 178|0x000000008b200000, 0x000000008b200000, 0x000000008b300000|  0%| F|  |TAMS 0x000000008b200000, 0x000000008b200000| Untracked 
| 179|0x000000008b300000, 0x000000008b300000, 0x000000008b400000|  0%| F|  |TAMS 0x000000008b300000, 0x000000008b300000| Untracked 
| 180|0x000000008b400000, 0x000000008b400000, 0x000000008b500000|  0%| F|  |TAMS 0x000000008b400000, 0x000000008b400000| Untracked 
| 181|0x000000008b500000, 0x000000008b500000, 0x000000008b600000|  0%| F|  |TAMS 0x000000008b500000, 0x000000008b500000| Untracked 
| 182|0x000000008b600000, 0x000000008b600000, 0x000000008b700000|  0%| F|  |TAMS 0x000000008b600000, 0x000000008b600000| Untracked 
| 183|0x000000008b700000, 0x000000008b700000, 0x000000008b800000|  0%| F|  |TAMS 0x000000008b700000, 0x000000008b700000| Untracked 
| 184|0x000000008b800000, 0x000000008b800000, 0x000000008b900000|  0%| F|  |TAMS 0x000000008b800000, 0x000000008b800000| Untracked 
| 185|0x000000008b900000, 0x000000008b900000, 0x000000008ba00000|  0%| F|  |TAMS 0x000000008b900000, 0x000000008b900000| Untracked 
| 186|0x000000008ba00000, 0x000000008ba00000, 0x000000008bb00000|  0%| F|  |TAMS 0x000000008ba00000, 0x000000008ba00000| Untracked 
| 187|0x000000008bb00000, 0x000000008bb00000, 0x000000008bc00000|  0%| F|  |TAMS 0x000000008bb00000, 0x000000008bb00000| Untracked 
| 188|0x000000008bc00000, 0x000000008bc00000, 0x000000008bd00000|  0%| F|  |TAMS 0x000000008bc00000, 0x000000008bc00000| Untracked 
| 189|0x000000008bd00000, 0x000000008bd00000, 0x000000008be00000|  0%| F|  |TAMS 0x000000008bd00000, 0x000000008bd00000| Untracked 
| 190|0x000000008be00000, 0x000000008be00000, 0x000000008bf00000|  0%| F|  |TAMS 0x000000008be00000, 0x000000008be00000| Untracked 
| 191|0x000000008bf00000, 0x000000008bf00000, 0x000000008c000000|  0%| F|  |TAMS 0x000000008bf00000, 0x000000008bf00000| Untracked 
| 192|0x000000008c000000, 0x000000008c000000, 0x000000008c100000|  0%| F|  |TAMS 0x000000008c000000, 0x000000008c000000| Untracked 
| 193|0x000000008c100000, 0x000000008c100000, 0x000000008c200000|  0%| F|  |TAMS 0x000000008c100000, 0x000000008c100000| Untracked 
| 194|0x000000008c200000, 0x000000008c200000, 0x000000008c300000|  0%| F|  |TAMS 0x000000008c200000, 0x000000008c200000| Untracked 
| 195|0x000000008c300000, 0x000000008c300000, 0x000000008c400000|  0%| F|  |TAMS 0x000000008c300000, 0x000000008c300000| Untracked 
| 196|0x000000008c400000, 0x000000008c400000, 0x000000008c500000|  0%| F|  |TAMS 0x000000008c400000, 0x000000008c400000| Untracked 
| 197|0x000000008c500000, 0x000000008c500000, 0x000000008c600000|  0%| F|  |TAMS 0x000000008c500000, 0x000000008c500000| Untracked 
| 198|0x000000008c600000, 0x000000008c600000, 0x000000008c700000|  0%| F|  |TAMS 0x000000008c600000, 0x000000008c600000| Untracked 
| 199|0x000000008c700000, 0x000000008c700000, 0x000000008c800000|  0%| F|  |TAMS 0x000000008c700000, 0x000000008c700000| Untracked 
| 200|0x000000008c800000, 0x000000008c800000, 0x000000008c900000|  0%| F|  |TAMS 0x000000008c800000, 0x000000008c800000| Untracked 
| 201|0x000000008c900000, 0x000000008c900000, 0x000000008ca00000|  0%| F|  |TAMS 0x000000008c900000, 0x000000008c900000| Untracked 
| 202|0x000000008ca00000, 0x000000008ca00000, 0x000000008cb00000|  0%| F|  |TAMS 0x000000008ca00000, 0x000000008ca00000| Untracked 
| 203|0x000000008cb00000, 0x000000008cb00000, 0x000000008cc00000|  0%| F|  |TAMS 0x000000008cb00000, 0x000000008cb00000| Untracked 
| 204|0x000000008cc00000, 0x000000008cc00000, 0x000000008cd00000|  0%| F|  |TAMS 0x000000008cc00000, 0x000000008cc00000| Untracked 
| 205|0x000000008cd00000, 0x000000008cd00000, 0x000000008ce00000|  0%| F|  |TAMS 0x000000008cd00000, 0x000000008cd00000| Untracked 
| 206|0x000000008ce00000, 0x000000008ce77340, 0x000000008cf00000| 46%| E|  |TAMS 0x000000008ce00000, 0x000000008ce00000| Complete 
| 207|0x000000008cf00000, 0x000000008d000000, 0x000000008d000000|100%| E|CS|TAMS 0x000000008cf00000, 0x000000008cf00000| Complete 
| 208|0x000000008d000000, 0x000000008d100000, 0x000000008d100000|100%| E|CS|TAMS 0x000000008d000000, 0x000000008d000000| Complete 
| 209|0x000000008d100000, 0x000000008d200000, 0x000000008d200000|100%| E|CS|TAMS 0x000000008d100000, 0x000000008d100000| Complete 
| 210|0x000000008d200000, 0x000000008d300000, 0x000000008d300000|100%| E|CS|TAMS 0x000000008d200000, 0x000000008d200000| Complete 
| 211|0x000000008d300000, 0x000000008d400000, 0x000000008d400000|100%| E|CS|TAMS 0x000000008d300000, 0x000000008d300000| Complete 
| 212|0x000000008d400000, 0x000000008d500000, 0x000000008d500000|100%| E|CS|TAMS 0x000000008d400000, 0x000000008d400000| Complete 
| 213|0x000000008d500000, 0x000000008d600000, 0x000000008d600000|100%| E|CS|TAMS 0x000000008d500000, 0x000000008d500000| Complete 
| 214|0x000000008d600000, 0x000000008d700000, 0x000000008d700000|100%| E|CS|TAMS 0x000000008d600000, 0x000000008d600000| Complete 
| 215|0x000000008d700000, 0x000000008d800000, 0x000000008d800000|100%| E|CS|TAMS 0x000000008d700000, 0x000000008d700000| Complete 
| 216|0x000000008d800000, 0x000000008d900000, 0x000000008d900000|100%| E|CS|TAMS 0x000000008d800000, 0x000000008d800000| Complete 
| 217|0x000000008d900000, 0x000000008da00000, 0x000000008da00000|100%| E|CS|TAMS 0x000000008d900000, 0x000000008d900000| Complete 
| 218|0x000000008da00000, 0x000000008db00000, 0x000000008db00000|100%| E|CS|TAMS 0x000000008da00000, 0x000000008da00000| Complete 
| 219|0x000000008db00000, 0x000000008dc00000, 0x000000008dc00000|100%| E|CS|TAMS 0x000000008db00000, 0x000000008db00000| Complete 
| 220|0x000000008dc00000, 0x000000008dd00000, 0x000000008dd00000|100%| E|CS|TAMS 0x000000008dc00000, 0x000000008dc00000| Complete 
| 221|0x000000008dd00000, 0x000000008de00000, 0x000000008de00000|100%| E|CS|TAMS 0x000000008dd00000, 0x000000008dd00000| Complete 
| 222|0x000000008de00000, 0x000000008df00000, 0x000000008df00000|100%| E|CS|TAMS 0x000000008de00000, 0x000000008de00000| Complete 
| 223|0x000000008df00000, 0x000000008e000000, 0x000000008e000000|100%| E|CS|TAMS 0x000000008df00000, 0x000000008df00000| Complete 
| 224|0x000000008e000000, 0x000000008e100000, 0x000000008e100000|100%| E|CS|TAMS 0x000000008e000000, 0x000000008e000000| Complete 
| 225|0x000000008e100000, 0x000000008e200000, 0x000000008e200000|100%| E|CS|TAMS 0x000000008e100000, 0x000000008e100000| Complete 
| 226|0x000000008e200000, 0x000000008e300000, 0x000000008e300000|100%| E|CS|TAMS 0x000000008e200000, 0x000000008e200000| Complete 
| 227|0x000000008e300000, 0x000000008e400000, 0x000000008e400000|100%| E|CS|TAMS 0x000000008e300000, 0x000000008e300000| Complete 
| 228|0x000000008e400000, 0x000000008e500000, 0x000000008e500000|100%| E|CS|TAMS 0x000000008e400000, 0x000000008e400000| Complete 
| 229|0x000000008e500000, 0x000000008e600000, 0x000000008e600000|100%| E|CS|TAMS 0x000000008e500000, 0x000000008e500000| Complete 
| 230|0x000000008e600000, 0x000000008e700000, 0x000000008e700000|100%| E|CS|TAMS 0x000000008e600000, 0x000000008e600000| Complete 
| 231|0x000000008e700000, 0x000000008e800000, 0x000000008e800000|100%| E|CS|TAMS 0x000000008e700000, 0x000000008e700000| Complete 
| 232|0x000000008e800000, 0x000000008e900000, 0x000000008e900000|100%| E|CS|TAMS 0x000000008e800000, 0x000000008e800000| Complete 
| 233|0x000000008e900000, 0x000000008ea00000, 0x000000008ea00000|100%| E|CS|TAMS 0x000000008e900000, 0x000000008e900000| Complete 
| 234|0x000000008ea00000, 0x000000008eb00000, 0x000000008eb00000|100%| E|CS|TAMS 0x000000008ea00000, 0x000000008ea00000| Complete 
| 235|0x000000008eb00000, 0x000000008ec00000, 0x000000008ec00000|100%| E|CS|TAMS 0x000000008eb00000, 0x000000008eb00000| Complete 
| 236|0x000000008ec00000, 0x000000008ed00000, 0x000000008ed00000|100%| E|CS|TAMS 0x000000008ec00000, 0x000000008ec00000| Complete 
| 237|0x000000008ed00000, 0x000000008ee00000, 0x000000008ee00000|100%| E|CS|TAMS 0x000000008ed00000, 0x000000008ed00000| Complete 
| 238|0x000000008ee00000, 0x000000008ef00000, 0x000000008ef00000|100%| E|CS|TAMS 0x000000008ee00000, 0x000000008ee00000| Complete 
| 239|0x000000008ef00000, 0x000000008f000000, 0x000000008f000000|100%| E|CS|TAMS 0x000000008ef00000, 0x000000008ef00000| Complete 
| 240|0x000000008f000000, 0x000000008f100000, 0x000000008f100000|100%| E|CS|TAMS 0x000000008f000000, 0x000000008f000000| Complete 
| 241|0x000000008f100000, 0x000000008f200000, 0x000000008f200000|100%| E|CS|TAMS 0x000000008f100000, 0x000000008f100000| Complete 
| 242|0x000000008f200000, 0x000000008f300000, 0x000000008f300000|100%| E|CS|TAMS 0x000000008f200000, 0x000000008f200000| Complete 
| 243|0x000000008f300000, 0x000000008f400000, 0x000000008f400000|100%| E|CS|TAMS 0x000000008f300000, 0x000000008f300000| Complete 
| 244|0x000000008f400000, 0x000000008f500000, 0x000000008f500000|100%| E|CS|TAMS 0x000000008f400000, 0x000000008f400000| Complete 
| 245|0x000000008f500000, 0x000000008f600000, 0x000000008f600000|100%| E|CS|TAMS 0x000000008f500000, 0x000000008f500000| Complete 
| 246|0x000000008f600000, 0x000000008f700000, 0x000000008f700000|100%| E|CS|TAMS 0x000000008f600000, 0x000000008f600000| Complete 
| 247|0x000000008f700000, 0x000000008f800000, 0x000000008f800000|100%| E|CS|TAMS 0x000000008f700000, 0x000000008f700000| Complete 
| 248|0x000000008f800000, 0x000000008f900000, 0x000000008f900000|100%| E|CS|TAMS 0x000000008f800000, 0x000000008f800000| Complete 
| 249|0x000000008f900000, 0x000000008fa00000, 0x000000008fa00000|100%| E|CS|TAMS 0x000000008f900000, 0x000000008f900000| Complete 
| 250|0x000000008fa00000, 0x000000008fb00000, 0x000000008fb00000|100%| E|CS|TAMS 0x000000008fa00000, 0x000000008fa00000| Complete 
| 251|0x000000008fb00000, 0x000000008fc00000, 0x000000008fc00000|100%| E|CS|TAMS 0x000000008fb00000, 0x000000008fb00000| Complete 
| 252|0x000000008fc00000, 0x000000008fd00000, 0x000000008fd00000|100%| E|CS|TAMS 0x000000008fc00000, 0x000000008fc00000| Complete 
| 253|0x000000008fd00000, 0x000000008fe00000, 0x000000008fe00000|100%| E|CS|TAMS 0x000000008fd00000, 0x000000008fd00000| Complete 
| 254|0x000000008fe00000, 0x000000008ff00000, 0x000000008ff00000|100%| E|CS|TAMS 0x000000008fe00000, 0x000000008fe00000| Complete 
| 255|0x000000008ff00000, 0x0000000090000000, 0x0000000090000000|100%| E|CS|TAMS 0x000000008ff00000, 0x000000008ff00000| Complete 

Card table byte_map: [0x00000292fdcd0000,0x00000292fe0d0000] _byte_map_base: 0x00000292fd8d0000

Marking Bits (Prev, Next): (CMBitMap*) 0x00000292f9d0e240, (CMBitMap*) 0x00000292f9d0e208
 Prev Bits: [0x0000029291000000, 0x0000029293000000)
 Next Bits: [0x000002928f000000, 0x0000029291000000)

Polling page: 0x00000292f7b20000

Metaspace:

Usage:
  Non-class:     98.17 MB capacity,    96.51 MB ( 98%) used,     1.34 MB (  1%) free+waste,   325.31 KB ( <1%) overhead. 
      Class:     14.81 MB capacity,    13.82 MB ( 93%) used,   866.38 KB (  6%) free+waste,   145.81 KB ( <1%) overhead. 
       Both:    112.98 MB capacity,   110.33 MB ( 98%) used,     2.19 MB (  2%) free+waste,   471.13 KB ( <1%) overhead. 

Virtual space:
  Non-class space:      100.00 MB reserved,      98.25 MB ( 98%) committed 
      Class space:        1.00 GB reserved,      14.88 MB (  1%) committed 
             Both:        1.10 GB reserved,     113.13 MB ( 10%) committed 

Chunk freelists:
   Non-Class:  17.00 KB
       Class:  4.00 KB
        Both:  21.00 KB

MaxMetaspaceSize: 17179869184.00 GB
CompressedClassSpaceSize: 1.00 GB

CodeHeap 'non-profiled nmethods': size=120064Kb used=10819Kb max_used=10819Kb free=109245Kb
 bounds [0x0000029287ac0000, 0x0000029288560000, 0x000002928f000000]
CodeHeap 'profiled nmethods': size=120000Kb used=36988Kb max_used=36988Kb free=83011Kb
 bounds [0x0000029280590000, 0x00000292829c0000, 0x0000029287ac0000]
CodeHeap 'non-nmethods': size=5696Kb used=2343Kb max_used=2376Kb free=3352Kb
 bounds [0x0000029280000000, 0x0000029280270000, 0x0000029280590000]
 total_blobs=17009 nmethods=16039 adapters=881
 compilation: enabled
              stopped_count=0, restarted_count=0
 full_count=0

Compilation events (20 events):
Event: 49.259 Thread 0x00000292ff5cc800 16945       1       com.android.tools.r8.internal.jw::b (2 bytes)
Event: 49.259 Thread 0x00000292ff5cc800 nmethod 16945 0x0000029288550110 code [0x00000292885502c0, 0x0000029288550378]
Event: 49.259 Thread 0x00000292ff5cc800 16946       1       com.android.tools.r8.graph.V::O (5 bytes)
Event: 49.259 Thread 0x00000292ff5cc800 nmethod 16946 0x0000029288550410 code [0x00000292885505c0, 0x0000029288550678]
Event: 49.259 Thread 0x00000292ff5cc800 16944       2       com.android.tools.r8.graph.z::J0 (13 bytes)
Event: 49.260 Thread 0x00000292ff5cc800 nmethod 16944 0x00000292829b8510 code [0x00000292829b86c0, 0x00000292829b87d8]
Event: 49.263 Thread 0x00000292ff5cc800 16947       2       com.android.tools.r8.internal.Ij::hasNext (217 bytes)
Event: 49.264 Thread 0x00000292ff5cc800 nmethod 16947 0x00000292829b8890 code [0x00000292829b8b00, 0x00000292829b9488]
Event: 49.269 Thread 0x00000292ff5cc800 16948       2       java.lang.invoke.InvokerBytecodeGenerator::constantPlaceholder (97 bytes)
Event: 49.269 Thread 0x00000292ff5cc800 nmethod 16948 0x00000292829b9790 code [0x00000292829b99e0, 0x00000292829ba098]
Event: 49.270 Thread 0x00000292ff5cc800 16949       2       com.android.tools.r8.internal.ht$$Lambda$1256/0x0000000100e85040::apply (16 bytes)
Event: 49.270 Thread 0x00000292ff5cc800 nmethod 16949 0x00000292829ba490 code [0x00000292829ba640, 0x00000292829ba7c8]
Event: 49.270 Thread 0x00000292ff5cc800 16950       1       com.android.tools.r8.internal.s4::v (2 bytes)
Event: 49.270 Thread 0x00000292ff5cc800 nmethod 16950 0x0000029288550710 code [0x00000292885508c0, 0x0000029288550978]
Event: 49.270 Thread 0x00000292ff5cc800 16951       1       com.android.tools.r8.internal.s4::u (2 bytes)
Event: 49.270 Thread 0x00000292ff5cc800 nmethod 16951 0x0000029288550a10 code [0x0000029288550bc0, 0x0000029288550c78]
Event: 49.298 Thread 0x00000292ff5cc800 16952       2       com.android.tools.r8.graph.e::a (8 bytes)
Event: 49.298 Thread 0x00000292ff5cc800 nmethod 16952 0x00000292829ba890 code [0x00000292829baa40, 0x00000292829bab38]
Event: 49.299 Thread 0x00000292ff5cc800 16953       1       com.android.tools.r8.internal.k4::E (5 bytes)
Event: 49.299 Thread 0x00000292ff5cc800 nmethod 16953 0x0000029288550d10 code [0x0000029288550ec0, 0x0000029288550f78]

GC Heap History (20 events):
Event: 31.900 GC heap before
{Heap before GC invocations=13 (full 0):
 garbage-first heap   total 262144K, used 195754K [0x0000000080000000, 0x0000000100000000)
  region size 1024K, 140 young (143360K), 8 survivors (8192K)
 Metaspace       used 80152K, capacity 82110K, committed 82176K, reserved 1120256K
  class space    used 10331K, capacity 10997K, committed 11008K, reserved 1048576K
}
Event: 31.905 GC heap after
{Heap after GC invocations=14 (full 0):
 garbage-first heap   total 262144K, used 58922K [0x0000000080000000, 0x0000000100000000)
  region size 1024K, 6 young (6144K), 6 survivors (6144K)
 Metaspace       used 80152K, capacity 82110K, committed 82176K, reserved 1120256K
  class space    used 10331K, capacity 10997K, committed 11008K, reserved 1048576K
}
Event: 36.323 GC heap before
{Heap before GC invocations=14 (full 0):
 garbage-first heap   total 262144K, used 200234K [0x0000000080000000, 0x0000000100000000)
  region size 1024K, 145 young (148480K), 6 survivors (6144K)
 Metaspace       used 88751K, capacity 91069K, committed 91392K, reserved 1128448K
  class space    used 11376K, capacity 12186K, committed 12288K, reserved 1048576K
}
Event: 36.336 GC heap after
{Heap after GC invocations=15 (full 0):
 garbage-first heap   total 262144K, used 65504K [0x0000000080000000, 0x0000000100000000)
  region size 1024K, 13 young (13312K), 13 survivors (13312K)
 Metaspace       used 88751K, capacity 91069K, committed 91392K, reserved 1128448K
  class space    used 11376K, capacity 12186K, committed 12288K, reserved 1048576K
}
Event: 39.441 GC heap before
{Heap before GC invocations=15 (full 0):
 garbage-first heap   total 262144K, used 217056K [0x0000000080000000, 0x0000000100000000)
  region size 1024K, 151 young (154624K), 13 survivors (13312K)
 Metaspace       used 90848K, capacity 93092K, committed 93312K, reserved 1130496K
  class space    used 11566K, capacity 12387K, committed 12416K, reserved 1048576K
}
Event: 39.458 GC heap after
{Heap after GC invocations=16 (full 0):
 garbage-first heap   total 262144K, used 86623K [0x0000000080000000, 0x0000000100000000)
  region size 1024K, 19 young (19456K), 19 survivors (19456K)
 Metaspace       used 90848K, capacity 93092K, committed 93312K, reserved 1130496K
  class space    used 11566K, capacity 12387K, committed 12416K, reserved 1048576K
}
Event: 40.248 GC heap before
{Heap before GC invocations=16 (full 0):
 garbage-first heap   total 262144K, used 215647K [0x0000000080000000, 0x0000000100000000)
  region size 1024K, 131 young (134144K), 19 survivors (19456K)
 Metaspace       used 95805K, capacity 98238K, committed 98432K, reserved 1134592K
  class space    used 11956K, capacity 12820K, committed 12928K, reserved 1048576K
}
Event: 40.268 GC heap after
{Heap after GC invocations=17 (full 0):
 garbage-first heap   total 262144K, used 91648K [0x0000000080000000, 0x0000000100000000)
  region size 1024K, 5 young (5120K), 5 survivors (5120K)
 Metaspace       used 95805K, capacity 98238K, committed 98432K, reserved 1134592K
  class space    used 11956K, capacity 12820K, committed 12928K, reserved 1048576K
}
Event: 41.110 GC heap before
{Heap before GC invocations=17 (full 0):
 garbage-first heap   total 262144K, used 152064K [0x0000000080000000, 0x0000000100000000)
  region size 1024K, 66 young (67584K), 5 survivors (5120K)
 Metaspace       used 97949K, capacity 100305K, committed 100480K, reserved 1136640K
  class space    used 12216K, capacity 13059K, committed 13184K, reserved 1048576K
}
Event: 41.115 GC heap after
{Heap after GC invocations=18 (full 0):
 garbage-first heap   total 262144K, used 89768K [0x0000000080000000, 0x0000000100000000)
  region size 1024K, 3 young (3072K), 3 survivors (3072K)
 Metaspace       used 97949K, capacity 100305K, committed 100480K, reserved 1136640K
  class space    used 12216K, capacity 13059K, committed 13184K, reserved 1048576K
}
Event: 42.597 GC heap before
{Heap before GC invocations=19 (full 0):
 garbage-first heap   total 262144K, used 205480K [0x0000000080000000, 0x0000000100000000)
  region size 1024K, 118 young (120832K), 3 survivors (3072K)
 Metaspace       used 101313K, capacity 103705K, committed 103936K, reserved 1140736K
  class space    used 12600K, capacity 13477K, committed 13568K, reserved 1048576K
}
Event: 42.606 GC heap after
{Heap after GC invocations=20 (full 0):
 garbage-first heap   total 262144K, used 92160K [0x0000000080000000, 0x0000000100000000)
  region size 1024K, 6 young (6144K), 6 survivors (6144K)
 Metaspace       used 101313K, capacity 103705K, committed 103936K, reserved 1140736K
  class space    used 12600K, capacity 13477K, committed 13568K, reserved 1048576K
}
Event: 42.624 GC heap before
{Heap before GC invocations=20 (full 0):
 garbage-first heap   total 262144K, used 97280K [0x0000000080000000, 0x0000000100000000)
  region size 1024K, 12 young (12288K), 6 survivors (6144K)
 Metaspace       used 101344K, capacity 103707K, committed 103936K, reserved 1140736K
  class space    used 12602K, capacity 13478K, committed 13568K, reserved 1048576K
}
Event: 42.628 GC heap after
{Heap after GC invocations=21 (full 0):
 garbage-first heap   total 262144K, used 91837K [0x0000000080000000, 0x0000000100000000)
  region size 1024K, 2 young (2048K), 2 survivors (2048K)
 Metaspace       used 101344K, capacity 103707K, committed 103936K, reserved 1140736K
  class space    used 12602K, capacity 13478K, committed 13568K, reserved 1048576K
}
Event: 43.843 GC heap before
{Heap before GC invocations=21 (full 0):
 garbage-first heap   total 262144K, used 210621K [0x0000000080000000, 0x0000000100000000)
  region size 1024K, 117 young (119808K), 2 survivors (2048K)
 Metaspace       used 104278K, capacity 106788K, committed 106880K, reserved 1142784K
  class space    used 12980K, capacity 13892K, committed 13952K, reserved 1048576K
}
Event: 43.849 GC heap after
{Heap after GC invocations=22 (full 0):
 garbage-first heap   total 262144K, used 94056K [0x0000000080000000, 0x0000000100000000)
  region size 1024K, 4 young (4096K), 4 survivors (4096K)
 Metaspace       used 104278K, capacity 106788K, committed 106880K, reserved 1142784K
  class space    used 12980K, capacity 13892K, committed 13952K, reserved 1048576K
}
Event: 48.328 GC heap before
{Heap before GC invocations=23 (full 0):
 garbage-first heap   total 262144K, used 201576K [0x0000000080000000, 0x0000000100000000)
  region size 1024K, 120 young (122880K), 4 survivors (4096K)
 Metaspace       used 106744K, capacity 109326K, committed 109440K, reserved 1144832K
  class space    used 13201K, capacity 14132K, committed 14208K, reserved 1048576K
}
Event: 48.335 GC heap after
{Heap after GC invocations=24 (full 0):
 garbage-first heap   total 262144K, used 93778K [0x0000000080000000, 0x0000000100000000)
  region size 1024K, 13 young (13312K), 13 survivors (13312K)
 Metaspace       used 106744K, capacity 109326K, committed 109440K, reserved 1144832K
  class space    used 13201K, capacity 14132K, committed 14208K, reserved 1048576K
}
Event: 49.013 GC heap before
{Heap before GC invocations=24 (full 0):
 garbage-first heap   total 262144K, used 209490K [0x0000000080000000, 0x0000000100000000)
  region size 1024K, 127 young (130048K), 13 survivors (13312K)
 Metaspace       used 110560K, capacity 113155K, committed 113280K, reserved 1148928K
  class space    used 13731K, capacity 14705K, committed 14720K, reserved 1048576K
}
Event: 49.036 GC heap after
{Heap after GC invocations=25 (full 0):
 garbage-first heap   total 262144K, used 112553K [0x0000000080000000, 0x0000000100000000)
  region size 1024K, 16 young (16384K), 16 survivors (16384K)
 Metaspace       used 110560K, capacity 113155K, committed 113280K, reserved 1148928K
  class space    used 13731K, capacity 14705K, committed 14720K, reserved 1048576K
}

Deoptimization events (20 events):
Event: 49.261 Thread 0x00000292982cf000 Uncommon trap: trap_request=0xffffffc6 fr.pc=0x000002928850f05c relative=0x000000000000045c
Event: 49.261 Thread 0x00000292982cf000 Uncommon trap: reason=bimorphic_or_optimized_type_check action=maybe_recompile pc=0x000002928850f05c method=com.android.tools.r8.internal.Ij.hasNext()Z @ 9 c2
Event: 49.261 Thread 0x00000292982cf000 DEOPT PACKING pc=0x000002928850f05c sp=0x00000096660fa180
Event: 49.261 Thread 0x00000292982cf000 DEOPT UNPACKING pc=0x00000292800278af sp=0x00000096660fa138 mode 2
Event: 49.261 Thread 0x00000292982cf000 Uncommon trap: trap_request=0xffffffc6 fr.pc=0x000002928850f05c relative=0x000000000000045c
Event: 49.261 Thread 0x00000292982cf000 Uncommon trap: reason=bimorphic_or_optimized_type_check action=maybe_recompile pc=0x000002928850f05c method=com.android.tools.r8.internal.Ij.hasNext()Z @ 9 c2
Event: 49.261 Thread 0x00000292982cf000 DEOPT PACKING pc=0x000002928850f05c sp=0x00000096660fa1d0
Event: 49.261 Thread 0x00000292982cf000 DEOPT UNPACKING pc=0x00000292800278af sp=0x00000096660fa190 mode 2
Event: 49.283 Thread 0x00000292982d2000 Uncommon trap: trap_request=0xffffff4d fr.pc=0x0000029288530ca8 relative=0x0000000000000088
Event: 49.283 Thread 0x00000292982d2000 Uncommon trap: reason=unstable_if action=reinterpret pc=0x0000029288530ca8 method=java.lang.Integer.compare(II)I @ 11 c2
Event: 49.283 Thread 0x00000292982d3800 Uncommon trap: trap_request=0xffffff4d fr.pc=0x0000029288530ca8 relative=0x0000000000000088
Event: 49.283 Thread 0x00000292982d3800 Uncommon trap: reason=unstable_if action=reinterpret pc=0x0000029288530ca8 method=java.lang.Integer.compare(II)I @ 11 c2
Event: 49.283 Thread 0x00000292982d2000 DEOPT PACKING pc=0x0000029288530ca8 sp=0x00000096678f9a00
Event: 49.283 Thread 0x00000292982d3800 DEOPT PACKING pc=0x0000029288530ca8 sp=0x00000096679f9740
Event: 49.283 Thread 0x00000292982d2000 DEOPT UNPACKING pc=0x00000292800278af sp=0x00000096678f9930 mode 2
Event: 49.283 Thread 0x00000292982d3800 DEOPT UNPACKING pc=0x00000292800278af sp=0x00000096679f9670 mode 2
Event: 49.283 Thread 0x0000029297a7b000 Uncommon trap: trap_request=0xffffff4d fr.pc=0x0000029288530ca8 relative=0x0000000000000088
Event: 49.283 Thread 0x0000029297a7b000 Uncommon trap: reason=unstable_if action=reinterpret pc=0x0000029288530ca8 method=java.lang.Integer.compare(II)I @ 11 c2
Event: 49.283 Thread 0x0000029297a7b000 DEOPT PACKING pc=0x0000029288530ca8 sp=0x00000096686f6d30
Event: 49.283 Thread 0x0000029297a7b000 DEOPT UNPACKING pc=0x00000292800278af sp=0x00000096686f6c60 mode 2

Classes redefined (0 events):
No events

Internal exceptions (20 events):
Event: 48.162 Thread 0x0000029297a7b800 Exception <a 'sun/nio/fs/WindowsException'{0x000000008b17a5e8}> (0x000000008b17a5e8) thrown at [./src/hotspot/share/prims/jni.cpp, line 615]
Event: 48.168 Thread 0x0000029297a7b800 Exception <a 'java/lang/NoSuchMethodError'{0x000000008b06bff0}: <clinit>> (0x000000008b06bff0) thrown at [./src/hotspot/share/prims/jni.cpp, line 1362]
Event: 48.170 Thread 0x0000029297a7b800 Exception <a 'java/lang/NoSuchMethodError'{0x000000008b09ba08}: <clinit>> (0x000000008b09ba08) thrown at [./src/hotspot/share/prims/jni.cpp, line 1362]
Event: 48.171 Thread 0x0000029297a7b800 Exception <a 'java/lang/NoSuchMethodError'{0x000000008b0ae560}: <clinit>> (0x000000008b0ae560) thrown at [./src/hotspot/share/prims/jni.cpp, line 1362]
Event: 48.236 Thread 0x0000029297a82000 Exception <a 'java/lang/NoSuchMethodError'{0x000000008a9b6370}: 'int java.lang.invoke.DirectMethodHandle$Holder.invokeSpecialIFC(java.lang.Object, java.lang.Object, java.lang.Object)'> (0x000000008a9b6370) thrown at [./src/hotspot/share/interpreter/linkResolver.cpp, line 773]
Event: 48.295 Thread 0x00000292982d3800 Exception <a 'sun/nio/fs/WindowsException'{0x000000008a111ac0}> (0x000000008a111ac0) thrown at [./src/hotspot/share/prims/jni.cpp, line 615]
Event: 48.322 Thread 0x00000292982cf000 Exception <a 'sun/nio/fs/WindowsException'{0x0000000088f12018}> (0x0000000088f12018) thrown at [./src/hotspot/share/prims/jni.cpp, line 615]
Event: 48.344 Thread 0x00000292982d4800 Exception <a 'sun/nio/fs/WindowsException'{0x000000008f9e2e48}> (0x000000008f9e2e48) thrown at [./src/hotspot/share/prims/jni.cpp, line 615]
Event: 48.414 Thread 0x0000029297a7b000 Exception <a 'sun/nio/fs/WindowsException'{0x000000008ec18790}> (0x000000008ec18790) thrown at [./src/hotspot/share/prims/jni.cpp, line 615]
Event: 48.418 Thread 0x00000292982d2000 Exception <a 'sun/nio/fs/WindowsException'{0x000000008eac0ae0}> (0x000000008eac0ae0) thrown at [./src/hotspot/share/prims/jni.cpp, line 615]
Event: 48.452 Thread 0x00000292982d2000 Exception <a 'java/lang/NoSuchMethodError'{0x000000008e715e98}: 'java.lang.Object java.lang.invoke.DirectMethodHandle$Holder.invokeStatic(java.lang.Object, java.lang.Object, java.lang.Object, java.lang.Object, java.lang.Object, java.lang.Object, java.lang.Object, java.lang.Object, java.lang.Object, java.lang.Object, java.lang.Object, java.lang.Object, java.lang.Object, java.lang.Object, java.lang.Object, java.lang.Object, java.lang.Object, java.lang.Object, int, java.lang.Object)'> (0x000000008e715e98) thr
Event: 48.452 Thread 0x00000292982d2000 Exception <a 'java/lang/NoSuchMethodError'{0x000000008e71bf20}: 'java.lang.Object java.lang.invoke.DirectMethodHandle$Holder.invokeStaticInit(java.lang.Object, java.lang.Object, java.lang.Object, java.lang.Object, java.lang.Object, java.lang.Object, java.lang.Object, java.lang.Object, java.lang.Object, java.lang.Object, java.lang.Object, java.lang.Object, java.lang.Object, java.lang.Object, java.lang.Object, java.lang.Object, java.lang.Object, java.lang.Object, int, java.lang.Object)'> (0x000000008e71bf20)
Event: 48.470 Thread 0x00000292982d2000 Exception <a 'java/lang/IncompatibleClassChangeError'{0x000000008e626368}: Found class java.lang.Object, but interface was expected> (0x000000008e626368) thrown at [./src/hotspot/share/interpreter/linkResolver.cpp, line 839]
Event: 48.470 Thread 0x0000029297a7b000 Exception <a 'java/lang/IncompatibleClassChangeError'{0x000000008e8597f8}: Found class java.lang.Object, but interface was expected> (0x000000008e8597f8) thrown at [./src/hotspot/share/interpreter/linkResolver.cpp, line 839]
Event: 48.677 Thread 0x00000292982d3800 Exception <a 'java/lang/NoSuchMethodError'{0x000000008d5938b0}: 'int java.lang.invoke.DirectMethodHandle$Holder.invokeVirtual(java.lang.Object, java.lang.Object, java.lang.Object, java.lang.Object)'> (0x000000008d5938b0) thrown at [./src/hotspot/share/interpreter/linkResolver.cpp, line 773]
Event: 48.803 Thread 0x00000292982d4800 Exception <a 'java/lang/IncompatibleClassChangeError'{0x000000008c5b6ae8}: Found class java.lang.Object, but interface was expected> (0x000000008c5b6ae8) thrown at [./src/hotspot/share/interpreter/linkResolver.cpp, line 839]
Event: 48.808 Thread 0x00000292982cf000 Exception <a 'java/lang/NoSuchMethodError'{0x000000008bcc9f00}: 'int java.lang.invoke.DirectMethodHandle$Holder.invokeVirtual(java.lang.Object, java.lang.Object, java.lang.Object)'> (0x000000008bcc9f00) thrown at [./src/hotspot/share/interpreter/linkResolver.cpp, line 773]
Event: 49.269 Thread 0x00000292982d2000 Exception <a 'java/lang/NoSuchMethodError'{0x000000008d5bfee0}: 'java.lang.Object java.lang.invoke.Invokers$Holder.linkToTargetMethod(java.lang.Object, java.lang.Object, java.lang.Object, java.lang.Object, java.lang.Object, java.lang.Object, java.lang.Object)'> (0x000000008d5bfee0) thrown at [./src/hotspot/share/interpreter/linkResolver.cpp, line 773]
Event: 49.269 Thread 0x0000029297a7b000 Exception <a 'java/lang/NoSuchMethodError'{0x000000008d4b37c8}: 'java.lang.Object java.lang.invoke.Invokers$Holder.linkToTargetMethod(java.lang.Object, java.lang.Object, java.lang.Object, java.lang.Object, java.lang.Object, java.lang.Object, java.lang.Object)'> (0x000000008d4b37c8) thrown at [./src/hotspot/share/interpreter/linkResolver.cpp, line 773]
Event: 49.269 Thread 0x00000292982d4800 Exception <a 'java/lang/NoSuchMethodError'{0x000000008e1b0808}: 'java.lang.Object java.lang.invoke.Invokers$Holder.linkToTargetMethod(java.lang.Object, java.lang.Object, java.lang.Object, java.lang.Object, java.lang.Object, java.lang.Object, java.lang.Object)'> (0x000000008e1b0808) thrown at [./src/hotspot/share/interpreter/linkResolver.cpp, line 773]

Events (20 events):
Event: 49.331 loading class com/android/tools/r8/internal/x8
Event: 49.331 loading class com/android/tools/r8/internal/x8 done
Event: 49.331 loading class com/android/tools/r8/internal/C7
Event: 49.331 loading class com/android/tools/r8/internal/C7 done
Event: 49.332 loading class com/android/tools/r8/internal/y1
Event: 49.332 loading class com/android/tools/r8/internal/y1 done
Event: 49.332 loading class com/android/tools/r8/internal/EE
Event: 49.332 loading class com/android/tools/r8/internal/EE done
Event: 49.332 loading class com/android/tools/r8/internal/kC
Event: 49.332 loading class com/android/tools/r8/internal/kC done
Event: 49.333 loading class com/android/tools/r8/internal/Ft
Event: 49.333 loading class com/android/tools/r8/internal/Ft done
Event: 49.333 loading class com/android/tools/r8/internal/Qe
Event: 49.333 loading class com/android/tools/r8/internal/Qe done
Event: 49.333 loading class com/android/tools/r8/internal/Le$b
Event: 49.333 loading class com/android/tools/r8/internal/Le$b done
Event: 49.333 loading class com/android/tools/r8/internal/h2
Event: 49.333 loading class com/android/tools/r8/internal/h2 done
Event: 49.334 loading class com/android/tools/r8/internal/h2$d
Event: 49.334 loading class com/android/tools/r8/internal/h2$d done


Dynamic libraries:
0x00007ff7365a0000 - 0x00007ff7365aa000 	C:\Program Files\Android\Android Studio\jre\bin\java.exe
0x00007ffedfff0000 - 0x00007ffee01e5000 	C:\WINDOWS\SYSTEM32\ntdll.dll
0x00007ffede280000 - 0x00007ffede33e000 	C:\WINDOWS\System32\KERNEL32.DLL
0x00007ffedd8a0000 - 0x00007ffeddb69000 	C:\WINDOWS\System32\KERNELBASE.dll
0x00007ffeddc70000 - 0x00007ffeddd70000 	C:\WINDOWS\System32\ucrtbase.dll
0x00007ffea8680000 - 0x00007ffea8697000 	C:\Program Files\Android\Android Studio\jre\bin\VCRUNTIME140.dll
0x00007ffea8620000 - 0x00007ffea8639000 	C:\Program Files\Android\Android Studio\jre\bin\jli.dll
0x00007ffede3e0000 - 0x00007ffede581000 	C:\WINDOWS\System32\USER32.dll
0x00007ffed0ad0000 - 0x00007ffed0d6a000 	C:\WINDOWS\WinSxS\amd64_microsoft.windows.common-controls_6595b64144ccf1df_6.0.19041.1110_none_60b5254171f9507e\COMCTL32.dll
0x00007ffedd7d0000 - 0x00007ffedd7f2000 	C:\WINDOWS\System32\win32u.dll
0x00007ffedeb70000 - 0x00007ffedeb9b000 	C:\WINDOWS\System32\GDI32.dll
0x00007ffede340000 - 0x00007ffede3de000 	C:\WINDOWS\System32\msvcrt.dll
0x00007ffeddf00000 - 0x00007ffede00b000 	C:\WINDOWS\System32\gdi32full.dll
0x00007ffedd800000 - 0x00007ffedd89d000 	C:\WINDOWS\System32\msvcp_win.dll
0x00007ffede970000 - 0x00007ffede9a0000 	C:\WINDOWS\System32\IMM32.DLL
0x00007ffe7bf90000 - 0x00007ffe7c02d000 	C:\Program Files\Android\Android Studio\jre\bin\msvcp140.dll
0x00007ffe7d270000 - 0x00007ffe7dd3f000 	C:\Program Files\Android\Android Studio\jre\bin\server\jvm.dll
0x00007ffedfed0000 - 0x00007ffedff7c000 	C:\WINDOWS\System32\ADVAPI32.dll
0x00007ffedead0000 - 0x00007ffedeb6b000 	C:\WINDOWS\System32\sechost.dll
0x00007ffede620000 - 0x00007ffede74a000 	C:\WINDOWS\System32\RPCRT4.dll
0x00007ffede750000 - 0x00007ffede758000 	C:\WINDOWS\System32\PSAPI.DLL
0x00007ffedabb0000 - 0x00007ffedabb9000 	C:\WINDOWS\SYSTEM32\WSOCK32.dll
0x00007ffed56b0000 - 0x00007ffed56ba000 	C:\WINDOWS\SYSTEM32\VERSION.dll
0x00007ffede7e0000 - 0x00007ffede84b000 	C:\WINDOWS\System32\WS2_32.dll
0x00007ffed4e30000 - 0x00007ffed4e57000 	C:\WINDOWS\SYSTEM32\WINMM.dll
0x00007ffedbf80000 - 0x00007ffedbf92000 	C:\WINDOWS\SYSTEM32\kernel.appcore.dll
0x00007ffed0990000 - 0x00007ffed09a1000 	C:\Program Files\Android\Android Studio\jre\bin\verify.dll
0x00007ffebe080000 - 0x00007ffebe264000 	C:\WINDOWS\SYSTEM32\DBGHELP.DLL
0x00007ffebe050000 - 0x00007ffebe07c000 	C:\WINDOWS\SYSTEM32\dbgcore.DLL
0x00007ffedd740000 - 0x00007ffedd7c3000 	C:\WINDOWS\System32\bcryptPrimitives.dll
0x00007ffebb950000 - 0x00007ffebb979000 	C:\Program Files\Android\Android Studio\jre\bin\java.dll
0x00007ffed9e30000 - 0x00007ffed9e3b000 	C:\Program Files\Android\Android Studio\jre\bin\jimage.dll
0x00007ffeca550000 - 0x00007ffeca568000 	C:\Program Files\Android\Android Studio\jre\bin\zip.dll
0x00007ffededb0000 - 0x00007ffedf4ef000 	C:\WINDOWS\System32\SHELL32.dll
0x00007ffedb5d0000 - 0x00007ffedbd60000 	C:\WINDOWS\SYSTEM32\windows.storage.dll
0x00007ffedfac0000 - 0x00007ffedfe15000 	C:\WINDOWS\System32\combase.dll
0x00007ffedd130000 - 0x00007ffedd15c000 	C:\WINDOWS\SYSTEM32\Wldp.dll
0x00007ffede1b0000 - 0x00007ffede25e000 	C:\WINDOWS\System32\SHCORE.dll
0x00007ffedeba0000 - 0x00007ffedebf5000 	C:\WINDOWS\System32\shlwapi.dll
0x00007ffedd620000 - 0x00007ffedd63f000 	C:\WINDOWS\SYSTEM32\profapi.dll
0x00007ffeba3a0000 - 0x00007ffeba3ba000 	C:\Program Files\Android\Android Studio\jre\bin\net.dll
0x00007ffed55a0000 - 0x00007ffed56a8000 	C:\WINDOWS\SYSTEM32\WINHTTP.dll
0x00007ffedce90000 - 0x00007ffedcefa000 	C:\WINDOWS\system32\mswsock.dll
0x00007ffeba380000 - 0x00007ffeba394000 	C:\Program Files\Android\Android Studio\jre\bin\nio.dll
0x00007ffea9290000 - 0x00007ffea92b7000 	C:\Users\Ilyich\.gradle\native\8bec1ad78214c89d9ad589b4d07fe93259594b29d510b10fafb7a158f7737e5d\windows-amd64\native-platform.dll
0x00007ffe7eea0000 - 0x00007ffe7efdd000 	C:\Users\Ilyich\.gradle\native\53dbd7edfb1c66fb8903c78663c9afc45aea4f116125fa6feffd364cf09443e8\windows-amd64\native-platform-file-events.dll
0x00007ffed9e10000 - 0x00007ffed9e1a000 	C:\Program Files\Android\Android Studio\jre\bin\management.dll
0x00007ffed0980000 - 0x00007ffed098c000 	C:\Program Files\Android\Android Studio\jre\bin\management_ext.dll
0x00007ffedd080000 - 0x00007ffedd098000 	C:\WINDOWS\SYSTEM32\CRYPTSP.dll
0x00007ffedc7a0000 - 0x00007ffedc7d4000 	C:\WINDOWS\system32\rsaenh.dll
0x00007ffedded0000 - 0x00007ffeddef7000 	C:\WINDOWS\System32\bcrypt.dll
0x00007ffedd5e0000 - 0x00007ffedd60e000 	C:\WINDOWS\SYSTEM32\USERENV.dll
0x00007ffedd0a0000 - 0x00007ffedd0ac000 	C:\WINDOWS\SYSTEM32\CRYPTBASE.dll
0x00007ffedcb30000 - 0x00007ffedcb6b000 	C:\WINDOWS\SYSTEM32\IPHLPAPI.DLL
0x00007ffedfab0000 - 0x00007ffedfab8000 	C:\WINDOWS\System32\NSI.dll
0x00007ffed7070000 - 0x00007ffed7087000 	C:\WINDOWS\SYSTEM32\dhcpcsvc6.DLL
0x00007ffed7050000 - 0x00007ffed706d000 	C:\WINDOWS\SYSTEM32\dhcpcsvc.DLL
0x00007ffedcb80000 - 0x00007ffedcc4c000 	C:\WINDOWS\SYSTEM32\DNSAPI.dll
0x00007ffeb9770000 - 0x00007ffeb9797000 	C:\Program Files\Android\Android Studio\jre\bin\sunec.dll
0x00007ffed54c0000 - 0x00007ffed54ca000 	C:\Windows\System32\rasadhlp.dll
0x00007ffed5290000 - 0x00007ffed530f000 	C:\WINDOWS\System32\fwpuclnt.dll
0x00007ffedab20000 - 0x00007ffedabb0000 	C:\WINDOWS\system32\apphelp.dll

dbghelp: loaded successfully - version: 4.0.5 - missing functions: none
symbol engine: initialized successfully - sym options: 0x614 - pdb path: .;C:\Program Files\Android\Android Studio\jre\bin;C:\WINDOWS\SYSTEM32;C:\WINDOWS\WinSxS\amd64_microsoft.windows.common-controls_6595b64144ccf1df_6.0.19041.1110_none_60b5254171f9507e;C:\Program Files\Android\Android Studio\jre\bin\server;C:\Users\Ilyich\.gradle\native\8bec1ad78214c89d9ad589b4d07fe93259594b29d510b10fafb7a158f7737e5d\windows-amd64;C:\Users\Ilyich\.gradle\native\53dbd7edfb1c66fb8903c78663c9afc45aea4f116125fa6feffd364cf09443e8\windows-amd64

VM Arguments:
jvm_args: --add-opens=java.base/java.util=ALL-UNNAMED --add-opens=java.base/java.lang=ALL-UNNAMED --add-opens=java.base/java.lang.invoke=ALL-UNNAMED --add-opens=java.base/java.util=ALL-UNNAMED --add-opens=java.prefs/java.util.prefs=ALL-UNNAMED --add-opens=java.prefs/java.util.prefs=ALL-UNNAMED --add-opens=java.base/java.nio.charset=ALL-UNNAMED --add-opens=java.base/java.net=ALL-UNNAMED --add-opens=java.base/java.util.concurrent.atomic=ALL-UNNAMED -Xmx2048m -Dfile.encoding=UTF-8 -Duser.country=RU -Duser.language=ru -Duser.variant 
java_command: org.gradle.launcher.daemon.bootstrap.GradleDaemon 7.0.2
java_class_path (initial): C:\Users\Ilyich\.gradle\wrapper\dists\gradle-7.0.2-bin\857tjihv64xamwrf0h14cai3r\gradle-7.0.2\lib\gradle-launcher-7.0.2.jar
Launcher Type: SUN_STANDARD

[Global flags]
     intx CICompilerCount                          = 3                                         {product} {ergonomic}
     uint ConcGCThreads                            = 2                                         {product} {ergonomic}
     uint G1ConcRefinementThreads                  = 6                                         {product} {ergonomic}
   size_t G1HeapRegionSize                         = 1048576                                   {product} {ergonomic}
    uintx GCDrainStackTargetSize                   = 64                                        {product} {ergonomic}
   size_t InitialHeapSize                          = 268435456                                 {product} {ergonomic}
   size_t MarkStackSize                            = 4194304                                   {product} {ergonomic}
   size_t MaxHeapSize                              = 2147483648                                {product} {command line}
   size_t MaxNewSize                               = 1287651328                                {product} {ergonomic}
   size_t MinHeapDeltaBytes                        = 1048576                                   {product} {ergonomic}
    uintx NonNMethodCodeHeapSize                   = 5830732                                {pd product} {ergonomic}
    uintx NonProfiledCodeHeapSize                  = 122913754                              {pd product} {ergonomic}
    uintx ProfiledCodeHeapSize                     = 122913754                              {pd product} {ergonomic}
    uintx ReservedCodeCacheSize                    = 251658240                              {pd product} {ergonomic}
     bool SegmentedCodeCache                       = true                                      {product} {ergonomic}
     bool UseCompressedClassPointers               = true                                 {lp64_product} {ergonomic}
     bool UseCompressedOops                        = true                                 {lp64_product} {ergonomic}
     bool UseG1GC                                  = true                                      {product} {ergonomic}
     bool UseLargePagesIndividualAllocation        = false                                  {pd product} {ergonomic}

Logging:
Log output configuration:
 #0: stdout all=warning uptime,level,tags
 #1: stderr all=off uptime,level,tags

Environment Variables:
PATH=C:\Program Files\Common Files\Oracle\Java\javapath;C:\Program Files (x86)\Common Files\Oracle\Java\javapath;C:\WINDOWS\system32;C:\WINDOWS;C:\WINDOWS\System32\Wbem;C:\WINDOWS\System32\WindowsPowerShell\v1.0\;C:\WINDOWS\System32\OpenSSH\;C:\Program Files (x86)\NVIDIA Corporation\PhysX\Common;C:\Program Files\NVIDIA Corporation\NVIDIA NvDLISR;C:\Program Files\Microsoft SQL Server\130\Tools\Binn\;C:\Program Files\Microsoft SQL Server\Client SDK\ODBC\170\Tools\Binn\;C:\WINDOWS\system32;C:\WINDOWS;C:\WINDOWS\System32\Wbem;C:\WINDOWS\System32\WindowsPowerShell\v1.0\;C:\WINDOWS\System32\OpenSSH\;C:\Program Files\dotnet\;C:\Program Files (x86)\Microsoft SQL Server\Client SDK\ODBC\130\Tools\Binn\;C:\Program Files (x86)\Microsoft SQL Server\140\Tools\Binn\;C:\Program Files (x86)\Microsoft SQL Server\140\DTS\Binn\;C:\Program Files (x86)\Microsoft SQL Server\140\Tools\Binn\ManagementStudio\;C:\Program Files\Microsoft SQL Server\Client SDK\ODBC\130\Tools\Binn\;C:\Program Files\Microsoft SQL Server\140\Tools\Binn\;C:\Program Files\Microsoft SQL Server\140\DTS\Binn\;C:\Program Files (x86)\dotnet\;C:\Users\Ilyich\AppData\Local\Microsoft\WindowsApps;C:\Users\Ilyich\AppData\Local\Programs\Microsoft VS Code\bin;C:\Users\Ilyich\.dotnet\tools
USERNAME=Ilyich
OS=Windows_NT
PROCESSOR_IDENTIFIER=AMD64 Family 23 Model 113 Stepping 0, AuthenticAMD



---------------  S Y S T E M  ---------------

OS: Windows 10 , 64 bit Build 19041 (10.0.19041.1202)
OS uptime: 0 days 7:23 hours

CPU:total 6 (initial active 6) (6 cores per cpu, 1 threads per core) family 23 model 113 stepping 0 microcode 0x0, cmov, cx8, fxsr, mmx, sse, sse2, sse3, ssse3, sse4.1, sse4.2, popcnt, avx, avx2, aes, clmul, mmxext, 3dnowpref, lzcnt, sse4a, tsc, tscinvbit, tscinv, bmi1, bmi2, adx, sha,

Memory: 4k page, system-wide physical 16330M (4229M free)
TotalPageFile size 16330M (AvailPageFile size 5M)
current process WorkingSet (physical memory assigned to process): 598M, peak: 602M
current process commit charge ("private bytes"): 642M, peak: 644M

vm_info: OpenJDK 64-Bit Server VM (11.0.10+0-b96-7249189) for windows-amd64 JRE (11.0.10+0-b96-7249189), built on Mar 31 2021 21:44:00 by "builder" with MS VC++ 14.0 (VS2015)

END.
