#
# There is insufficient memory for the Java Runtime Environment to continue.
# Native memory allocation (malloc) failed to allocate 1432176 bytes for Chunk::new
# Possible reasons:
#   The system is out of physical RAM or swap space
#   The process is running with CompressedOops enabled, and the Java Heap may be blocking the growth of the native heap
# Possible solutions:
#   Reduce memory load on the system
#   Increase physical memory or swap space
#   Check if swap backing store is full
#   Decrease Java heap size (-Xmx/-Xms)
#   Decrease number of Java threads
#   Decrease Java thread stack sizes (-Xss)
#   Set larger code cache with -XX:ReservedCodeCacheSize=
#   JVM is running with Unscaled Compressed Oops mode in which the Java heap is
#     placed in the first 4GB address space. The Java Heap base address is the
#     maximum limit for the native heap growth. Please use -XX:HeapBaseMinAddress
#     to set the Java Heap base and to place the Java Heap above 4GB virtual address.
# This output file may be truncated or incomplete.
#
#  Out of Memory Error (./src/hotspot/share/memory/arena.cpp:197), pid=6036, tid=6756
#
# JRE version: OpenJDK Runtime Environment (11.0.10) (build 11.0.10+0-b96-7249189)
# Java VM: OpenJDK 64-Bit Server VM (11.0.10+0-b96-7249189, mixed mode, tiered, compressed oops, g1 gc, windows-amd64)
# No core dump will be written. Minidumps are not enabled by default on client versions of Windows
#

---------------  S U M M A R Y ------------

Command Line: --add-opens=java.base/java.util=ALL-UNNAMED --add-opens=java.base/java.lang=ALL-UNNAMED --add-opens=java.base/java.lang.invoke=ALL-UNNAMED --add-opens=java.base/java.util=ALL-UNNAMED --add-opens=java.prefs/java.util.prefs=ALL-UNNAMED --add-opens=java.prefs/java.util.prefs=ALL-UNNAMED --add-opens=java.base/java.nio.charset=ALL-UNNAMED --add-opens=java.base/java.net=ALL-UNNAMED --add-opens=java.base/java.util.concurrent.atomic=ALL-UNNAMED -Xmx2048m -Dfile.encoding=UTF-8 -Duser.country=RU -Duser.language=ru -Duser.variant org.gradle.launcher.daemon.bootstrap.GradleDaemon 7.0.2

Host: AMD Ryzen 5 3500 6-Core Processor              , 6 cores, 15G,  Windows 10 , 64 bit Build 19041 (10.0.19041.1202)
Time: Sat Sep 25 17:24:42 2021 RTZ 2 (зима) elapsed time: 6.049146 seconds (0d 0h 0m 6s)

---------------  T H R E A D  ---------------

Current thread (0x0000025a31b8e000):  JavaThread "C2 CompilerThread0" daemon [_thread_in_native, id=6756, stack(0x000000ba06800000,0x000000ba06900000)]


Current CompileTask:
C2:   6049 5475       4       org.objectweb.asm.SymbolTable::addConstantMemberReference (147 bytes)

Stack: [0x000000ba06800000,0x000000ba06900000]
Native frames: (J=compiled Java code, j=interpreted, Vv=VM code, C=native code)
V  [jvm.dll+0x5ecfaa]
V  [jvm.dll+0x722bd5]
V  [jvm.dll+0x72412d]
V  [jvm.dll+0x7247e3]
V  [jvm.dll+0x242928]
V  [jvm.dll+0xbc4fc]
V  [jvm.dll+0xbca0c]
V  [jvm.dll+0x352d7d]
V  [jvm.dll+0x197e0c]
V  [jvm.dll+0x1fb70e]
V  [jvm.dll+0x1fa7f4]
V  [jvm.dll+0x18354c]
V  [jvm.dll+0x208ee7]
V  [jvm.dll+0x207731]
V  [jvm.dll+0x6eb1cf]
V  [jvm.dll+0x6e3d45]
V  [jvm.dll+0x5ebe96]
C  [ucrtbase.dll+0x21bb2]
C  [KERNEL32.DLL+0x17034]
C  [ntdll.dll+0x52651]


---------------  P R O C E S S  ---------------

Threads class SMR info:
_java_thread_list=0x0000025a35b26cc0, length=46, elements={
0x0000025a172cd800, 0x0000025a31b63000, 0x0000025a31b68000, 0x0000025a31b89800,
0x0000025a31b8a800, 0x0000025a31b8c000, 0x0000025a31b8e000, 0x0000025a31b8f000,
0x0000025a31bda800, 0x0000025a31d3c000, 0x0000025a33278000, 0x0000025a32f80000,
0x0000025a333ba800, 0x0000025a33718800, 0x0000025a3342c800, 0x0000025a3381e800,
0x0000025a34672000, 0x0000025a3342d000, 0x0000025a33f46000, 0x0000025a33f01000,
0x0000025a33f03800, 0x0000025a33f04800, 0x0000025a33eff800, 0x0000025a34a3f800,
0x0000025a33f02000, 0x0000025a33efe800, 0x0000025a33f00000, 0x0000025a33f02800,
0x0000025a33f05000, 0x0000025a35a35000, 0x0000025a35a33800, 0x0000025a35a39000,
0x0000025a35a38000, 0x0000025a35a3a000, 0x0000025a35a3a800, 0x0000025a35a3b800,
0x0000025a35a35800, 0x0000025a35a3c800, 0x0000025a35a3d000, 0x0000025a35a37800,
0x0000025a35a3e000, 0x0000025a35a40800, 0x0000025a35a41000, 0x0000025a35a3e800,
0x0000025a35a42000, 0x0000025a35a3f800
}

Java Threads: ( => current thread )
  0x0000025a172cd800 JavaThread "main" [_thread_blocked, id=15616, stack(0x000000ba05c00000,0x000000ba05d00000)]
  0x0000025a31b63000 JavaThread "Reference Handler" daemon [_thread_blocked, id=15112, stack(0x000000ba06300000,0x000000ba06400000)]
  0x0000025a31b68000 JavaThread "Finalizer" daemon [_thread_blocked, id=16904, stack(0x000000ba06400000,0x000000ba06500000)]
  0x0000025a31b89800 JavaThread "Signal Dispatcher" daemon [_thread_blocked, id=1644, stack(0x000000ba06500000,0x000000ba06600000)]
  0x0000025a31b8a800 JavaThread "Attach Listener" daemon [_thread_blocked, id=7048, stack(0x000000ba06600000,0x000000ba06700000)]
  0x0000025a31b8c000 JavaThread "Service Thread" daemon [_thread_blocked, id=14468, stack(0x000000ba06700000,0x000000ba06800000)]
=>0x0000025a31b8e000 JavaThread "C2 CompilerThread0" daemon [_thread_in_native, id=6756, stack(0x000000ba06800000,0x000000ba06900000)]
  0x0000025a31b8f000 JavaThread "C1 CompilerThread0" daemon [_thread_blocked, id=9540, stack(0x000000ba06900000,0x000000ba06a00000)]
  0x0000025a31bda800 JavaThread "Sweeper thread" daemon [_thread_blocked, id=6792, stack(0x000000ba06a00000,0x000000ba06b00000)]
  0x0000025a31d3c000 JavaThread "Common-Cleaner" daemon [_thread_blocked, id=7692, stack(0x000000ba06b00000,0x000000ba06c00000)]
  0x0000025a33278000 JavaThread "Daemon health stats" [_thread_blocked, id=3960, stack(0x000000ba07300000,0x000000ba07400000)]
  0x0000025a32f80000 JavaThread "Incoming local TCP Connector on port 54601" [_thread_in_native, id=8084, stack(0x000000ba06d00000,0x000000ba06e00000)]
  0x0000025a333ba800 JavaThread "Daemon periodic checks" [_thread_blocked, id=9924, stack(0x000000ba07400000,0x000000ba07500000)]
  0x0000025a33718800 JavaThread "Daemon" [_thread_blocked, id=16776, stack(0x000000ba07500000,0x000000ba07600000)]
  0x0000025a3342c800 JavaThread "Handler for socket connection from /127.0.0.1:54601 to /127.0.0.1:54602" [_thread_in_native, id=15456, stack(0x000000ba07600000,0x000000ba07700000)]
  0x0000025a3381e800 JavaThread "Cancel handler" [_thread_blocked, id=16428, stack(0x000000ba07700000,0x000000ba07800000)]
  0x0000025a34672000 JavaThread "Daemon worker" [_thread_in_vm, id=11684, stack(0x000000ba07800000,0x000000ba07900000)]
  0x0000025a3342d000 JavaThread "Asynchronous log dispatcher for DefaultDaemonConnection: socket connection from /127.0.0.1:54601 to /127.0.0.1:54602" [_thread_blocked, id=15044, stack(0x000000ba07900000,0x000000ba07a00000)]
  0x0000025a33f46000 JavaThread "Stdin handler" [_thread_blocked, id=12660, stack(0x000000ba07a00000,0x000000ba07b00000)]
  0x0000025a33f01000 JavaThread "Daemon client event forwarder" [_thread_blocked, id=6460, stack(0x000000ba07b00000,0x000000ba07c00000)]
  0x0000025a33f03800 JavaThread "Cache worker for file hash cache (C:\Users\Ilyich\.gradle\caches\7.0.2\fileHashes)" [_thread_blocked, id=9520, stack(0x000000ba07c00000,0x000000ba07d00000)]
  0x0000025a33f04800 JavaThread "File lock request listener" [_thread_in_native, id=13260, stack(0x000000ba07d00000,0x000000ba07e00000)]
  0x0000025a33eff800 JavaThread "Cache worker for journal cache (C:\Users\Ilyich\.gradle\caches\journal-1)" [_thread_blocked, id=17168, stack(0x000000ba07f00000,0x000000ba08000000)]
  0x0000025a34a3f800 JavaThread "C2 CompilerThread1" daemon [_thread_in_native, id=17000, stack(0x000000ba08000000,0x000000ba08100000)]
  0x0000025a33f02000 JavaThread "Cache worker for file hash cache (D:\Mobile Projects\Project1\.gradle\7.0.2\fileHashes)" [_thread_blocked, id=12616, stack(0x000000ba08100000,0x000000ba08200000)]
  0x0000025a33efe800 JavaThread "File watcher server" daemon [_thread_in_native, id=16440, stack(0x000000ba08200000,0x000000ba08300000)]
  0x0000025a33f00000 JavaThread "File watcher consumer" daemon [_thread_blocked, id=10132, stack(0x000000ba08300000,0x000000ba08400000)]
  0x0000025a33f02800 JavaThread "Cache worker for checksums cache (D:\Mobile Projects\Project1\.gradle\checksums)" [_thread_blocked, id=16476, stack(0x000000ba08400000,0x000000ba08500000)]
  0x0000025a33f05000 JavaThread "Cache worker for cache directory md-supplier (C:\Users\Ilyich\.gradle\caches\7.0.2\md-supplier)" [_thread_blocked, id=10500, stack(0x000000ba08500000,0x000000ba08600000)]
  0x0000025a35a35000 JavaThread "Cache worker for cache directory md-rule (C:\Users\Ilyich\.gradle\caches\7.0.2\md-rule)" [_thread_blocked, id=2952, stack(0x000000ba08600000,0x000000ba08700000)]
  0x0000025a35a33800 JavaThread "Cache worker for execution history cache (C:\Users\Ilyich\.gradle\caches\7.0.2\executionHistory)" [_thread_blocked, id=15032, stack(0x000000ba08700000,0x000000ba08800000)]
  0x0000025a35a39000 JavaThread "jar transforms" [_thread_blocked, id=9288, stack(0x000000ba08800000,0x000000ba08900000)]
  0x0000025a35a38000 JavaThread "jar transforms Thread 2" [_thread_blocked, id=2120, stack(0x000000ba08900000,0x000000ba08a00000)]
  0x0000025a35a3a000 JavaThread "Cache worker for file content cache (C:\Users\Ilyich\.gradle\caches\7.0.2\fileContent)" [_thread_blocked, id=12072, stack(0x000000ba08a00000,0x000000ba08b00000)]
  0x0000025a35a3a800 JavaThread "Cache worker for dependencies-accessors (D:\Mobile Projects\Project1\.gradle\7.0.2\dependencies-accessors)" [_thread_blocked, id=12044, stack(0x000000ba08b00000,0x000000ba08c00000)]
  0x0000025a35a3b800 JavaThread "jar transforms Thread 3" [_thread_blocked, id=12812, stack(0x000000ba08c00000,0x000000ba08d00000)]
  0x0000025a35a35800 JavaThread "Cache worker for Build Output Cleanup Cache (D:\Mobile Projects\Project1\.gradle\buildOutputCleanup)" [_thread_blocked, id=3900, stack(0x000000ba08d00000,0x000000ba08e00000)]
  0x0000025a35a3c800 JavaThread "Build operations" [_thread_blocked, id=1888, stack(0x000000ba08e00000,0x000000ba08f00000)]
  0x0000025a35a3d000 JavaThread "Build operations Thread 2" [_thread_blocked, id=6776, stack(0x000000ba08f00000,0x000000ba09000000)]
  0x0000025a35a37800 JavaThread "Build operations Thread 3" [_thread_blocked, id=1276, stack(0x000000ba09000000,0x000000ba09100000)]
  0x0000025a35a3e000 JavaThread "Build operations Thread 4" [_thread_blocked, id=1900, stack(0x000000ba09100000,0x000000ba09200000)]
  0x0000025a35a40800 JavaThread "Build operations Thread 5" [_thread_blocked, id=16596, stack(0x000000ba09200000,0x000000ba09300000)]
  0x0000025a35a41000 JavaThread "Build operations Thread 6" [_thread_blocked, id=16584, stack(0x000000ba09300000,0x000000ba09400000)]
  0x0000025a35a3e800 JavaThread "jar transforms Thread 4" [_thread_blocked, id=9140, stack(0x000000ba09400000,0x000000ba09500000)]
  0x0000025a35a42000 JavaThread "jar transforms Thread 5" [_thread_blocked, id=5604, stack(0x000000ba09500000,0x000000ba09600000)]
  0x0000025a35a3f800 JavaThread "jar transforms Thread 6" [_thread_blocked, id=12160, stack(0x000000ba09600000,0x000000ba09700000)]

Other Threads:
  0x0000025a3133e800 VMThread "VM Thread" [stack: 0x000000ba06200000,0x000000ba06300000] [id=9876]
  0x0000025a31d47000 WatcherThread [stack: 0x000000ba06c00000,0x000000ba06d00000] [id=5144]
  0x0000025a172e6800 GCTaskThread "GC Thread#0" [stack: 0x000000ba05d00000,0x000000ba05e00000] [id=2700]
  0x0000025a32d96800 GCTaskThread "GC Thread#1" [stack: 0x000000ba06e00000,0x000000ba06f00000] [id=2592]
  0x0000025a32dc0000 GCTaskThread "GC Thread#2" [stack: 0x000000ba06f00000,0x000000ba07000000] [id=244]
  0x0000025a3211c000 GCTaskThread "GC Thread#3" [stack: 0x000000ba07000000,0x000000ba07100000] [id=13964]
  0x0000025a32537000 GCTaskThread "GC Thread#4" [stack: 0x000000ba07100000,0x000000ba07200000] [id=12644]
  0x0000025a32b1e800 GCTaskThread "GC Thread#5" [stack: 0x000000ba07200000,0x000000ba07300000] [id=13640]
  0x0000025a17318000 ConcurrentGCThread "G1 Main Marker" [stack: 0x000000ba05e00000,0x000000ba05f00000] [id=9584]
  0x0000025a1731a000 ConcurrentGCThread "G1 Conc#0" [stack: 0x000000ba05f00000,0x000000ba06000000] [id=13448]
  0x0000025a333a3800 ConcurrentGCThread "G1 Conc#1" [stack: 0x000000ba07e00000,0x000000ba07f00000] [id=17140]
  0x0000025a311ac800 ConcurrentGCThread "G1 Refine#0" [stack: 0x000000ba06000000,0x000000ba06100000] [id=9116]
  0x0000025a311ad800 ConcurrentGCThread "G1 Young RemSet Sampling" [stack: 0x000000ba06100000,0x000000ba06200000] [id=10780]

Threads with active compile tasks:
C2 CompilerThread0   6059 5475       4       org.objectweb.asm.SymbolTable::addConstantMemberReference (147 bytes)
C2 CompilerThread1   6059 5488       4       org.objectweb.asm.SymbolTable::addConstantUtf8Reference (101 bytes)

VM state:not at safepoint (normal execution)

VM Mutex/Monitor currently owned by a thread: None

Heap address: 0x0000000080000000, size: 2048 MB, Compressed Oops mode: 32-bit
Narrow klass base: 0x0000000000000000, Narrow klass shift: 3
Compressed class space size: 1073741824 Address: 0x0000000100000000

Heap:
 garbage-first heap   total 262144K, used 123374K [0x0000000080000000, 0x0000000100000000)
  region size 1024K, 103 young (105472K), 14 survivors (14336K)
 Metaspace       used 55290K, capacity 56697K, committed 56960K, reserved 1099776K
  class space    used 6993K, capacity 7503K, committed 7552K, reserved 1048576K
Heap Regions: E=young(eden), S=young(survivor), O=old, HS=humongous(starts), HC=humongous(continues), CS=collection set, F=free, A=archive, TAMS=top-at-mark-start (previous, next)
|   0|0x0000000080000000, 0x0000000080100000, 0x0000000080100000|100%| O|  |TAMS 0x0000000080100000, 0x0000000080000000| Untracked 
|   1|0x0000000080100000, 0x0000000080200000, 0x0000000080200000|100%| O|  |TAMS 0x0000000080200000, 0x0000000080100000| Untracked 
|   2|0x0000000080200000, 0x0000000080300000, 0x0000000080300000|100%| O|  |TAMS 0x0000000080300000, 0x0000000080200000| Untracked 
|   3|0x0000000080300000, 0x0000000080400000, 0x0000000080400000|100%|HS|  |TAMS 0x0000000080400000, 0x0000000080300000| Complete 
|   4|0x0000000080400000, 0x0000000080500000, 0x0000000080500000|100%|HC|  |TAMS 0x0000000080500000, 0x0000000080400000| Complete 
|   5|0x0000000080500000, 0x0000000080600000, 0x0000000080600000|100%|HC|  |TAMS 0x0000000080600000, 0x0000000080500000| Complete 
|   6|0x0000000080600000, 0x0000000080700000, 0x0000000080700000|100%| O|  |TAMS 0x0000000080700000, 0x0000000080600000| Untracked 
|   7|0x0000000080700000, 0x0000000080800000, 0x0000000080800000|100%| O|  |TAMS 0x0000000080800000, 0x0000000080700000| Untracked 
|   8|0x0000000080800000, 0x0000000080900000, 0x0000000080900000|100%| O|  |TAMS 0x0000000080900000, 0x0000000080800000| Untracked 
|   9|0x0000000080900000, 0x0000000080a00000, 0x0000000080a00000|100%| O|  |TAMS 0x0000000080a00000, 0x0000000080900000| Untracked 
|  10|0x0000000080a00000, 0x0000000080b00000, 0x0000000080b00000|100%| O|  |TAMS 0x0000000080b00000, 0x0000000080a00000| Untracked 
|  11|0x0000000080b00000, 0x0000000080c00000, 0x0000000080c00000|100%| O|  |TAMS 0x0000000080c00000, 0x0000000080b00000| Untracked 
|  12|0x0000000080c00000, 0x0000000080d00000, 0x0000000080d00000|100%| O|  |TAMS 0x0000000080d00000, 0x0000000080c00000| Untracked 
|  13|0x0000000080d00000, 0x0000000080e00000, 0x0000000080e00000|100%| O|  |TAMS 0x0000000080e00000, 0x0000000080d00000| Untracked 
|  14|0x0000000080e00000, 0x0000000080f00000, 0x0000000080f00000|100%| O|  |TAMS 0x0000000080f00000, 0x0000000080e00000| Untracked 
|  15|0x0000000080f00000, 0x0000000080f83a00, 0x0000000081000000| 51%| O|  |TAMS 0x0000000080f83a00, 0x0000000080f00000| Untracked 
|  16|0x0000000081000000, 0x0000000081100000, 0x0000000081100000|100%|HS|  |TAMS 0x0000000081000000, 0x0000000081000000| Complete 
|  17|0x0000000081100000, 0x0000000081200000, 0x0000000081200000|100%|HS|  |TAMS 0x0000000081100000, 0x0000000081100000| Complete 
|  18|0x0000000081200000, 0x0000000081300000, 0x0000000081300000|100%|HS|  |TAMS 0x0000000081200000, 0x0000000081200000| Complete 
|  19|0x0000000081300000, 0x0000000081400000, 0x0000000081400000|100%|HC|  |TAMS 0x0000000081300000, 0x0000000081300000| Complete 
|  20|0x0000000081400000, 0x0000000081400000, 0x0000000081500000|  0%| F|  |TAMS 0x0000000081400000, 0x0000000081400000| Untracked 
|  21|0x0000000081500000, 0x0000000081500000, 0x0000000081600000|  0%| F|  |TAMS 0x0000000081500000, 0x0000000081500000| Untracked 
|  22|0x0000000081600000, 0x0000000081600000, 0x0000000081700000|  0%| F|  |TAMS 0x0000000081600000, 0x0000000081600000| Untracked 
|  23|0x0000000081700000, 0x0000000081700000, 0x0000000081800000|  0%| F|  |TAMS 0x0000000081700000, 0x0000000081700000| Untracked 
|  24|0x0000000081800000, 0x0000000081800000, 0x0000000081900000|  0%| F|  |TAMS 0x0000000081800000, 0x0000000081800000| Untracked 
|  25|0x0000000081900000, 0x0000000081900000, 0x0000000081a00000|  0%| F|  |TAMS 0x0000000081900000, 0x0000000081900000| Untracked 
|  26|0x0000000081a00000, 0x0000000081a00000, 0x0000000081b00000|  0%| F|  |TAMS 0x0000000081a00000, 0x0000000081a00000| Untracked 
|  27|0x0000000081b00000, 0x0000000081b00000, 0x0000000081c00000|  0%| F|  |TAMS 0x0000000081b00000, 0x0000000081b00000| Untracked 
|  28|0x0000000081c00000, 0x0000000081c00000, 0x0000000081d00000|  0%| F|  |TAMS 0x0000000081c00000, 0x0000000081c00000| Untracked 
|  29|0x0000000081d00000, 0x0000000081d00000, 0x0000000081e00000|  0%| F|  |TAMS 0x0000000081d00000, 0x0000000081d00000| Untracked 
|  30|0x0000000081e00000, 0x0000000081e00000, 0x0000000081f00000|  0%| F|  |TAMS 0x0000000081e00000, 0x0000000081e00000| Untracked 
|  31|0x0000000081f00000, 0x0000000081f00000, 0x0000000082000000|  0%| F|  |TAMS 0x0000000081f00000, 0x0000000081f00000| Untracked 
|  32|0x0000000082000000, 0x0000000082000000, 0x0000000082100000|  0%| F|  |TAMS 0x0000000082000000, 0x0000000082000000| Untracked 
|  33|0x0000000082100000, 0x0000000082100000, 0x0000000082200000|  0%| F|  |TAMS 0x0000000082100000, 0x0000000082100000| Untracked 
|  34|0x0000000082200000, 0x0000000082200000, 0x0000000082300000|  0%| F|  |TAMS 0x0000000082200000, 0x0000000082200000| Untracked 
|  35|0x0000000082300000, 0x0000000082300000, 0x0000000082400000|  0%| F|  |TAMS 0x0000000082300000, 0x0000000082300000| Untracked 
|  36|0x0000000082400000, 0x0000000082400000, 0x0000000082500000|  0%| F|  |TAMS 0x0000000082400000, 0x0000000082400000| Untracked 
|  37|0x0000000082500000, 0x0000000082500000, 0x0000000082600000|  0%| F|  |TAMS 0x0000000082500000, 0x0000000082500000| Untracked 
|  38|0x0000000082600000, 0x0000000082600000, 0x0000000082700000|  0%| F|  |TAMS 0x0000000082600000, 0x0000000082600000| Untracked 
|  39|0x0000000082700000, 0x0000000082700000, 0x0000000082800000|  0%| F|  |TAMS 0x0000000082700000, 0x0000000082700000| Untracked 
|  40|0x0000000082800000, 0x0000000082800000, 0x0000000082900000|  0%| F|  |TAMS 0x0000000082800000, 0x0000000082800000| Untracked 
|  41|0x0000000082900000, 0x0000000082900000, 0x0000000082a00000|  0%| F|  |TAMS 0x0000000082900000, 0x0000000082900000| Untracked 
|  42|0x0000000082a00000, 0x0000000082a00000, 0x0000000082b00000|  0%| F|  |TAMS 0x0000000082a00000, 0x0000000082a00000| Untracked 
|  43|0x0000000082b00000, 0x0000000082b00000, 0x0000000082c00000|  0%| F|  |TAMS 0x0000000082b00000, 0x0000000082b00000| Untracked 
|  44|0x0000000082c00000, 0x0000000082c00000, 0x0000000082d00000|  0%| F|  |TAMS 0x0000000082c00000, 0x0000000082c00000| Untracked 
|  45|0x0000000082d00000, 0x0000000082d00000, 0x0000000082e00000|  0%| F|  |TAMS 0x0000000082d00000, 0x0000000082d00000| Untracked 
|  46|0x0000000082e00000, 0x0000000082e00000, 0x0000000082f00000|  0%| F|  |TAMS 0x0000000082e00000, 0x0000000082e00000| Untracked 
|  47|0x0000000082f00000, 0x0000000082f00000, 0x0000000083000000|  0%| F|  |TAMS 0x0000000082f00000, 0x0000000082f00000| Untracked 
|  48|0x0000000083000000, 0x0000000083000000, 0x0000000083100000|  0%| F|  |TAMS 0x0000000083000000, 0x0000000083000000| Untracked 
|  49|0x0000000083100000, 0x0000000083100000, 0x0000000083200000|  0%| F|  |TAMS 0x0000000083100000, 0x0000000083100000| Untracked 
|  50|0x0000000083200000, 0x0000000083200000, 0x0000000083300000|  0%| F|  |TAMS 0x0000000083200000, 0x0000000083200000| Untracked 
|  51|0x0000000083300000, 0x0000000083300000, 0x0000000083400000|  0%| F|  |TAMS 0x0000000083300000, 0x0000000083300000| Untracked 
|  52|0x0000000083400000, 0x0000000083400000, 0x0000000083500000|  0%| F|  |TAMS 0x0000000083400000, 0x0000000083400000| Untracked 
|  53|0x0000000083500000, 0x0000000083500000, 0x0000000083600000|  0%| F|  |TAMS 0x0000000083500000, 0x0000000083500000| Untracked 
|  54|0x0000000083600000, 0x0000000083600000, 0x0000000083700000|  0%| F|  |TAMS 0x0000000083600000, 0x0000000083600000| Untracked 
|  55|0x0000000083700000, 0x0000000083700000, 0x0000000083800000|  0%| F|  |TAMS 0x0000000083700000, 0x0000000083700000| Untracked 
|  56|0x0000000083800000, 0x0000000083800000, 0x0000000083900000|  0%| F|  |TAMS 0x0000000083800000, 0x0000000083800000| Untracked 
|  57|0x0000000083900000, 0x0000000083900000, 0x0000000083a00000|  0%| F|  |TAMS 0x0000000083900000, 0x0000000083900000| Untracked 
|  58|0x0000000083a00000, 0x0000000083a00000, 0x0000000083b00000|  0%| F|  |TAMS 0x0000000083a00000, 0x0000000083a00000| Untracked 
|  59|0x0000000083b00000, 0x0000000083b00000, 0x0000000083c00000|  0%| F|  |TAMS 0x0000000083b00000, 0x0000000083b00000| Untracked 
|  60|0x0000000083c00000, 0x0000000083c00000, 0x0000000083d00000|  0%| F|  |TAMS 0x0000000083c00000, 0x0000000083c00000| Untracked 
|  61|0x0000000083d00000, 0x0000000083d00000, 0x0000000083e00000|  0%| F|  |TAMS 0x0000000083d00000, 0x0000000083d00000| Untracked 
|  62|0x0000000083e00000, 0x0000000083e00000, 0x0000000083f00000|  0%| F|  |TAMS 0x0000000083e00000, 0x0000000083e00000| Untracked 
|  63|0x0000000083f00000, 0x0000000083f00000, 0x0000000084000000|  0%| F|  |TAMS 0x0000000083f00000, 0x0000000083f00000| Untracked 
|  64|0x0000000084000000, 0x0000000084000000, 0x0000000084100000|  0%| F|  |TAMS 0x0000000084000000, 0x0000000084000000| Untracked 
|  65|0x0000000084100000, 0x0000000084100000, 0x0000000084200000|  0%| F|  |TAMS 0x0000000084100000, 0x0000000084100000| Untracked 
|  66|0x0000000084200000, 0x0000000084200000, 0x0000000084300000|  0%| F|  |TAMS 0x0000000084200000, 0x0000000084200000| Untracked 
|  67|0x0000000084300000, 0x0000000084300000, 0x0000000084400000|  0%| F|  |TAMS 0x0000000084300000, 0x0000000084300000| Untracked 
|  68|0x0000000084400000, 0x0000000084400000, 0x0000000084500000|  0%| F|  |TAMS 0x0000000084400000, 0x0000000084400000| Untracked 
|  69|0x0000000084500000, 0x0000000084500000, 0x0000000084600000|  0%| F|  |TAMS 0x0000000084500000, 0x0000000084500000| Untracked 
|  70|0x0000000084600000, 0x0000000084600000, 0x0000000084700000|  0%| F|  |TAMS 0x0000000084600000, 0x0000000084600000| Untracked 
|  71|0x0000000084700000, 0x0000000084700000, 0x0000000084800000|  0%| F|  |TAMS 0x0000000084700000, 0x0000000084700000| Untracked 
|  72|0x0000000084800000, 0x0000000084800000, 0x0000000084900000|  0%| F|  |TAMS 0x0000000084800000, 0x0000000084800000| Untracked 
|  73|0x0000000084900000, 0x0000000084900000, 0x0000000084a00000|  0%| F|  |TAMS 0x0000000084900000, 0x0000000084900000| Untracked 
|  74|0x0000000084a00000, 0x0000000084a00000, 0x0000000084b00000|  0%| F|  |TAMS 0x0000000084a00000, 0x0000000084a00000| Untracked 
|  75|0x0000000084b00000, 0x0000000084b00000, 0x0000000084c00000|  0%| F|  |TAMS 0x0000000084b00000, 0x0000000084b00000| Untracked 
|  76|0x0000000084c00000, 0x0000000084c00000, 0x0000000084d00000|  0%| F|  |TAMS 0x0000000084c00000, 0x0000000084c00000| Untracked 
|  77|0x0000000084d00000, 0x0000000084d00000, 0x0000000084e00000|  0%| F|  |TAMS 0x0000000084d00000, 0x0000000084d00000| Untracked 
|  78|0x0000000084e00000, 0x0000000084e00000, 0x0000000084f00000|  0%| F|  |TAMS 0x0000000084e00000, 0x0000000084e00000| Untracked 
|  79|0x0000000084f00000, 0x0000000084f00000, 0x0000000085000000|  0%| F|  |TAMS 0x0000000084f00000, 0x0000000084f00000| Untracked 
|  80|0x0000000085000000, 0x0000000085000000, 0x0000000085100000|  0%| F|  |TAMS 0x0000000085000000, 0x0000000085000000| Untracked 
|  81|0x0000000085100000, 0x0000000085100000, 0x0000000085200000|  0%| F|  |TAMS 0x0000000085100000, 0x0000000085100000| Untracked 
|  82|0x0000000085200000, 0x0000000085200000, 0x0000000085300000|  0%| F|  |TAMS 0x0000000085200000, 0x0000000085200000| Untracked 
|  83|0x0000000085300000, 0x0000000085300000, 0x0000000085400000|  0%| F|  |TAMS 0x0000000085300000, 0x0000000085300000| Untracked 
|  84|0x0000000085400000, 0x0000000085400000, 0x0000000085500000|  0%| F|  |TAMS 0x0000000085400000, 0x0000000085400000| Untracked 
|  85|0x0000000085500000, 0x0000000085500000, 0x0000000085600000|  0%| F|  |TAMS 0x0000000085500000, 0x0000000085500000| Untracked 
|  86|0x0000000085600000, 0x0000000085600000, 0x0000000085700000|  0%| F|  |TAMS 0x0000000085600000, 0x0000000085600000| Untracked 
|  87|0x0000000085700000, 0x0000000085700000, 0x0000000085800000|  0%| F|  |TAMS 0x0000000085700000, 0x0000000085700000| Untracked 
|  88|0x0000000085800000, 0x0000000085800000, 0x0000000085900000|  0%| F|  |TAMS 0x0000000085800000, 0x0000000085800000| Untracked 
|  89|0x0000000085900000, 0x0000000085900000, 0x0000000085a00000|  0%| F|  |TAMS 0x0000000085900000, 0x0000000085900000| Untracked 
|  90|0x0000000085a00000, 0x0000000085a00000, 0x0000000085b00000|  0%| F|  |TAMS 0x0000000085a00000, 0x0000000085a00000| Untracked 
|  91|0x0000000085b00000, 0x0000000085b00000, 0x0000000085c00000|  0%| F|  |TAMS 0x0000000085b00000, 0x0000000085b00000| Untracked 
|  92|0x0000000085c00000, 0x0000000085c00000, 0x0000000085d00000|  0%| F|  |TAMS 0x0000000085c00000, 0x0000000085c00000| Untracked 
|  93|0x0000000085d00000, 0x0000000085d00000, 0x0000000085e00000|  0%| F|  |TAMS 0x0000000085d00000, 0x0000000085d00000| Untracked 
|  94|0x0000000085e00000, 0x0000000085e00000, 0x0000000085f00000|  0%| F|  |TAMS 0x0000000085e00000, 0x0000000085e00000| Untracked 
|  95|0x0000000085f00000, 0x0000000085f00000, 0x0000000086000000|  0%| F|  |TAMS 0x0000000085f00000, 0x0000000085f00000| Untracked 
|  96|0x0000000086000000, 0x0000000086000000, 0x0000000086100000|  0%| F|  |TAMS 0x0000000086000000, 0x0000000086000000| Untracked 
|  97|0x0000000086100000, 0x00000000861f7f80, 0x0000000086200000| 96%| S|CS|TAMS 0x0000000086100000, 0x0000000086100000| Complete 
|  98|0x0000000086200000, 0x0000000086300000, 0x0000000086300000|100%| S|CS|TAMS 0x0000000086200000, 0x0000000086200000| Complete 
|  99|0x0000000086300000, 0x0000000086400000, 0x0000000086400000|100%| S|CS|TAMS 0x0000000086300000, 0x0000000086300000| Complete 
| 100|0x0000000086400000, 0x0000000086500000, 0x0000000086500000|100%| S|CS|TAMS 0x0000000086400000, 0x0000000086400000| Complete 
| 101|0x0000000086500000, 0x0000000086600000, 0x0000000086600000|100%| S|CS|TAMS 0x0000000086500000, 0x0000000086500000| Complete 
| 102|0x0000000086600000, 0x0000000086700000, 0x0000000086700000|100%| S|CS|TAMS 0x0000000086600000, 0x0000000086600000| Complete 
| 103|0x0000000086700000, 0x0000000086800000, 0x0000000086800000|100%| S|CS|TAMS 0x0000000086700000, 0x0000000086700000| Complete 
| 104|0x0000000086800000, 0x0000000086900000, 0x0000000086900000|100%| S|CS|TAMS 0x0000000086800000, 0x0000000086800000| Complete 
| 105|0x0000000086900000, 0x0000000086a00000, 0x0000000086a00000|100%| S|CS|TAMS 0x0000000086900000, 0x0000000086900000| Complete 
| 106|0x0000000086a00000, 0x0000000086b00000, 0x0000000086b00000|100%| S|CS|TAMS 0x0000000086a00000, 0x0000000086a00000| Complete 
| 107|0x0000000086b00000, 0x0000000086c00000, 0x0000000086c00000|100%| S|CS|TAMS 0x0000000086b00000, 0x0000000086b00000| Complete 
| 108|0x0000000086c00000, 0x0000000086d00000, 0x0000000086d00000|100%| S|CS|TAMS 0x0000000086c00000, 0x0000000086c00000| Complete 
| 109|0x0000000086d00000, 0x0000000086e00000, 0x0000000086e00000|100%| S|CS|TAMS 0x0000000086d00000, 0x0000000086d00000| Complete 
| 110|0x0000000086e00000, 0x0000000086f00000, 0x0000000086f00000|100%| S|CS|TAMS 0x0000000086e00000, 0x0000000086e00000| Complete 
| 111|0x0000000086f00000, 0x0000000086f00000, 0x0000000087000000|  0%| F|  |TAMS 0x0000000086f00000, 0x0000000086f00000| Untracked 
| 112|0x0000000087000000, 0x0000000087000000, 0x0000000087100000|  0%| F|  |TAMS 0x0000000087000000, 0x0000000087000000| Untracked 
| 113|0x0000000087100000, 0x0000000087100000, 0x0000000087200000|  0%| F|  |TAMS 0x0000000087100000, 0x0000000087100000| Untracked 
| 114|0x0000000087200000, 0x0000000087200000, 0x0000000087300000|  0%| F|  |TAMS 0x0000000087200000, 0x0000000087200000| Untracked 
| 115|0x0000000087300000, 0x0000000087300000, 0x0000000087400000|  0%| F|  |TAMS 0x0000000087300000, 0x0000000087300000| Untracked 
| 116|0x0000000087400000, 0x0000000087400000, 0x0000000087500000|  0%| F|  |TAMS 0x0000000087400000, 0x0000000087400000| Untracked 
| 117|0x0000000087500000, 0x0000000087500000, 0x0000000087600000|  0%| F|  |TAMS 0x0000000087500000, 0x0000000087500000| Untracked 
| 118|0x0000000087600000, 0x0000000087600000, 0x0000000087700000|  0%| F|  |TAMS 0x0000000087600000, 0x0000000087600000| Untracked 
| 119|0x0000000087700000, 0x0000000087700000, 0x0000000087800000|  0%| F|  |TAMS 0x0000000087700000, 0x0000000087700000| Untracked 
| 120|0x0000000087800000, 0x0000000087800000, 0x0000000087900000|  0%| F|  |TAMS 0x0000000087800000, 0x0000000087800000| Untracked 
| 121|0x0000000087900000, 0x0000000087900000, 0x0000000087a00000|  0%| F|  |TAMS 0x0000000087900000, 0x0000000087900000| Untracked 
| 122|0x0000000087a00000, 0x0000000087a00000, 0x0000000087b00000|  0%| F|  |TAMS 0x0000000087a00000, 0x0000000087a00000| Untracked 
| 123|0x0000000087b00000, 0x0000000087b00000, 0x0000000087c00000|  0%| F|  |TAMS 0x0000000087b00000, 0x0000000087b00000| Untracked 
| 124|0x0000000087c00000, 0x0000000087c00000, 0x0000000087d00000|  0%| F|  |TAMS 0x0000000087c00000, 0x0000000087c00000| Untracked 
| 125|0x0000000087d00000, 0x0000000087d00000, 0x0000000087e00000|  0%| F|  |TAMS 0x0000000087d00000, 0x0000000087d00000| Untracked 
| 126|0x0000000087e00000, 0x0000000087e00000, 0x0000000087f00000|  0%| F|  |TAMS 0x0000000087e00000, 0x0000000087e00000| Untracked 
| 127|0x0000000087f00000, 0x0000000087f00000, 0x0000000088000000|  0%| F|  |TAMS 0x0000000087f00000, 0x0000000087f00000| Untracked 
| 128|0x0000000088000000, 0x0000000088000000, 0x0000000088100000|  0%| F|  |TAMS 0x0000000088000000, 0x0000000088000000| Untracked 
| 129|0x0000000088100000, 0x0000000088100000, 0x0000000088200000|  0%| F|  |TAMS 0x0000000088100000, 0x0000000088100000| Untracked 
| 130|0x0000000088200000, 0x0000000088200000, 0x0000000088300000|  0%| F|  |TAMS 0x0000000088200000, 0x0000000088200000| Untracked 
| 131|0x0000000088300000, 0x0000000088300000, 0x0000000088400000|  0%| F|  |TAMS 0x0000000088300000, 0x0000000088300000| Untracked 
| 132|0x0000000088400000, 0x0000000088400000, 0x0000000088500000|  0%| F|  |TAMS 0x0000000088400000, 0x0000000088400000| Untracked 
| 133|0x0000000088500000, 0x0000000088500000, 0x0000000088600000|  0%| F|  |TAMS 0x0000000088500000, 0x0000000088500000| Untracked 
| 134|0x0000000088600000, 0x0000000088600000, 0x0000000088700000|  0%| F|  |TAMS 0x0000000088600000, 0x0000000088600000| Untracked 
| 135|0x0000000088700000, 0x0000000088700000, 0x0000000088800000|  0%| F|  |TAMS 0x0000000088700000, 0x0000000088700000| Untracked 
| 136|0x0000000088800000, 0x0000000088800000, 0x0000000088900000|  0%| F|  |TAMS 0x0000000088800000, 0x0000000088800000| Untracked 
| 137|0x0000000088900000, 0x0000000088900000, 0x0000000088a00000|  0%| F|  |TAMS 0x0000000088900000, 0x0000000088900000| Untracked 
| 138|0x0000000088a00000, 0x0000000088a00000, 0x0000000088b00000|  0%| F|  |TAMS 0x0000000088a00000, 0x0000000088a00000| Untracked 
| 139|0x0000000088b00000, 0x0000000088b00000, 0x0000000088c00000|  0%| F|  |TAMS 0x0000000088b00000, 0x0000000088b00000| Untracked 
| 140|0x0000000088c00000, 0x0000000088c00000, 0x0000000088d00000|  0%| F|  |TAMS 0x0000000088c00000, 0x0000000088c00000| Untracked 
| 141|0x0000000088d00000, 0x0000000088d00000, 0x0000000088e00000|  0%| F|  |TAMS 0x0000000088d00000, 0x0000000088d00000| Untracked 
| 142|0x0000000088e00000, 0x0000000088e00000, 0x0000000088f00000|  0%| F|  |TAMS 0x0000000088e00000, 0x0000000088e00000| Untracked 
| 143|0x0000000088f00000, 0x0000000088f00000, 0x0000000089000000|  0%| F|  |TAMS 0x0000000088f00000, 0x0000000088f00000| Untracked 
| 144|0x0000000089000000, 0x0000000089000000, 0x0000000089100000|  0%| F|  |TAMS 0x0000000089000000, 0x0000000089000000| Untracked 
| 145|0x0000000089100000, 0x0000000089100000, 0x0000000089200000|  0%| F|  |TAMS 0x0000000089100000, 0x0000000089100000| Untracked 
| 146|0x0000000089200000, 0x0000000089200000, 0x0000000089300000|  0%| F|  |TAMS 0x0000000089200000, 0x0000000089200000| Untracked 
| 147|0x0000000089300000, 0x0000000089300000, 0x0000000089400000|  0%| F|  |TAMS 0x0000000089300000, 0x0000000089300000| Untracked 
| 148|0x0000000089400000, 0x0000000089400000, 0x0000000089500000|  0%| F|  |TAMS 0x0000000089400000, 0x0000000089400000| Untracked 
| 149|0x0000000089500000, 0x0000000089500000, 0x0000000089600000|  0%| F|  |TAMS 0x0000000089500000, 0x0000000089500000| Untracked 
| 150|0x0000000089600000, 0x0000000089600000, 0x0000000089700000|  0%| F|  |TAMS 0x0000000089600000, 0x0000000089600000| Untracked 
| 151|0x0000000089700000, 0x0000000089700000, 0x0000000089800000|  0%| F|  |TAMS 0x0000000089700000, 0x0000000089700000| Untracked 
| 152|0x0000000089800000, 0x0000000089800000, 0x0000000089900000|  0%| F|  |TAMS 0x0000000089800000, 0x0000000089800000| Untracked 
| 153|0x0000000089900000, 0x0000000089900000, 0x0000000089a00000|  0%| F|  |TAMS 0x0000000089900000, 0x0000000089900000| Untracked 
| 154|0x0000000089a00000, 0x0000000089a00000, 0x0000000089b00000|  0%| F|  |TAMS 0x0000000089a00000, 0x0000000089a00000| Untracked 
| 155|0x0000000089b00000, 0x0000000089b00000, 0x0000000089c00000|  0%| F|  |TAMS 0x0000000089b00000, 0x0000000089b00000| Untracked 
| 156|0x0000000089c00000, 0x0000000089c00000, 0x0000000089d00000|  0%| F|  |TAMS 0x0000000089c00000, 0x0000000089c00000| Untracked 
| 157|0x0000000089d00000, 0x0000000089d00000, 0x0000000089e00000|  0%| F|  |TAMS 0x0000000089d00000, 0x0000000089d00000| Untracked 
| 158|0x0000000089e00000, 0x0000000089e00000, 0x0000000089f00000|  0%| F|  |TAMS 0x0000000089e00000, 0x0000000089e00000| Untracked 
| 159|0x0000000089f00000, 0x0000000089f00000, 0x000000008a000000|  0%| F|  |TAMS 0x0000000089f00000, 0x0000000089f00000| Untracked 
| 160|0x000000008a000000, 0x000000008a000000, 0x000000008a100000|  0%| F|  |TAMS 0x000000008a000000, 0x000000008a000000| Untracked 
| 161|0x000000008a100000, 0x000000008a100000, 0x000000008a200000|  0%| F|  |TAMS 0x000000008a100000, 0x000000008a100000| Untracked 
| 162|0x000000008a200000, 0x000000008a200000, 0x000000008a300000|  0%| F|  |TAMS 0x000000008a200000, 0x000000008a200000| Untracked 
| 163|0x000000008a300000, 0x000000008a300000, 0x000000008a400000|  0%| F|  |TAMS 0x000000008a300000, 0x000000008a300000| Untracked 
| 164|0x000000008a400000, 0x000000008a400000, 0x000000008a500000|  0%| F|  |TAMS 0x000000008a400000, 0x000000008a400000| Untracked 
| 165|0x000000008a500000, 0x000000008a500000, 0x000000008a600000|  0%| F|  |TAMS 0x000000008a500000, 0x000000008a500000| Untracked 
| 166|0x000000008a600000, 0x000000008a600000, 0x000000008a700000|  0%| F|  |TAMS 0x000000008a600000, 0x000000008a600000| Untracked 
| 167|0x000000008a700000, 0x000000008a800000, 0x000000008a800000|100%| E|  |TAMS 0x000000008a700000, 0x000000008a700000| Complete 
| 168|0x000000008a800000, 0x000000008a900000, 0x000000008a900000|100%| E|CS|TAMS 0x000000008a800000, 0x000000008a800000| Complete 
| 169|0x000000008a900000, 0x000000008aa00000, 0x000000008aa00000|100%| E|CS|TAMS 0x000000008a900000, 0x000000008a900000| Complete 
| 170|0x000000008aa00000, 0x000000008ab00000, 0x000000008ab00000|100%| E|CS|TAMS 0x000000008aa00000, 0x000000008aa00000| Complete 
| 171|0x000000008ab00000, 0x000000008ac00000, 0x000000008ac00000|100%| E|CS|TAMS 0x000000008ab00000, 0x000000008ab00000| Complete 
| 172|0x000000008ac00000, 0x000000008ad00000, 0x000000008ad00000|100%| E|CS|TAMS 0x000000008ac00000, 0x000000008ac00000| Complete 
| 173|0x000000008ad00000, 0x000000008ae00000, 0x000000008ae00000|100%| E|CS|TAMS 0x000000008ad00000, 0x000000008ad00000| Complete 
| 174|0x000000008ae00000, 0x000000008af00000, 0x000000008af00000|100%| E|CS|TAMS 0x000000008ae00000, 0x000000008ae00000| Complete 
| 175|0x000000008af00000, 0x000000008b000000, 0x000000008b000000|100%| E|CS|TAMS 0x000000008af00000, 0x000000008af00000| Complete 
| 176|0x000000008b000000, 0x000000008b100000, 0x000000008b100000|100%| E|CS|TAMS 0x000000008b000000, 0x000000008b000000| Complete 
| 177|0x000000008b100000, 0x000000008b200000, 0x000000008b200000|100%| E|CS|TAMS 0x000000008b100000, 0x000000008b100000| Complete 
| 178|0x000000008b200000, 0x000000008b300000, 0x000000008b300000|100%| E|CS|TAMS 0x000000008b200000, 0x000000008b200000| Complete 
| 179|0x000000008b300000, 0x000000008b400000, 0x000000008b400000|100%| E|CS|TAMS 0x000000008b300000, 0x000000008b300000| Complete 
| 180|0x000000008b400000, 0x000000008b500000, 0x000000008b500000|100%| E|CS|TAMS 0x000000008b400000, 0x000000008b400000| Complete 
| 181|0x000000008b500000, 0x000000008b600000, 0x000000008b600000|100%| E|CS|TAMS 0x000000008b500000, 0x000000008b500000| Complete 
| 182|0x000000008b600000, 0x000000008b700000, 0x000000008b700000|100%| E|CS|TAMS 0x000000008b600000, 0x000000008b600000| Complete 
| 183|0x000000008b700000, 0x000000008b800000, 0x000000008b800000|100%| E|CS|TAMS 0x000000008b700000, 0x000000008b700000| Complete 
| 184|0x000000008b800000, 0x000000008b900000, 0x000000008b900000|100%| E|CS|TAMS 0x000000008b800000, 0x000000008b800000| Complete 
| 185|0x000000008b900000, 0x000000008ba00000, 0x000000008ba00000|100%| E|CS|TAMS 0x000000008b900000, 0x000000008b900000| Complete 
| 186|0x000000008ba00000, 0x000000008bb00000, 0x000000008bb00000|100%| E|CS|TAMS 0x000000008ba00000, 0x000000008ba00000| Complete 
| 187|0x000000008bb00000, 0x000000008bc00000, 0x000000008bc00000|100%| E|CS|TAMS 0x000000008bb00000, 0x000000008bb00000| Complete 
| 188|0x000000008bc00000, 0x000000008bd00000, 0x000000008bd00000|100%| E|CS|TAMS 0x000000008bc00000, 0x000000008bc00000| Complete 
| 189|0x000000008bd00000, 0x000000008be00000, 0x000000008be00000|100%| E|CS|TAMS 0x000000008bd00000, 0x000000008bd00000| Complete 
| 190|0x000000008be00000, 0x000000008bf00000, 0x000000008bf00000|100%| E|CS|TAMS 0x000000008be00000, 0x000000008be00000| Complete 
| 191|0x000000008bf00000, 0x000000008c000000, 0x000000008c000000|100%| E|CS|TAMS 0x000000008bf00000, 0x000000008bf00000| Complete 
| 192|0x000000008c000000, 0x000000008c100000, 0x000000008c100000|100%| E|CS|TAMS 0x000000008c000000, 0x000000008c000000| Complete 
| 193|0x000000008c100000, 0x000000008c200000, 0x000000008c200000|100%| E|CS|TAMS 0x000000008c100000, 0x000000008c100000| Complete 
| 194|0x000000008c200000, 0x000000008c300000, 0x000000008c300000|100%| E|CS|TAMS 0x000000008c200000, 0x000000008c200000| Complete 
| 195|0x000000008c300000, 0x000000008c400000, 0x000000008c400000|100%| E|CS|TAMS 0x000000008c300000, 0x000000008c300000| Complete 
| 196|0x000000008c400000, 0x000000008c500000, 0x000000008c500000|100%| E|CS|TAMS 0x000000008c400000, 0x000000008c400000| Complete 
| 197|0x000000008c500000, 0x000000008c600000, 0x000000008c600000|100%| E|CS|TAMS 0x000000008c500000, 0x000000008c500000| Complete 
| 198|0x000000008c600000, 0x000000008c700000, 0x000000008c700000|100%| E|CS|TAMS 0x000000008c600000, 0x000000008c600000| Complete 
| 199|0x000000008c700000, 0x000000008c800000, 0x000000008c800000|100%| E|CS|TAMS 0x000000008c700000, 0x000000008c700000| Complete 
| 200|0x000000008c800000, 0x000000008c900000, 0x000000008c900000|100%| E|CS|TAMS 0x000000008c800000, 0x000000008c800000| Complete 
| 201|0x000000008c900000, 0x000000008ca00000, 0x000000008ca00000|100%| E|CS|TAMS 0x000000008c900000, 0x000000008c900000| Complete 
| 202|0x000000008ca00000, 0x000000008cb00000, 0x000000008cb00000|100%| E|CS|TAMS 0x000000008ca00000, 0x000000008ca00000| Complete 
| 203|0x000000008cb00000, 0x000000008cc00000, 0x000000008cc00000|100%| E|CS|TAMS 0x000000008cb00000, 0x000000008cb00000| Complete 
| 204|0x000000008cc00000, 0x000000008cd00000, 0x000000008cd00000|100%| E|CS|TAMS 0x000000008cc00000, 0x000000008cc00000| Complete 
| 205|0x000000008cd00000, 0x000000008ce00000, 0x000000008ce00000|100%| E|CS|TAMS 0x000000008cd00000, 0x000000008cd00000| Complete 
| 206|0x000000008ce00000, 0x000000008cf00000, 0x000000008cf00000|100%| E|CS|TAMS 0x000000008ce00000, 0x000000008ce00000| Complete 
| 207|0x000000008cf00000, 0x000000008d000000, 0x000000008d000000|100%| E|CS|TAMS 0x000000008cf00000, 0x000000008cf00000| Complete 
| 208|0x000000008d000000, 0x000000008d100000, 0x000000008d100000|100%| E|CS|TAMS 0x000000008d000000, 0x000000008d000000| Complete 
| 209|0x000000008d100000, 0x000000008d200000, 0x000000008d200000|100%| E|CS|TAMS 0x000000008d100000, 0x000000008d100000| Complete 
| 210|0x000000008d200000, 0x000000008d300000, 0x000000008d300000|100%| E|CS|TAMS 0x000000008d200000, 0x000000008d200000| Complete 
| 211|0x000000008d300000, 0x000000008d400000, 0x000000008d400000|100%| E|CS|TAMS 0x000000008d300000, 0x000000008d300000| Complete 
| 212|0x000000008d400000, 0x000000008d500000, 0x000000008d500000|100%| E|CS|TAMS 0x000000008d400000, 0x000000008d400000| Complete 
| 213|0x000000008d500000, 0x000000008d600000, 0x000000008d600000|100%| E|CS|TAMS 0x000000008d500000, 0x000000008d500000| Complete 
| 214|0x000000008d600000, 0x000000008d700000, 0x000000008d700000|100%| E|CS|TAMS 0x000000008d600000, 0x000000008d600000| Complete 
| 215|0x000000008d700000, 0x000000008d800000, 0x000000008d800000|100%| E|CS|TAMS 0x000000008d700000, 0x000000008d700000| Complete 
| 216|0x000000008d800000, 0x000000008d900000, 0x000000008d900000|100%| E|CS|TAMS 0x000000008d800000, 0x000000008d800000| Complete 
| 217|0x000000008d900000, 0x000000008da00000, 0x000000008da00000|100%| E|CS|TAMS 0x000000008d900000, 0x000000008d900000| Complete 
| 218|0x000000008da00000, 0x000000008db00000, 0x000000008db00000|100%| E|CS|TAMS 0x000000008da00000, 0x000000008da00000| Complete 
| 219|0x000000008db00000, 0x000000008dc00000, 0x000000008dc00000|100%| E|CS|TAMS 0x000000008db00000, 0x000000008db00000| Complete 
| 220|0x000000008dc00000, 0x000000008dd00000, 0x000000008dd00000|100%| E|CS|TAMS 0x000000008dc00000, 0x000000008dc00000| Complete 
| 221|0x000000008dd00000, 0x000000008de00000, 0x000000008de00000|100%| E|CS|TAMS 0x000000008dd00000, 0x000000008dd00000| Complete 
| 222|0x000000008de00000, 0x000000008df00000, 0x000000008df00000|100%| E|CS|TAMS 0x000000008de00000, 0x000000008de00000| Complete 
| 223|0x000000008df00000, 0x000000008e000000, 0x000000008e000000|100%| E|CS|TAMS 0x000000008df00000, 0x000000008df00000| Complete 
| 224|0x000000008e000000, 0x000000008e100000, 0x000000008e100000|100%| E|CS|TAMS 0x000000008e000000, 0x000000008e000000| Complete 
| 225|0x000000008e100000, 0x000000008e200000, 0x000000008e200000|100%| E|CS|TAMS 0x000000008e100000, 0x000000008e100000| Complete 
| 226|0x000000008e200000, 0x000000008e300000, 0x000000008e300000|100%| E|CS|TAMS 0x000000008e200000, 0x000000008e200000| Complete 
| 227|0x000000008e300000, 0x000000008e400000, 0x000000008e400000|100%| E|CS|TAMS 0x000000008e300000, 0x000000008e300000| Complete 
| 228|0x000000008e400000, 0x000000008e500000, 0x000000008e500000|100%| E|  |TAMS 0x000000008e400000, 0x000000008e400000| Complete 
| 229|0x000000008e500000, 0x000000008e600000, 0x000000008e600000|100%| E|CS|TAMS 0x000000008e500000, 0x000000008e500000| Complete 
| 230|0x000000008e600000, 0x000000008e700000, 0x000000008e700000|100%| E|CS|TAMS 0x000000008e600000, 0x000000008e600000| Complete 
| 231|0x000000008e700000, 0x000000008e800000, 0x000000008e800000|100%| E|CS|TAMS 0x000000008e700000, 0x000000008e700000| Complete 
| 232|0x000000008e800000, 0x000000008e900000, 0x000000008e900000|100%| E|CS|TAMS 0x000000008e800000, 0x000000008e800000| Complete 
| 233|0x000000008e900000, 0x000000008ea00000, 0x000000008ea00000|100%| E|CS|TAMS 0x000000008e900000, 0x000000008e900000| Complete 
| 234|0x000000008ea00000, 0x000000008eb00000, 0x000000008eb00000|100%| E|CS|TAMS 0x000000008ea00000, 0x000000008ea00000| Complete 
| 235|0x000000008eb00000, 0x000000008ec00000, 0x000000008ec00000|100%| E|CS|TAMS 0x000000008eb00000, 0x000000008eb00000| Complete 
| 236|0x000000008ec00000, 0x000000008ed00000, 0x000000008ed00000|100%| E|CS|TAMS 0x000000008ec00000, 0x000000008ec00000| Complete 
| 237|0x000000008ed00000, 0x000000008ee00000, 0x000000008ee00000|100%| E|CS|TAMS 0x000000008ed00000, 0x000000008ed00000| Complete 
| 238|0x000000008ee00000, 0x000000008ef00000, 0x000000008ef00000|100%| E|CS|TAMS 0x000000008ee00000, 0x000000008ee00000| Complete 
| 239|0x000000008ef00000, 0x000000008f000000, 0x000000008f000000|100%| E|CS|TAMS 0x000000008ef00000, 0x000000008ef00000| Complete 
| 240|0x000000008f000000, 0x000000008f100000, 0x000000008f100000|100%| E|CS|TAMS 0x000000008f000000, 0x000000008f000000| Complete 
| 241|0x000000008f100000, 0x000000008f200000, 0x000000008f200000|100%| E|CS|TAMS 0x000000008f100000, 0x000000008f100000| Complete 
| 242|0x000000008f200000, 0x000000008f300000, 0x000000008f300000|100%| E|CS|TAMS 0x000000008f200000, 0x000000008f200000| Complete 
| 243|0x000000008f300000, 0x000000008f400000, 0x000000008f400000|100%| E|CS|TAMS 0x000000008f300000, 0x000000008f300000| Complete 
| 244|0x000000008f400000, 0x000000008f500000, 0x000000008f500000|100%| E|CS|TAMS 0x000000008f400000, 0x000000008f400000| Complete 
| 245|0x000000008f500000, 0x000000008f600000, 0x000000008f600000|100%| E|CS|TAMS 0x000000008f500000, 0x000000008f500000| Complete 
| 246|0x000000008f600000, 0x000000008f700000, 0x000000008f700000|100%| E|CS|TAMS 0x000000008f600000, 0x000000008f600000| Complete 
| 247|0x000000008f700000, 0x000000008f800000, 0x000000008f800000|100%| E|CS|TAMS 0x000000008f700000, 0x000000008f700000| Complete 
| 248|0x000000008f800000, 0x000000008f900000, 0x000000008f900000|100%| E|CS|TAMS 0x000000008f800000, 0x000000008f800000| Complete 
| 249|0x000000008f900000, 0x000000008fa00000, 0x000000008fa00000|100%| E|CS|TAMS 0x000000008f900000, 0x000000008f900000| Complete 
| 250|0x000000008fa00000, 0x000000008fb00000, 0x000000008fb00000|100%| E|CS|TAMS 0x000000008fa00000, 0x000000008fa00000| Complete 
| 251|0x000000008fb00000, 0x000000008fc00000, 0x000000008fc00000|100%| E|CS|TAMS 0x000000008fb00000, 0x000000008fb00000| Complete 
| 252|0x000000008fc00000, 0x000000008fd00000, 0x000000008fd00000|100%| E|CS|TAMS 0x000000008fc00000, 0x000000008fc00000| Complete 
| 253|0x000000008fd00000, 0x000000008fe00000, 0x000000008fe00000|100%| E|CS|TAMS 0x000000008fd00000, 0x000000008fd00000| Complete 
| 254|0x000000008fe00000, 0x000000008ff00000, 0x000000008ff00000|100%| E|CS|TAMS 0x000000008fe00000, 0x000000008fe00000| Complete 
| 255|0x000000008ff00000, 0x0000000090000000, 0x0000000090000000|100%| E|CS|TAMS 0x000000008ff00000, 0x000000008ff00000| Complete 

Card table byte_map: [0x0000025a2a2d0000,0x0000025a2a6d0000] _byte_map_base: 0x0000025a29ed0000

Marking Bits (Prev, Next): (CMBitMap*) 0x0000025a1730f628, (CMBitMap*) 0x0000025a1730f660
 Prev Bits: [0x0000025a2aad0000, 0x0000025a2cad0000)
 Next Bits: [0x0000025a2cad0000, 0x0000025a2ead0000)

Polling page: 0x0000025a15270000

Metaspace:

Usage:
  Non-class:     48.04 MB capacity,    47.17 MB ( 98%) used,   755.94 KB (  2%) free+waste,   140.44 KB ( <1%) overhead. 
      Class:      7.33 MB capacity,     6.83 MB ( 93%) used,   443.50 KB (  6%) free+waste,    66.50 KB ( <1%) overhead. 
       Both:     55.37 MB capacity,    53.99 MB ( 98%) used,     1.17 MB (  2%) free+waste,   206.94 KB ( <1%) overhead. 

Virtual space:
  Non-class space:       50.00 MB reserved,      48.25 MB ( 97%) committed 
      Class space:        1.00 GB reserved,       7.38 MB ( <1%) committed 
             Both:        1.05 GB reserved,      55.63 MB (  5%) committed 

Chunk freelists:
   Non-Class:  22.00 KB
       Class:  17.00 KB
        Both:  39.00 KB

MaxMetaspaceSize: 17179869184.00 GB
CompressedClassSpaceSize: 1.00 GB

CodeHeap 'non-profiled nmethods': size=120064Kb used=3011Kb max_used=3011Kb free=117052Kb
 bounds [0x0000025a22880000, 0x0000025a22b80000, 0x0000025a29dc0000]
CodeHeap 'profiled nmethods': size=120000Kb used=11571Kb max_used=11571Kb free=108428Kb
 bounds [0x0000025a1b350000, 0x0000025a1bea0000, 0x0000025a22880000]
CodeHeap 'non-nmethods': size=5696Kb used=2235Kb max_used=2256Kb free=3460Kb
 bounds [0x0000025a1adc0000, 0x0000025a1b030000, 0x0000025a1b350000]
 total_blobs=6301 nmethods=5486 adapters=726
 compilation: enabled
              stopped_count=0, restarted_count=0
 full_count=0

Compilation events (20 events):
Event: 5.949 Thread 0x0000025a34a3f800 nmethod 5478 0x0000025a22b6fb90 code [0x0000025a22b6fd80, 0x0000025a22b704b8]
Event: 6.019 Thread 0x0000025a31b8f000 5479       3       org.gradle.api.internal.provider.AbstractMinimalProvider::<init> (5 bytes)
Event: 6.019 Thread 0x0000025a31b8f000 nmethod 5479 0x0000025a1be96710 code [0x0000025a1be968c0, 0x0000025a1be96a18]
Event: 6.021 Thread 0x0000025a31b8f000 5480       3       com.google.common.collect.ImmutableMap::of (4 bytes)
Event: 6.021 Thread 0x0000025a31b8f000 nmethod 5480 0x0000025a1be96b10 code [0x0000025a1be96cc0, 0x0000025a1be96db8]
Event: 6.022 Thread 0x0000025a31b8f000 5481       3       com.google.common.reflect.TypeResolver::<init> (10 bytes)
Event: 6.022 Thread 0x0000025a31b8f000 nmethod 5481 0x0000025a1be96e90 code [0x0000025a1be97040, 0x0000025a1be971f8]
Event: 6.022 Thread 0x0000025a31b8f000 5482       3       org.gradle.internal.instantiation.generator.ParamsMatchingConstructorSelector::forParams (426 bytes)
Event: 6.023 Thread 0x0000025a31b8f000 nmethod 5482 0x0000025a1be97290 code [0x0000025a1be97780, 0x0000025a1be9a0c8]
Event: 6.023 Thread 0x0000025a31b8f000 5484   !   3       org.gradle.internal.event.DefaultListenerManager$EventBroadcast$ListenerDispatch::dispatch (55 bytes)
Event: 6.023 Thread 0x0000025a31b8f000 nmethod 5484 0x0000025a1be9ae10 code [0x0000025a1be9b060, 0x0000025a1be9b728]
Event: 6.023 Thread 0x0000025a31b8f000 5483       3       org.gradle.internal.instantiation.generator.ParamsMatchingConstructorSelector::vetoParameters (1 bytes)
Event: 6.023 Thread 0x0000025a31b8f000 nmethod 5483 0x0000025a1be9ba90 code [0x0000025a1be9bc40, 0x0000025a1be9bd38]
Event: 6.024 Thread 0x0000025a34a3f800 5485       4       org.objectweb.asm.Frame::merge (322 bytes)
Event: 6.025 Thread 0x0000025a31b8f000 5486       3       org.gradle.internal.instantiation.generator.AsmBackedClassGenerator::getServicesForNext (13 bytes)
Event: 6.025 Thread 0x0000025a31b8f000 nmethod 5486 0x0000025a1be9be10 code [0x0000025a1be9bfe0, 0x0000025a1be9c268]
Event: 6.026 Thread 0x0000025a34a3f800 nmethod 5485 0x0000025a22b70810 code [0x0000025a22b709c0, 0x0000025a22b70c08]
Event: 6.039 Thread 0x0000025a31b8f000 5487       3       kotlin.jvm.internal.Intrinsics::checkParameterIsNotNull (9 bytes)
Event: 6.040 Thread 0x0000025a31b8f000 nmethod 5487 0x0000025a1be9c390 code [0x0000025a1be9c5a0, 0x0000025a1be9ca78]
Event: 6.041 Thread 0x0000025a34a3f800 5488       4       org.objectweb.asm.SymbolTable::addConstantUtf8Reference (101 bytes)

GC Heap History (14 events):
Event: 0.609 GC heap before
{Heap before GC invocations=0 (full 0):
 garbage-first heap   total 262144K, used 27648K [0x0000000080000000, 0x0000000100000000)
  region size 1024K, 22 young (22528K), 0 survivors (0K)
 Metaspace       used 10013K, capacity 10275K, committed 10368K, reserved 1058816K
  class space    used 1034K, capacity 1106K, committed 1152K, reserved 1048576K
}
Event: 0.628 GC heap after
{Heap after GC invocations=1 (full 0):
 garbage-first heap   total 262144K, used 9396K [0x0000000080000000, 0x0000000100000000)
  region size 1024K, 3 young (3072K), 3 survivors (3072K)
 Metaspace       used 10013K, capacity 10275K, committed 10368K, reserved 1058816K
  class space    used 1034K, capacity 1106K, committed 1152K, reserved 1048576K
}
Event: 0.895 GC heap before
{Heap before GC invocations=1 (full 0):
 garbage-first heap   total 262144K, used 28852K [0x0000000080000000, 0x0000000100000000)
  region size 1024K, 22 young (22528K), 3 survivors (3072K)
 Metaspace       used 11123K, capacity 11454K, committed 11520K, reserved 1058816K
  class space    used 1164K, capacity 1243K, committed 1280K, reserved 1048576K
}
Event: 0.897 GC heap after
{Heap after GC invocations=2 (full 0):
 garbage-first heap   total 262144K, used 10027K [0x0000000080000000, 0x0000000100000000)
  region size 1024K, 1 young (1024K), 1 survivors (1024K)
 Metaspace       used 11123K, capacity 11454K, committed 11520K, reserved 1058816K
  class space    used 1164K, capacity 1243K, committed 1280K, reserved 1048576K
}
Event: 2.301 GC heap before
{Heap before GC invocations=2 (full 0):
 garbage-first heap   total 262144K, used 60203K [0x0000000080000000, 0x0000000100000000)
  region size 1024K, 50 young (51200K), 1 survivors (1024K)
 Metaspace       used 17378K, capacity 17839K, committed 18048K, reserved 1064960K
  class space    used 2013K, capacity 2171K, committed 2176K, reserved 1048576K
}
Event: 2.306 GC heap after
{Heap after GC invocations=3 (full 0):
 garbage-first heap   total 262144K, used 16079K [0x0000000080000000, 0x0000000100000000)
  region size 1024K, 7 young (7168K), 7 survivors (7168K)
 Metaspace       used 17378K, capacity 17839K, committed 18048K, reserved 1064960K
  class space    used 2013K, capacity 2171K, committed 2176K, reserved 1048576K
}
Event: 2.507 GC heap before
{Heap before GC invocations=3 (full 0):
 garbage-first heap   total 262144K, used 43727K [0x0000000080000000, 0x0000000100000000)
  region size 1024K, 35 young (35840K), 7 survivors (7168K)
 Metaspace       used 20593K, capacity 21104K, committed 21248K, reserved 1067008K
  class space    used 2504K, capacity 2690K, committed 2816K, reserved 1048576K
}
Event: 2.512 GC heap after
{Heap after GC invocations=4 (full 0):
 garbage-first heap   total 262144K, used 16998K [0x0000000080000000, 0x0000000100000000)
  region size 1024K, 2 young (2048K), 2 survivors (2048K)
 Metaspace       used 20593K, capacity 21104K, committed 21248K, reserved 1067008K
  class space    used 2504K, capacity 2690K, committed 2816K, reserved 1048576K
}
Event: 3.257 GC heap before
{Heap before GC invocations=5 (full 0):
 garbage-first heap   total 262144K, used 97894K [0x0000000080000000, 0x0000000100000000)
  region size 1024K, 81 young (82944K), 2 survivors (2048K)
 Metaspace       used 28316K, capacity 29066K, committed 29184K, reserved 1075200K
  class space    used 3763K, capacity 4030K, committed 4096K, reserved 1048576K
}
Event: 3.261 GC heap after
{Heap after GC invocations=6 (full 0):
 garbage-first heap   total 262144K, used 19453K [0x0000000080000000, 0x0000000100000000)
  region size 1024K, 4 young (4096K), 4 survivors (4096K)
 Metaspace       used 28316K, capacity 29066K, committed 29184K, reserved 1075200K
  class space    used 3763K, capacity 4030K, committed 4096K, reserved 1048576K
}
Event: 3.643 GC heap before
{Heap before GC invocations=6 (full 0):
 garbage-first heap   total 262144K, used 50173K [0x0000000080000000, 0x0000000100000000)
  region size 1024K, 35 young (35840K), 4 survivors (4096K)
 Metaspace       used 35057K, capacity 35806K, committed 35840K, reserved 1081344K
  class space    used 4539K, capacity 4832K, committed 4864K, reserved 1048576K
}
Event: 3.649 GC heap after
{Heap after GC invocations=7 (full 0):
 garbage-first heap   total 262144K, used 22233K [0x0000000080000000, 0x0000000100000000)
  region size 1024K, 7 young (7168K), 7 survivors (7168K)
 Metaspace       used 35057K, capacity 35806K, committed 35840K, reserved 1081344K
  class space    used 4539K, capacity 4832K, committed 4864K, reserved 1048576K
}
Event: 5.013 GC heap before
{Heap before GC invocations=8 (full 0):
 garbage-first heap   total 262144K, used 167641K [0x0000000080000000, 0x0000000100000000)
  region size 1024K, 145 young (148480K), 7 survivors (7168K)
 Metaspace       used 46083K, capacity 47290K, committed 47360K, reserved 1089536K
  class space    used 5898K, capacity 6346K, committed 6400K, reserved 1048576K
}
Event: 5.024 GC heap after
{Heap after GC invocations=9 (full 0):
 garbage-first heap   total 262144K, used 30190K [0x0000000080000000, 0x0000000100000000)
  region size 1024K, 14 young (14336K), 14 survivors (14336K)
 Metaspace       used 46083K, capacity 47290K, committed 47360K, reserved 1089536K
  class space    used 5898K, capacity 6346K, committed 6400K, reserved 1048576K
}

Deoptimization events (20 events):
Event: 5.687 Thread 0x0000025a34672000 Uncommon trap: trap_request=0xffffff4d fr.pc=0x0000025a229b49fc relative=0x000000000000061c
Event: 5.687 Thread 0x0000025a34672000 Uncommon trap: reason=unstable_if action=reinterpret pc=0x0000025a229b49fc method=java.lang.AbstractStringBuilder.appendChars(Ljava/lang/CharSequence;II)V @ 4 c2
Event: 5.687 Thread 0x0000025a34672000 DEOPT PACKING pc=0x0000025a229b49fc sp=0x000000ba078f7510
Event: 5.687 Thread 0x0000025a34672000 DEOPT UNPACKING pc=0x0000025a1ade78af sp=0x000000ba078f7460 mode 2
Event: 5.687 Thread 0x0000025a34672000 Uncommon trap: trap_request=0xffffff4d fr.pc=0x0000025a2295c914 relative=0x00000000000004b4
Event: 5.687 Thread 0x0000025a34672000 Uncommon trap: reason=unstable_if action=reinterpret pc=0x0000025a2295c914 method=java.lang.String.getBytes([BIB)V @ 5 c2
Event: 5.687 Thread 0x0000025a34672000 DEOPT PACKING pc=0x0000025a2295c914 sp=0x000000ba078f7530
Event: 5.687 Thread 0x0000025a34672000 DEOPT UNPACKING pc=0x0000025a1ade78af sp=0x000000ba078f7428 mode 2
Event: 5.687 Thread 0x0000025a34672000 Uncommon trap: trap_request=0xffffff4d fr.pc=0x0000025a228ad64c relative=0x000000000000022c
Event: 5.687 Thread 0x0000025a34672000 Uncommon trap: reason=unstable_if action=reinterpret pc=0x0000025a228ad64c method=java.lang.AbstractStringBuilder.isLatin1()Z @ 10 c2
Event: 5.687 Thread 0x0000025a34672000 DEOPT PACKING pc=0x0000025a228ad64c sp=0x000000ba078f74c0
Event: 5.687 Thread 0x0000025a34672000 DEOPT UNPACKING pc=0x0000025a1ade78af sp=0x000000ba078f7400 mode 2
Event: 5.901 Thread 0x0000025a34672000 Uncommon trap: trap_request=0xffffff4d fr.pc=0x0000025a22b36920 relative=0x0000000000000420
Event: 5.901 Thread 0x0000025a34672000 Uncommon trap: reason=unstable_if action=reinterpret pc=0x0000025a22b36920 method=org.gradle.internal.instantiation.generator.AbstractClassGenerator$InjectionAnnotationValidator.validateMethod(Ljava/lang/reflect/Method;Lorg/gradle/internal/reflect/Propert
Event: 5.901 Thread 0x0000025a34672000 DEOPT PACKING pc=0x0000025a22b36920 sp=0x000000ba078f8340
Event: 5.901 Thread 0x0000025a34672000 DEOPT UNPACKING pc=0x0000025a1ade78af sp=0x000000ba078f8308 mode 2
Event: 5.901 Thread 0x0000025a34672000 Uncommon trap: trap_request=0xffffff4d fr.pc=0x0000025a22b37700 relative=0x0000000000000460
Event: 5.901 Thread 0x0000025a34672000 Uncommon trap: reason=unstable_if action=reinterpret pc=0x0000025a22b37700 method=org.gradle.internal.instantiation.generator.AbstractClassGenerator$InjectionAnnotationValidator.validateMethod(Ljava/lang/reflect/Method;Lorg/gradle/internal/reflect/Propert
Event: 5.901 Thread 0x0000025a34672000 DEOPT PACKING pc=0x0000025a22b37700 sp=0x000000ba078f82a0
Event: 5.901 Thread 0x0000025a34672000 DEOPT UNPACKING pc=0x0000025a1ade78af sp=0x000000ba078f8260 mode 2

Classes redefined (0 events):
No events

Internal exceptions (20 events):
Event: 5.402 Thread 0x0000025a33f01000 Exception <a 'java/lang/NoSuchMethodError'{0x000000008ffa7e70}: <clinit>> (0x000000008ffa7e70) thrown at [./src/hotspot/share/prims/jni.cpp, line 1362]
Event: 5.402 Thread 0x0000025a33f01000 Exception <a 'java/lang/NoSuchMethodError'{0x000000008ffa8f80}: <clinit>> (0x000000008ffa8f80) thrown at [./src/hotspot/share/prims/jni.cpp, line 1362]
Event: 5.402 Thread 0x0000025a33f01000 Exception <a 'java/lang/NoSuchMethodError'{0x000000008ffaa288}: <clinit>> (0x000000008ffaa288) thrown at [./src/hotspot/share/prims/jni.cpp, line 1362]
Event: 5.402 Thread 0x0000025a33f01000 Exception <a 'java/lang/NoSuchMethodError'{0x000000008ffab2a8}: <clinit>> (0x000000008ffab2a8) thrown at [./src/hotspot/share/prims/jni.cpp, line 1362]
Event: 5.403 Thread 0x0000025a33f01000 Exception <a 'java/lang/NoSuchMethodError'{0x000000008ffb4e50}: <clinit>> (0x000000008ffb4e50) thrown at [./src/hotspot/share/prims/jni.cpp, line 1362]
Event: 5.403 Thread 0x0000025a33f01000 Exception <a 'java/lang/NoSuchMethodError'{0x000000008ffbf068}: <clinit>> (0x000000008ffbf068) thrown at [./src/hotspot/share/prims/jni.cpp, line 1362]
Event: 5.404 Thread 0x0000025a33f01000 Exception <a 'java/lang/NoSuchMethodError'{0x000000008da87878}: <clinit>> (0x000000008da87878) thrown at [./src/hotspot/share/prims/jni.cpp, line 1362]
Event: 5.416 Thread 0x0000025a34672000 Exception <a 'java/lang/ClassNotFoundException'{0x000000008daea3c8}: build_bk2wcd0uquct468ggem6my79BeanInfo> (0x000000008daea3c8) thrown at [./src/hotspot/share/classfile/systemDictionary.cpp, line 231]
Event: 5.416 Thread 0x0000025a34672000 Exception <a 'java/lang/ClassNotFoundException'{0x000000008daf52d0}: build_bk2wcd0uquct468ggem6my79Customizer> (0x000000008daf52d0) thrown at [./src/hotspot/share/classfile/systemDictionary.cpp, line 231]
Event: 5.422 Thread 0x0000025a34672000 Exception <a 'java/lang/ClassNotFoundException'{0x000000008d9758f8}: org/gradle/plugin/use/internal/PluginRequestCollector$PluginDependenciesSpecImplBeanInfo> (0x000000008d9758f8) thrown at [./src/hotspot/share/classfile/systemDictionary.cpp, line 231]
Event: 5.422 Thread 0x0000025a34672000 Exception <a 'java/lang/ClassNotFoundException'{0x000000008d9a3a30}: org/gradle/plugin/use/internal/PluginRequestCollector$PluginDependenciesSpecImplCustomizer> (0x000000008d9a3a30) thrown at [./src/hotspot/share/classfile/systemDictionary.cpp, line 231]
Event: 5.448 Thread 0x0000025a34672000 Exception <a 'java/lang/ClassNotFoundException'{0x000000008d621318}: org/gradle/api/internal/plugins/DefaultObjectConfigurationActionBeanInfo> (0x000000008d621318) thrown at [./src/hotspot/share/classfile/systemDictionary.cpp, line 231]
Event: 5.448 Thread 0x0000025a34672000 Exception <a 'java/lang/ClassNotFoundException'{0x000000008d6546b8}: org/gradle/api/internal/plugins/DefaultObjectConfigurationActionCustomizer> (0x000000008d6546b8) thrown at [./src/hotspot/share/classfile/systemDictionary.cpp, line 231]
Event: 5.545 Thread 0x0000025a34672000 Exception <a 'java/lang/NoSuchMethodError'{0x000000008cc1f430}: 'java.lang.Object java.lang.invoke.DirectMethodHandle$Holder.invokeStatic(java.lang.Object, java.lang.Object, java.lang.Object, java.lang.Object, int)'> (0x000000008cc1f430) thrown at [./src/hotspot/share/interpreter/linkResolver.cpp, line 773]
Event: 5.546 Thread 0x0000025a34672000 Exception <a 'java/lang/NoSuchMethodError'{0x000000008cc29dd8}: 'java.lang.Object java.lang.invoke.DirectMethodHandle$Holder.invokeSpecial(java.lang.Object, java.lang.Object, java.lang.Object, java.lang.Object, java.lang.Object, int)'> (0x000000008cc29dd8) thrown at [./src/hotspot/share/interpreter/linkResolver.cpp, line 773]
Event: 5.546 Thread 0x0000025a34672000 Exception <a 'java/lang/NoSuchMethodError'{0x000000008cc2e418}: 'java.lang.Object java.lang.invoke.Invokers$Holder.linkToTargetMethod(java.lang.Object, java.lang.Object, java.lang.Object, int, java.lang.Object)'> (0x000000008cc2e418) thrown at [./src/hotspot/share/interpreter/linkResolver.cpp, line 773]
Event: 5.582 Thread 0x0000025a34672000 Implicit null exception at 0x0000025a22b05590 to 0x0000025a22b05a38
Event: 5.722 Thread 0x0000025a34672000 Exception <a 'java/lang/NoSuchMethodError'{0x000000008beba730}: 'java.lang.Object java.lang.invoke.DirectMethodHandle$Holder.invokeSpecial(java.lang.Object, java.lang.Object, int, int, java.lang.Object, java.lang.Object, java.lang.Object)'> (0x000000008beba730) thrown at [./src/hotspot/share/interpreter/linkResolver.cpp, line 773]
Event: 5.722 Thread 0x0000025a34672000 Exception <a 'java/lang/NoSuchMethodError'{0x000000008bebecb0}: 'java.lang.Object java.lang.invoke.DelegatingMethodHandle$Holder.reinvoke_L(java.lang.Object, int, int, java.lang.Object, java.lang.Object, java.lang.Object)'> (0x000000008bebecb0) thrown at [./src/hotspot/share/interpreter/linkResolver.cpp, line 773]
Event: 5.887 Thread 0x0000025a34672000 Exception <a 'java/lang/NoSuchMethodError'{0x000000008b22a988}: 'int java.lang.invoke.DirectMethodHandle$Holder.invokeInterface(java.lang.Object, java.lang.Object, java.lang.Object, java.lang.Object)'> (0x000000008b22a988) thrown at [./src/hotspot/share/interpreter/linkResolver.cpp, line 773]

Events (20 events):
Event: 6.037 loading class org/gradle/configuration/internal/DefaultListenerBuildOperationDecorator$BuildOperationEmittingInvocationHandler
Event: 6.037 loading class org/gradle/configuration/internal/DefaultListenerBuildOperationDecorator$BuildOperationEmittingInvocationHandler done
Event: 6.038 loading class com/google/protobuf/Internal$EnumLiteMap
Event: 6.038 loading class com/google/protobuf/Internal$EnumLiteMap done
Event: 6.039 loading class com/google/wireless/android/sdk/stats/GradleBuildProfileSpan$ExecutionType$1
Event: 6.039 loading class com/google/wireless/android/sdk/stats/GradleBuildProfileSpan$ExecutionType$1 done
Event: 6.039 loading class com/android/build/gradle/internal/plugins/BasePlugin
Event: 6.039 loading class com/android/build/gradle/internal/plugins/BasePlugin done
Event: 6.039 loading class com/android/build/gradle/internal/services/StringCachingBuildService$RegistrationAction
Event: 6.039 loading class com/android/build/gradle/internal/services/StringCachingBuildService$RegistrationAction done
Event: 6.040 loading class com/android/build/gradle/internal/services/StringCachingBuildService
Event: 6.040 loading class com/android/build/gradle/internal/services/StringCachingBuildService done
Event: 6.040 loading class com/android/builder/internal/StringCachingService
Event: 6.040 loading class com/android/builder/internal/StringCachingService done
Event: 6.040 loading class com/android/build/gradle/internal/ide/dependencies/MavenCoordinatesCacheBuildService$RegistrationAction
Event: 6.040 loading class com/android/build/gradle/internal/ide/dependencies/MavenCoordinatesCacheBuildService$RegistrationAction done
Event: 6.040 loading class com/android/build/gradle/internal/ide/dependencies/MavenCoordinatesCacheBuildService
Event: 6.040 loading class com/android/build/gradle/internal/ide/dependencies/MavenCoordinatesCacheBuildService done
Event: 6.040 loading class com/android/build/gradle/internal/ide/dependencies/MavenCoordinatesCacheBuildService$Parameters
Event: 6.040 loading class com/android/build/gradle/internal/ide/dependencies/MavenCoordinatesCacheBuildService$Parameters done


Dynamic libraries:
0x00007ff7365a0000 - 0x00007ff7365aa000 	C:\Program Files\Android\Android Studio\jre\bin\java.exe
0x00007ffedfff0000 - 0x00007ffee01e5000 	C:\WINDOWS\SYSTEM32\ntdll.dll
0x00007ffede280000 - 0x00007ffede33e000 	C:\WINDOWS\System32\KERNEL32.DLL
0x00007ffedd8a0000 - 0x00007ffeddb69000 	C:\WINDOWS\System32\KERNELBASE.dll
0x00007ffeddc70000 - 0x00007ffeddd70000 	C:\WINDOWS\System32\ucrtbase.dll
0x00007ffed9d70000 - 0x00007ffed9d87000 	C:\Program Files\Android\Android Studio\jre\bin\VCRUNTIME140.dll
0x00007ffed9d50000 - 0x00007ffed9d69000 	C:\Program Files\Android\Android Studio\jre\bin\jli.dll
0x00007ffede3e0000 - 0x00007ffede581000 	C:\WINDOWS\System32\USER32.dll
0x00007ffedd7d0000 - 0x00007ffedd7f2000 	C:\WINDOWS\System32\win32u.dll
0x00007ffedeb70000 - 0x00007ffedeb9b000 	C:\WINDOWS\System32\GDI32.dll
0x00007ffed0ad0000 - 0x00007ffed0d6a000 	C:\WINDOWS\WinSxS\amd64_microsoft.windows.common-controls_6595b64144ccf1df_6.0.19041.1110_none_60b5254171f9507e\COMCTL32.dll
0x00007ffeddf00000 - 0x00007ffede00b000 	C:\WINDOWS\System32\gdi32full.dll
0x00007ffede340000 - 0x00007ffede3de000 	C:\WINDOWS\System32\msvcrt.dll
0x00007ffedd800000 - 0x00007ffedd89d000 	C:\WINDOWS\System32\msvcp_win.dll
0x00007ffede970000 - 0x00007ffede9a0000 	C:\WINDOWS\System32\IMM32.DLL
0x00007ffec9f60000 - 0x00007ffec9ffd000 	C:\Program Files\Android\Android Studio\jre\bin\msvcp140.dll
0x00007ffe7d270000 - 0x00007ffe7dd3f000 	C:\Program Files\Android\Android Studio\jre\bin\server\jvm.dll
0x00007ffedfed0000 - 0x00007ffedff7c000 	C:\WINDOWS\System32\ADVAPI32.dll
0x00007ffedead0000 - 0x00007ffedeb6b000 	C:\WINDOWS\System32\sechost.dll
0x00007ffede620000 - 0x00007ffede74a000 	C:\WINDOWS\System32\RPCRT4.dll
0x00007ffede750000 - 0x00007ffede758000 	C:\WINDOWS\System32\PSAPI.DLL
0x00007ffedabb0000 - 0x00007ffedabb9000 	C:\WINDOWS\SYSTEM32\WSOCK32.dll
0x00007ffede7e0000 - 0x00007ffede84b000 	C:\WINDOWS\System32\WS2_32.dll
0x00007ffed56b0000 - 0x00007ffed56ba000 	C:\WINDOWS\SYSTEM32\VERSION.dll
0x00007ffed4e30000 - 0x00007ffed4e57000 	C:\WINDOWS\SYSTEM32\WINMM.dll
0x00007ffedbf80000 - 0x00007ffedbf92000 	C:\WINDOWS\SYSTEM32\kernel.appcore.dll
0x00007ffed0990000 - 0x00007ffed09a1000 	C:\Program Files\Android\Android Studio\jre\bin\verify.dll
0x00007ffebe080000 - 0x00007ffebe264000 	C:\WINDOWS\SYSTEM32\DBGHELP.DLL
0x00007ffebe050000 - 0x00007ffebe07c000 	C:\WINDOWS\SYSTEM32\dbgcore.DLL
0x00007ffedd740000 - 0x00007ffedd7c3000 	C:\WINDOWS\System32\bcryptPrimitives.dll
0x00007ffebb950000 - 0x00007ffebb979000 	C:\Program Files\Android\Android Studio\jre\bin\java.dll
0x00007ffed9e30000 - 0x00007ffed9e3b000 	C:\Program Files\Android\Android Studio\jre\bin\jimage.dll
0x00007ffeca550000 - 0x00007ffeca568000 	C:\Program Files\Android\Android Studio\jre\bin\zip.dll
0x00007ffededb0000 - 0x00007ffedf4ef000 	C:\WINDOWS\System32\SHELL32.dll
0x00007ffedb5d0000 - 0x00007ffedbd60000 	C:\WINDOWS\SYSTEM32\windows.storage.dll
0x00007ffedfac0000 - 0x00007ffedfe15000 	C:\WINDOWS\System32\combase.dll
0x00007ffedd130000 - 0x00007ffedd15c000 	C:\WINDOWS\SYSTEM32\Wldp.dll
0x00007ffede1b0000 - 0x00007ffede25e000 	C:\WINDOWS\System32\SHCORE.dll
0x00007ffedeba0000 - 0x00007ffedebf5000 	C:\WINDOWS\System32\shlwapi.dll
0x00007ffedd620000 - 0x00007ffedd63f000 	C:\WINDOWS\SYSTEM32\profapi.dll
0x00007ffeba3a0000 - 0x00007ffeba3ba000 	C:\Program Files\Android\Android Studio\jre\bin\net.dll
0x00007ffed55a0000 - 0x00007ffed56a8000 	C:\WINDOWS\SYSTEM32\WINHTTP.dll
0x00007ffedce90000 - 0x00007ffedcefa000 	C:\WINDOWS\system32\mswsock.dll
0x00007ffeba380000 - 0x00007ffeba394000 	C:\Program Files\Android\Android Studio\jre\bin\nio.dll
0x00007ffea9290000 - 0x00007ffea92b7000 	C:\Users\Ilyich\.gradle\native\8bec1ad78214c89d9ad589b4d07fe93259594b29d510b10fafb7a158f7737e5d\windows-amd64\native-platform.dll
0x00007ffe7eea0000 - 0x00007ffe7efdd000 	C:\Users\Ilyich\.gradle\native\53dbd7edfb1c66fb8903c78663c9afc45aea4f116125fa6feffd364cf09443e8\windows-amd64\native-platform-file-events.dll
0x00007ffed9e10000 - 0x00007ffed9e1a000 	C:\Program Files\Android\Android Studio\jre\bin\management.dll
0x00007ffed0980000 - 0x00007ffed098c000 	C:\Program Files\Android\Android Studio\jre\bin\management_ext.dll
0x00007ffedd080000 - 0x00007ffedd098000 	C:\WINDOWS\SYSTEM32\CRYPTSP.dll
0x00007ffedc7a0000 - 0x00007ffedc7d4000 	C:\WINDOWS\system32\rsaenh.dll
0x00007ffedded0000 - 0x00007ffeddef7000 	C:\WINDOWS\System32\bcrypt.dll
0x00007ffedd5e0000 - 0x00007ffedd60e000 	C:\WINDOWS\SYSTEM32\USERENV.dll
0x00007ffedd0a0000 - 0x00007ffedd0ac000 	C:\WINDOWS\SYSTEM32\CRYPTBASE.dll
0x00007ffedcb30000 - 0x00007ffedcb6b000 	C:\WINDOWS\SYSTEM32\IPHLPAPI.DLL
0x00007ffedfab0000 - 0x00007ffedfab8000 	C:\WINDOWS\System32\NSI.dll
0x00007ffed7070000 - 0x00007ffed7087000 	C:\WINDOWS\SYSTEM32\dhcpcsvc6.DLL
0x00007ffed7050000 - 0x00007ffed706d000 	C:\WINDOWS\SYSTEM32\dhcpcsvc.DLL
0x00007ffedcb80000 - 0x00007ffedcc4c000 	C:\WINDOWS\SYSTEM32\DNSAPI.dll

dbghelp: loaded successfully - version: 4.0.5 - missing functions: none
symbol engine: initialized successfully - sym options: 0x614 - pdb path: .;C:\Program Files\Android\Android Studio\jre\bin;C:\WINDOWS\SYSTEM32;C:\WINDOWS\WinSxS\amd64_microsoft.windows.common-controls_6595b64144ccf1df_6.0.19041.1110_none_60b5254171f9507e;C:\Program Files\Android\Android Studio\jre\bin\server;C:\Users\Ilyich\.gradle\native\8bec1ad78214c89d9ad589b4d07fe93259594b29d510b10fafb7a158f7737e5d\windows-amd64;C:\Users\Ilyich\.gradle\native\53dbd7edfb1c66fb8903c78663c9afc45aea4f116125fa6feffd364cf09443e8\windows-amd64

VM Arguments:
jvm_args: --add-opens=java.base/java.util=ALL-UNNAMED --add-opens=java.base/java.lang=ALL-UNNAMED --add-opens=java.base/java.lang.invoke=ALL-UNNAMED --add-opens=java.base/java.util=ALL-UNNAMED --add-opens=java.prefs/java.util.prefs=ALL-UNNAMED --add-opens=java.prefs/java.util.prefs=ALL-UNNAMED --add-opens=java.base/java.nio.charset=ALL-UNNAMED --add-opens=java.base/java.net=ALL-UNNAMED --add-opens=java.base/java.util.concurrent.atomic=ALL-UNNAMED -Xmx2048m -Dfile.encoding=UTF-8 -Duser.country=RU -Duser.language=ru -Duser.variant 
java_command: org.gradle.launcher.daemon.bootstrap.GradleDaemon 7.0.2
java_class_path (initial): C:\Users\Ilyich\.gradle\wrapper\dists\gradle-7.0.2-bin\857tjihv64xamwrf0h14cai3r\gradle-7.0.2\lib\gradle-launcher-7.0.2.jar
Launcher Type: SUN_STANDARD

[Global flags]
     intx CICompilerCount                          = 3                                         {product} {ergonomic}
     uint ConcGCThreads                            = 2                                         {product} {ergonomic}
     uint G1ConcRefinementThreads                  = 6                                         {product} {ergonomic}
   size_t G1HeapRegionSize                         = 1048576                                   {product} {ergonomic}
    uintx GCDrainStackTargetSize                   = 64                                        {product} {ergonomic}
   size_t InitialHeapSize                          = 268435456                                 {product} {ergonomic}
   size_t MarkStackSize                            = 4194304                                   {product} {ergonomic}
   size_t MaxHeapSize                              = 2147483648                                {product} {command line}
   size_t MaxNewSize                               = 1287651328                                {product} {ergonomic}
   size_t MinHeapDeltaBytes                        = 1048576                                   {product} {ergonomic}
    uintx NonNMethodCodeHeapSize                   = 5830732                                {pd product} {ergonomic}
    uintx NonProfiledCodeHeapSize                  = 122913754                              {pd product} {ergonomic}
    uintx ProfiledCodeHeapSize                     = 122913754                              {pd product} {ergonomic}
    uintx ReservedCodeCacheSize                    = 251658240                              {pd product} {ergonomic}
     bool SegmentedCodeCache                       = true                                      {product} {ergonomic}
     bool UseCompressedClassPointers               = true                                 {lp64_product} {ergonomic}
     bool UseCompressedOops                        = true                                 {lp64_product} {ergonomic}
     bool UseG1GC                                  = true                                      {product} {ergonomic}
     bool UseLargePagesIndividualAllocation        = false                                  {pd product} {ergonomic}

Logging:
Log output configuration:
 #0: stdout all=warning uptime,level,tags
 #1: stderr all=off uptime,level,tags

Environment Variables:
PATH=C:\Program Files\Common Files\Oracle\Java\javapath;C:\Program Files (x86)\Common Files\Oracle\Java\javapath;C:\WINDOWS\system32;C:\WINDOWS;C:\WINDOWS\System32\Wbem;C:\WINDOWS\System32\WindowsPowerShell\v1.0\;C:\WINDOWS\System32\OpenSSH\;C:\Program Files (x86)\NVIDIA Corporation\PhysX\Common;C:\Program Files\NVIDIA Corporation\NVIDIA NvDLISR;C:\Program Files\Microsoft SQL Server\130\Tools\Binn\;C:\Program Files\Microsoft SQL Server\Client SDK\ODBC\170\Tools\Binn\;C:\WINDOWS\system32;C:\WINDOWS;C:\WINDOWS\System32\Wbem;C:\WINDOWS\System32\WindowsPowerShell\v1.0\;C:\WINDOWS\System32\OpenSSH\;C:\Program Files\dotnet\;C:\Program Files (x86)\Microsoft SQL Server\Client SDK\ODBC\130\Tools\Binn\;C:\Program Files (x86)\Microsoft SQL Server\140\Tools\Binn\;C:\Program Files (x86)\Microsoft SQL Server\140\DTS\Binn\;C:\Program Files (x86)\Microsoft SQL Server\140\Tools\Binn\ManagementStudio\;C:\Program Files\Microsoft SQL Server\Client SDK\ODBC\130\Tools\Binn\;C:\Program Files\Microsoft SQL Server\140\Tools\Binn\;C:\Program Files\Microsoft SQL Server\140\DTS\Binn\;C:\Program Files (x86)\dotnet\;C:\Users\Ilyich\AppData\Local\Microsoft\WindowsApps;C:\Users\Ilyich\AppData\Local\Programs\Microsoft VS Code\bin;C:\Users\Ilyich\.dotnet\tools
USERNAME=Ilyich
OS=Windows_NT
PROCESSOR_IDENTIFIER=AMD64 Family 23 Model 113 Stepping 0, AuthenticAMD



---------------  S Y S T E M  ---------------

OS: Windows 10 , 64 bit Build 19041 (10.0.19041.1202)
OS uptime: 0 days 7:23 hours

CPU:total 6 (initial active 6) (6 cores per cpu, 1 threads per core) family 23 model 113 stepping 0 microcode 0x0, cmov, cx8, fxsr, mmx, sse, sse2, sse3, ssse3, sse4.1, sse4.2, popcnt, avx, avx2, aes, clmul, mmxext, 3dnowpref, lzcnt, sse4a, tsc, tscinvbit, tscinv, bmi1, bmi2, adx, sha,

Memory: 4k page, system-wide physical 16330M (4434M free)
TotalPageFile size 16330M (AvailPageFile size 5M)
current process WorkingSet (physical memory assigned to process): 353M, peak: 356M
current process commit charge ("private bytes"): 465M, peak: 467M

vm_info: OpenJDK 64-Bit Server VM (11.0.10+0-b96-7249189) for windows-amd64 JRE (11.0.10+0-b96-7249189), built on Mar 31 2021 21:44:00 by "builder" with MS VC++ 14.0 (VS2015)

END.
